[0.055s] Invoking command in '/home/dongxu/ros2_ws/src/build/examples_rclcpp_cbg_executor': CMAKE_PREFIX_PATH=/opt/ros/humble /usr/bin/cmake --build /home/dongxu/ros2_ws/src/build/examples_rclcpp_cbg_executor -- -j16 -l16
[1.070s] [ 40%] Built target ping_pong
[1.070s] [ 70%] Built target ping
[1.070s] [100%] Built target pong
[1.104s] Invoked command in '/home/dongxu/ros2_ws/src/build/examples_rclcpp_cbg_executor' returned '0': CMAKE_PREFIX_PATH=/opt/ros/humble /usr/bin/cmake --build /home/dongxu/ros2_ws/src/build/examples_rclcpp_cbg_executor -- -j16 -l16
[1.107s] Invoking command in '/home/dongxu/ros2_ws/src/build/examples_rclcpp_cbg_executor': CMAKE_PREFIX_PATH=/opt/ros/humble /usr/bin/cmake --install /home/dongxu/ros2_ws/src/build/examples_rclcpp_cbg_executor
[1.155s] -- Install configuration: ""
[1.155s] -- Execute custom install script
[1.155s] -- Up-to-date symlink: /home/dongxu/ros2_ws/src/install/examples_rclcpp_cbg_executor/lib/examples_rclcpp_cbg_executor/ping
[1.155s] -- Up-to-date symlink: /home/dongxu/ros2_ws/src/install/examples_rclcpp_cbg_executor/lib/examples_rclcpp_cbg_executor/pong
[1.155s] -- Up-to-date symlink: /home/dongxu/ros2_ws/src/install/examples_rclcpp_cbg_executor/lib/examples_rclcpp_cbg_executor/ping_pong
[1.155s] -- Up-to-date symlink: /home/dongxu/ros2_ws/src/install/examples_rclcpp_cbg_executor/include/examples_rclcpp_cbg_executor/ping_node.hpp
[1.156s] -- Up-to-date symlink: /home/dongxu/ros2_ws/src/install/examples_rclcpp_cbg_executor/include/examples_rclcpp_cbg_executor/pong_node.hpp
[1.156s] -- Up-to-date symlink: /home/dongxu/ros2_ws/src/install/examples_rclcpp_cbg_executor/share/ament_index/resource_index/package_run_dependencies/examples_rclcpp_cbg_executor
[1.156s] -- Up-to-date symlink: /home/dongxu/ros2_ws/src/install/examples_rclcpp_cbg_executor/share/ament_index/resource_index/parent_prefix_path/examples_rclcpp_cbg_executor
[1.156s] -- Up-to-date symlink: /home/dongxu/ros2_ws/src/install/examples_rclcpp_cbg_executor/share/examples_rclcpp_cbg_executor/environment/ament_prefix_path.sh
[1.156s] -- Up-to-date symlink: /home/dongxu/ros2_ws/src/install/examples_rclcpp_cbg_executor/share/examples_rclcpp_cbg_executor/environment/ament_prefix_path.dsv
[1.156s] -- Up-to-date symlink: /home/dongxu/ros2_ws/src/install/examples_rclcpp_cbg_executor/share/examples_rclcpp_cbg_executor/environment/path.sh
[1.156s] -- Up-to-date symlink: /home/dongxu/ros2_ws/src/install/examples_rclcpp_cbg_executor/share/examples_rclcpp_cbg_executor/environment/path.dsv
[1.156s] -- Up-to-date symlink: /home/dongxu/ros2_ws/src/install/examples_rclcpp_cbg_executor/share/examples_rclcpp_cbg_executor/local_setup.bash
[1.156s] -- Up-to-date symlink: /home/dongxu/ros2_ws/src/install/examples_rclcpp_cbg_executor/share/examples_rclcpp_cbg_executor/local_setup.sh
[1.157s] -- Up-to-date symlink: /home/dongxu/ros2_ws/src/install/examples_rclcpp_cbg_executor/share/examples_rclcpp_cbg_executor/local_setup.zsh
[1.157s] -- Up-to-date symlink: /home/dongxu/ros2_ws/src/install/examples_rclcpp_cbg_executor/share/examples_rclcpp_cbg_executor/local_setup.dsv
[1.157s] -- Symlinking: /home/dongxu/ros2_ws/src/install/examples_rclcpp_cbg_executor/share/examples_rclcpp_cbg_executor/package.dsv
[1.157s] -- Up-to-date symlink: /home/dongxu/ros2_ws/src/install/examples_rclcpp_cbg_executor/share/ament_index/resource_index/packages/examples_rclcpp_cbg_executor
[1.157s] -- Up-to-date symlink: /home/dongxu/ros2_ws/src/install/examples_rclcpp_cbg_executor/share/examples_rclcpp_cbg_executor/cmake/ament_cmake_export_dependencies-extras.cmake
[1.157s] -- Up-to-date symlink: /home/dongxu/ros2_ws/src/install/examples_rclcpp_cbg_executor/share/examples_rclcpp_cbg_executor/cmake/examples_rclcpp_cbg_executorConfig.cmake
[1.159s] -- Up-to-date symlink: /home/dongxu/ros2_ws/src/install/examples_rclcpp_cbg_executor/share/examples_rclcpp_cbg_executor/cmake/examples_rclcpp_cbg_executorConfig-version.cmake
[1.159s] -- Up-to-date symlink: /home/dongxu/ros2_ws/src/install/examples_rclcpp_cbg_executor/share/examples_rclcpp_cbg_executor/package.xml
[1.296s] Invoked command in '/home/dongxu/ros2_ws/src/build/examples_rclcpp_cbg_executor' returned '0': CMAKE_PREFIX_PATH=/opt/ros/humble /usr/bin/cmake --install /home/dongxu/ros2_ws/src/build/examples_rclcpp_cbg_executor
