[3.696s] Invoking command in '/home/dongxu/ros2_ws/src/examples/rclpy/guard_conditions': PYTHONPATH=/home/dongxu/ros2_ws/src/build/examples_rclpy_guard_conditions/prefix_override:/usr/lib/python3/dist-packages/colcon_core/task/python/colcon_distutils_commands:/home/dongxu/ros2_ws/src/install/examples_rclpy_guard_conditions/lib/python3.10/site-packages:${PYTHONPATH} /usr/bin/python3 -W ignore:setup.py install is deprecated -W ignore:easy_install command is deprecated setup.py egg_info --egg-base ../../../build/examples_rclpy_guard_conditions build --build-base /home/dongxu/ros2_ws/src/build/examples_rclpy_guard_conditions/build install --record /home/dongxu/ros2_ws/src/build/examples_rclpy_guard_conditions/install.log --single-version-externally-managed install_data
[4.347s] running egg_info
[4.381s] writing ../../../build/examples_rclpy_guard_conditions/examples_rclpy_guard_conditions.egg-info/PKG-INFO
[4.382s] writing dependency_links to ../../../build/examples_rclpy_guard_conditions/examples_rclpy_guard_conditions.egg-info/dependency_links.txt
[4.383s] writing entry points to ../../../build/examples_rclpy_guard_conditions/examples_rclpy_guard_conditions.egg-info/entry_points.txt
[4.383s] writing requirements to ../../../build/examples_rclpy_guard_conditions/examples_rclpy_guard_conditions.egg-info/requires.txt
[4.384s] writing top-level names to ../../../build/examples_rclpy_guard_conditions/examples_rclpy_guard_conditions.egg-info/top_level.txt
[4.429s] reading manifest file '../../../build/examples_rclpy_guard_conditions/examples_rclpy_guard_conditions.egg-info/SOURCES.txt'
[4.432s] writing manifest file '../../../build/examples_rclpy_guard_conditions/examples_rclpy_guard_conditions.egg-info/SOURCES.txt'
[4.432s] running build
[4.433s] running build_py
[4.433s] running install
[4.438s] running install_lib
[4.465s] running install_data
[4.465s] running install_egg_info
[4.494s] removing '/home/dongxu/ros2_ws/src/install/examples_rclpy_guard_conditions/lib/python3.10/site-packages/examples_rclpy_guard_conditions-0.15.4-py3.10.egg-info' (and everything under it)
[4.495s] Copying ../../../build/examples_rclpy_guard_conditions/examples_rclpy_guard_conditions.egg-info to /home/dongxu/ros2_ws/src/install/examples_rclpy_guard_conditions/lib/python3.10/site-packages/examples_rclpy_guard_conditions-0.15.4-py3.10.egg-info
[4.497s] running install_scripts
[4.590s] Installing trigger_guard_condition script to /home/dongxu/ros2_ws/src/install/examples_rclpy_guard_conditions/lib/examples_rclpy_guard_conditions
[4.591s] writing list of installed files to '/home/dongxu/ros2_ws/src/build/examples_rclpy_guard_conditions/install.log'
