[0.049s] Invoking command in '/home/dongxu/ros2_ws/src/build/examples_rclcpp_multithreaded_executor': CMAKE_PREFIX_PATH=/home/dongxu/ros2_ws/src/sutd_ws/install/sutd_ws:/opt/ros/humble /usr/bin/cmake --build /home/dongxu/ros2_ws/src/build/examples_rclcpp_multithreaded_executor -- -j16 -l16
[1.032s] [100%] Built target multithreaded_executor
[1.052s] Invoked command in '/home/dongxu/ros2_ws/src/build/examples_rclcpp_multithreaded_executor' returned '0': CMAKE_PREFIX_PATH=/home/dongxu/ros2_ws/src/sutd_ws/install/sutd_ws:/opt/ros/humble /usr/bin/cmake --build /home/dongxu/ros2_ws/src/build/examples_rclcpp_multithreaded_executor -- -j16 -l16
[1.057s] Invoking command in '/home/dongxu/ros2_ws/src/build/examples_rclcpp_multithreaded_executor': CMAKE_PREFIX_PATH=/home/dongxu/ros2_ws/src/sutd_ws/install/sutd_ws:/opt/ros/humble /usr/bin/cmake --install /home/dongxu/ros2_ws/src/build/examples_rclcpp_multithreaded_executor
[1.089s] -- Install configuration: ""
[1.089s] -- Execute custom install script
[1.089s] -- Up-to-date symlink: /home/dongxu/ros2_ws/src/install/examples_rclcpp_multithreaded_executor/lib/examples_rclcpp_multithreaded_executor/multithreaded_executor
[1.089s] -- Up-to-date symlink: /home/dongxu/ros2_ws/src/install/examples_rclcpp_multithreaded_executor/share/ament_index/resource_index/package_run_dependencies/examples_rclcpp_multithreaded_executor
[1.089s] -- Up-to-date symlink: /home/dongxu/ros2_ws/src/install/examples_rclcpp_multithreaded_executor/share/ament_index/resource_index/parent_prefix_path/examples_rclcpp_multithreaded_executor
[1.089s] -- Up-to-date symlink: /home/dongxu/ros2_ws/src/install/examples_rclcpp_multithreaded_executor/share/examples_rclcpp_multithreaded_executor/environment/ament_prefix_path.sh
[1.089s] -- Up-to-date symlink: /home/dongxu/ros2_ws/src/install/examples_rclcpp_multithreaded_executor/share/examples_rclcpp_multithreaded_executor/environment/ament_prefix_path.dsv
[1.090s] -- Up-to-date symlink: /home/dongxu/ros2_ws/src/install/examples_rclcpp_multithreaded_executor/share/examples_rclcpp_multithreaded_executor/environment/path.sh
[1.090s] -- Up-to-date symlink: /home/dongxu/ros2_ws/src/install/examples_rclcpp_multithreaded_executor/share/examples_rclcpp_multithreaded_executor/environment/path.dsv
[1.090s] -- Up-to-date symlink: /home/dongxu/ros2_ws/src/install/examples_rclcpp_multithreaded_executor/share/examples_rclcpp_multithreaded_executor/local_setup.bash
[1.090s] -- Up-to-date symlink: /home/dongxu/ros2_ws/src/install/examples_rclcpp_multithreaded_executor/share/examples_rclcpp_multithreaded_executor/local_setup.sh
[1.090s] -- Up-to-date symlink: /home/dongxu/ros2_ws/src/install/examples_rclcpp_multithreaded_executor/share/examples_rclcpp_multithreaded_executor/local_setup.zsh
[1.090s] -- Up-to-date symlink: /home/dongxu/ros2_ws/src/install/examples_rclcpp_multithreaded_executor/share/examples_rclcpp_multithreaded_executor/local_setup.dsv
[1.090s] -- Symlinking: /home/dongxu/ros2_ws/src/install/examples_rclcpp_multithreaded_executor/share/examples_rclcpp_multithreaded_executor/package.dsv
[1.090s] -- Up-to-date symlink: /home/dongxu/ros2_ws/src/install/examples_rclcpp_multithreaded_executor/share/ament_index/resource_index/packages/examples_rclcpp_multithreaded_executor
[1.090s] -- Up-to-date symlink: /home/dongxu/ros2_ws/src/install/examples_rclcpp_multithreaded_executor/share/examples_rclcpp_multithreaded_executor/cmake/examples_rclcpp_multithreaded_executorConfig.cmake
[1.090s] -- Up-to-date symlink: /home/dongxu/ros2_ws/src/install/examples_rclcpp_multithreaded_executor/share/examples_rclcpp_multithreaded_executor/cmake/examples_rclcpp_multithreaded_executorConfig-version.cmake
[1.090s] -- Up-to-date symlink: /home/dongxu/ros2_ws/src/install/examples_rclcpp_multithreaded_executor/share/examples_rclcpp_multithreaded_executor/package.xml
[1.169s] Invoked command in '/home/dongxu/ros2_ws/src/build/examples_rclcpp_multithreaded_executor' returned '0': CMAKE_PREFIX_PATH=/home/dongxu/ros2_ws/src/sutd_ws/install/sutd_ws:/opt/ros/humble /usr/bin/cmake --install /home/dongxu/ros2_ws/src/build/examples_rclcpp_multithreaded_executor
