[0.056s] Invoking command in '/home/dongxu/ros2_ws/src/build/examples_rclcpp_cbg_executor': CMAKE_PREFIX_PATH=/opt/ros/humble /usr/bin/cmake /home/dongxu/ros2_ws/src/examples/rclcpp/executors/cbg_executor -DCMAKE_INSTALL_PREFIX=/home/dongxu/ros2_ws/src/install/examples_rclcpp_cbg_executor
[0.956s] -- Found ament_cmake: 1.3.12 (/opt/ros/humble/share/ament_cmake/cmake)
[0.956s] -- Override CMake install command with custom implementation using symlinks instead of copying resources
[0.956s] -- Found rclcpp: 16.0.15 (/opt/ros/humble/share/rclcpp/cmake)
[0.957s] -- Found rosidl_generator_c: 3.1.7 (/opt/ros/humble/share/rosidl_generator_c/cmake)
[0.957s] -- Found rosidl_adapter: 3.1.7 (/opt/ros/humble/share/rosidl_adapter/cmake)
[0.957s] -- Found rosidl_generator_cpp: 3.1.7 (/opt/ros/humble/share/rosidl_generator_cpp/cmake)
[0.957s] -- Using all available rosidl_typesupport_c: rosidl_typesupport_fastrtps_c;rosidl_typesupport_introspection_c
[0.957s] -- Using all available rosidl_typesupport_cpp: rosidl_typesupport_fastrtps_cpp;rosidl_typesupport_introspection_cpp
[0.957s] -- Found rmw_implementation_cmake: 6.1.2 (/opt/ros/humble/share/rmw_implementation_cmake/cmake)
[0.957s] -- Found rmw_fastrtps_cpp: 6.2.8 (/opt/ros/humble/share/rmw_fastrtps_cpp/cmake)
[6.903s] -- Using RMW implementation 'rmw_fastrtps_cpp' as default
[6.975s] -- Found ament_lint_auto: 0.12.14 (/opt/ros/humble/share/ament_lint_auto/cmake)
[7.055s] -- Added test 'copyright' to check source files copyright and LICENSE
[7.060s] -- Added test 'cppcheck' to perform static code analysis on C / C++ code
[7.060s] -- Configured cppcheck include dirs: /home/dongxu/ros2_ws/src/examples/rclcpp/executors/cbg_executor/include
[7.060s] -- Configured cppcheck exclude dirs and/or files: 
[7.061s] -- Added test 'cpplint' to check C / C++ code against the Google style
[7.061s] -- Configured cpplint exclude dirs and/or files: 
[7.062s] -- Added test 'lint_cmake' to check CMake code style
[7.065s] -- Added test 'uncrustify' to check C / C++ code style
[7.065s] -- Configured uncrustify additional arguments: 
[7.066s] -- Added test 'xmllint' to check XML markup files
[7.074s] -- Configuring done
[7.106s] -- Generating done
[7.114s] -- Build files have been written to: /home/dongxu/ros2_ws/src/build/examples_rclcpp_cbg_executor
[7.124s] Invoked command in '/home/dongxu/ros2_ws/src/build/examples_rclcpp_cbg_executor' returned '0': CMAKE_PREFIX_PATH=/opt/ros/humble /usr/bin/cmake /home/dongxu/ros2_ws/src/examples/rclcpp/executors/cbg_executor -DCMAKE_INSTALL_PREFIX=/home/dongxu/ros2_ws/src/install/examples_rclcpp_cbg_executor
[7.126s] Invoking command in '/home/dongxu/ros2_ws/src/build/examples_rclcpp_cbg_executor': CMAKE_PREFIX_PATH=/opt/ros/humble /usr/bin/cmake --build /home/dongxu/ros2_ws/src/build/examples_rclcpp_cbg_executor -- -j16 -l16
[7.363s] [35m[1mConsolidate compiler generated dependencies of target ping[0m
[7.363s] [35m[1mConsolidate compiler generated dependencies of target pong[0m
[7.363s] [35m[1mConsolidate compiler generated dependencies of target ping_pong[0m
[7.363s] [ 30%] Built target pong
[7.363s] [ 60%] Built target ping
[7.363s] [100%] Built target ping_pong
[7.452s] Invoked command in '/home/dongxu/ros2_ws/src/build/examples_rclcpp_cbg_executor' returned '0': CMAKE_PREFIX_PATH=/opt/ros/humble /usr/bin/cmake --build /home/dongxu/ros2_ws/src/build/examples_rclcpp_cbg_executor -- -j16 -l16
[7.454s] Invoking command in '/home/dongxu/ros2_ws/src/build/examples_rclcpp_cbg_executor': CMAKE_PREFIX_PATH=/opt/ros/humble /usr/bin/cmake --install /home/dongxu/ros2_ws/src/build/examples_rclcpp_cbg_executor
[7.473s] -- Install configuration: ""
[7.473s] -- Execute custom install script
[7.473s] -- Up-to-date symlink: /home/dongxu/ros2_ws/src/install/examples_rclcpp_cbg_executor/lib/examples_rclcpp_cbg_executor/ping
[7.474s] -- Up-to-date symlink: /home/dongxu/ros2_ws/src/install/examples_rclcpp_cbg_executor/lib/examples_rclcpp_cbg_executor/pong
[7.474s] -- Up-to-date symlink: /home/dongxu/ros2_ws/src/install/examples_rclcpp_cbg_executor/lib/examples_rclcpp_cbg_executor/ping_pong
[7.474s] -- Up-to-date symlink: /home/dongxu/ros2_ws/src/install/examples_rclcpp_cbg_executor/include/examples_rclcpp_cbg_executor/ping_node.hpp
[7.475s] -- Up-to-date symlink: /home/dongxu/ros2_ws/src/install/examples_rclcpp_cbg_executor/include/examples_rclcpp_cbg_executor/pong_node.hpp
[7.475s] -- Up-to-date symlink: /home/dongxu/ros2_ws/src/install/examples_rclcpp_cbg_executor/share/ament_index/resource_index/package_run_dependencies/examples_rclcpp_cbg_executor
[7.475s] -- Up-to-date symlink: /home/dongxu/ros2_ws/src/install/examples_rclcpp_cbg_executor/share/ament_index/resource_index/parent_prefix_path/examples_rclcpp_cbg_executor
[7.475s] -- Up-to-date symlink: /home/dongxu/ros2_ws/src/install/examples_rclcpp_cbg_executor/share/examples_rclcpp_cbg_executor/environment/ament_prefix_path.sh
[7.475s] -- Up-to-date symlink: /home/dongxu/ros2_ws/src/install/examples_rclcpp_cbg_executor/share/examples_rclcpp_cbg_executor/environment/ament_prefix_path.dsv
[7.475s] -- Up-to-date symlink: /home/dongxu/ros2_ws/src/install/examples_rclcpp_cbg_executor/share/examples_rclcpp_cbg_executor/environment/path.sh
[7.475s] -- Up-to-date symlink: /home/dongxu/ros2_ws/src/install/examples_rclcpp_cbg_executor/share/examples_rclcpp_cbg_executor/environment/path.dsv
[7.475s] -- Up-to-date symlink: /home/dongxu/ros2_ws/src/install/examples_rclcpp_cbg_executor/share/examples_rclcpp_cbg_executor/local_setup.bash
[7.475s] -- Up-to-date symlink: /home/dongxu/ros2_ws/src/install/examples_rclcpp_cbg_executor/share/examples_rclcpp_cbg_executor/local_setup.sh
[7.475s] -- Up-to-date symlink: /home/dongxu/ros2_ws/src/install/examples_rclcpp_cbg_executor/share/examples_rclcpp_cbg_executor/local_setup.zsh
[7.475s] -- Up-to-date symlink: /home/dongxu/ros2_ws/src/install/examples_rclcpp_cbg_executor/share/examples_rclcpp_cbg_executor/local_setup.dsv
[7.476s] -- Symlinking: /home/dongxu/ros2_ws/src/install/examples_rclcpp_cbg_executor/share/examples_rclcpp_cbg_executor/package.dsv
[7.479s] -- Up-to-date symlink: /home/dongxu/ros2_ws/src/install/examples_rclcpp_cbg_executor/share/ament_index/resource_index/packages/examples_rclcpp_cbg_executor
[7.480s] -- Up-to-date symlink: /home/dongxu/ros2_ws/src/install/examples_rclcpp_cbg_executor/share/examples_rclcpp_cbg_executor/cmake/ament_cmake_export_dependencies-extras.cmake
[7.480s] -- Up-to-date symlink: /home/dongxu/ros2_ws/src/install/examples_rclcpp_cbg_executor/share/examples_rclcpp_cbg_executor/cmake/examples_rclcpp_cbg_executorConfig.cmake
[7.481s] -- Up-to-date symlink: /home/dongxu/ros2_ws/src/install/examples_rclcpp_cbg_executor/share/examples_rclcpp_cbg_executor/cmake/examples_rclcpp_cbg_executorConfig-version.cmake
[7.481s] -- Up-to-date symlink: /home/dongxu/ros2_ws/src/install/examples_rclcpp_cbg_executor/share/examples_rclcpp_cbg_executor/package.xml
[8.478s] Invoked command in '/home/dongxu/ros2_ws/src/build/examples_rclcpp_cbg_executor' returned '0': CMAKE_PREFIX_PATH=/opt/ros/humble /usr/bin/cmake --install /home/dongxu/ros2_ws/src/build/examples_rclcpp_cbg_executor
