[0.050s] Invoking command in '/home/dongxu/ros2_ws/src/build/examples_rclcpp_minimal_composition': CMAKE_PREFIX_PATH=/home/dongxu/ros2_ws/src/sutd_ws/install/sutd_ws:/opt/ros/humble /usr/bin/cmake --build /home/dongxu/ros2_ws/src/build/examples_rclcpp_minimal_composition -- -j16 -l16
[1.039s] [ 33%] Built target composition_nodes
[1.040s] [ 55%] Built target composition_subscriber
[1.040s] [ 77%] Built target composition_composed
[1.040s] [100%] Built target composition_publisher
[1.089s] Invoked command in '/home/dongxu/ros2_ws/src/build/examples_rclcpp_minimal_composition' returned '0': CMAKE_PREFIX_PATH=/home/dongxu/ros2_ws/src/sutd_ws/install/sutd_ws:/opt/ros/humble /usr/bin/cmake --build /home/dongxu/ros2_ws/src/build/examples_rclcpp_minimal_composition -- -j16 -l16
[1.111s] Invoking command in '/home/dongxu/ros2_ws/src/build/examples_rclcpp_minimal_composition': CMAKE_PREFIX_PATH=/home/dongxu/ros2_ws/src/sutd_ws/install/sutd_ws:/opt/ros/humble /usr/bin/cmake --install /home/dongxu/ros2_ws/src/build/examples_rclcpp_minimal_composition
[1.129s] -- Install configuration: ""
[1.129s] -- Execute custom install script
[1.129s] -- Up-to-date symlink: /home/dongxu/ros2_ws/src/install/examples_rclcpp_minimal_composition/share/examples_rclcpp_minimal_composition/environment/library_path.sh
[1.129s] -- Up-to-date symlink: /home/dongxu/ros2_ws/src/install/examples_rclcpp_minimal_composition/share/examples_rclcpp_minimal_composition/environment/library_path.dsv
[1.129s] -- Up-to-date symlink: /home/dongxu/ros2_ws/src/install/examples_rclcpp_minimal_composition/lib/libcomposition_nodes.so
[1.129s] -- Up-to-date symlink: /home/dongxu/ros2_ws/src/install/examples_rclcpp_minimal_composition/lib/examples_rclcpp_minimal_composition/composition_publisher
[1.129s] -- Up-to-date symlink: /home/dongxu/ros2_ws/src/install/examples_rclcpp_minimal_composition/lib/examples_rclcpp_minimal_composition/composition_subscriber
[1.129s] -- Up-to-date symlink: /home/dongxu/ros2_ws/src/install/examples_rclcpp_minimal_composition/lib/examples_rclcpp_minimal_composition/composition_composed
[1.129s] -- Up-to-date symlink: /home/dongxu/ros2_ws/src/install/examples_rclcpp_minimal_composition/share/ament_index/resource_index/package_run_dependencies/examples_rclcpp_minimal_composition
[1.129s] -- Up-to-date symlink: /home/dongxu/ros2_ws/src/install/examples_rclcpp_minimal_composition/share/ament_index/resource_index/parent_prefix_path/examples_rclcpp_minimal_composition
[1.130s] -- Up-to-date symlink: /home/dongxu/ros2_ws/src/install/examples_rclcpp_minimal_composition/share/examples_rclcpp_minimal_composition/environment/ament_prefix_path.sh
[1.130s] -- Up-to-date symlink: /home/dongxu/ros2_ws/src/install/examples_rclcpp_minimal_composition/share/examples_rclcpp_minimal_composition/environment/ament_prefix_path.dsv
[1.130s] -- Up-to-date symlink: /home/dongxu/ros2_ws/src/install/examples_rclcpp_minimal_composition/share/examples_rclcpp_minimal_composition/environment/path.sh
[1.130s] -- Up-to-date symlink: /home/dongxu/ros2_ws/src/install/examples_rclcpp_minimal_composition/share/examples_rclcpp_minimal_composition/environment/path.dsv
[1.130s] -- Up-to-date symlink: /home/dongxu/ros2_ws/src/install/examples_rclcpp_minimal_composition/share/examples_rclcpp_minimal_composition/local_setup.bash
[1.130s] -- Up-to-date symlink: /home/dongxu/ros2_ws/src/install/examples_rclcpp_minimal_composition/share/examples_rclcpp_minimal_composition/local_setup.sh
[1.130s] -- Up-to-date symlink: /home/dongxu/ros2_ws/src/install/examples_rclcpp_minimal_composition/share/examples_rclcpp_minimal_composition/local_setup.zsh
[1.130s] -- Up-to-date symlink: /home/dongxu/ros2_ws/src/install/examples_rclcpp_minimal_composition/share/examples_rclcpp_minimal_composition/local_setup.dsv
[1.130s] -- Symlinking: /home/dongxu/ros2_ws/src/install/examples_rclcpp_minimal_composition/share/examples_rclcpp_minimal_composition/package.dsv
[1.130s] -- Up-to-date symlink: /home/dongxu/ros2_ws/src/install/examples_rclcpp_minimal_composition/share/ament_index/resource_index/packages/examples_rclcpp_minimal_composition
[1.131s] -- Up-to-date symlink: /home/dongxu/ros2_ws/src/install/examples_rclcpp_minimal_composition/share/examples_rclcpp_minimal_composition/cmake/examples_rclcpp_minimal_compositionConfig.cmake
[1.131s] -- Up-to-date symlink: /home/dongxu/ros2_ws/src/install/examples_rclcpp_minimal_composition/share/examples_rclcpp_minimal_composition/cmake/examples_rclcpp_minimal_compositionConfig-version.cmake
[1.131s] -- Up-to-date symlink: /home/dongxu/ros2_ws/src/install/examples_rclcpp_minimal_composition/share/examples_rclcpp_minimal_composition/package.xml
[1.302s] Invoked command in '/home/dongxu/ros2_ws/src/build/examples_rclcpp_minimal_composition' returned '0': CMAKE_PREFIX_PATH=/home/dongxu/ros2_ws/src/sutd_ws/install/sutd_ws:/opt/ros/humble /usr/bin/cmake --install /home/dongxu/ros2_ws/src/build/examples_rclcpp_minimal_composition
