[0.130s] Invoking command in '/home/dongxu/ros2_ws/src/build/examples_rclcpp_wait_set': CMAKE_PREFIX_PATH=${CMAKE_PREFIX_PATH}:/home/dongxu/ros2_ws/install/sutd_ws:/home/dongxu/ros2_ws/install/py_pubsub:/home/dongxu/ros2_ws/install/launch_testing_examples:/home/dongxu/ros2_ws/install/examples_rclpy_pointcloud_publisher:/home/dongxu/ros2_ws/install/examples_rclpy_minimal_subscriber:/home/dongxu/ros2_ws/install/examples_rclpy_minimal_service:/home/dongxu/ros2_ws/install/examples_rclpy_minimal_publisher:/home/dongxu/ros2_ws/install/examples_rclpy_minimal_client:/home/dongxu/ros2_ws/install/examples_rclpy_minimal_action_server:/home/dongxu/ros2_ws/install/examples_rclpy_minimal_action_client:/home/dongxu/ros2_ws/install/examples_rclpy_guard_conditions:/home/dongxu/ros2_ws/install/examples_rclpy_executors:/opt/ros/humble /usr/bin/cmake /home/dongxu/ros2_ws/src/examples/rclcpp/wait_set -DAMENT_CMAKE_SYMLINK_INSTALL=1 -DCMAKE_INSTALL_PREFIX=/home/dongxu/ros2_ws/src/install/examples_rclcpp_wait_set
[11.822s] -- Found ament_cmake: 1.3.12 (/opt/ros/humble/share/ament_cmake/cmake)
[11.822s] -- Override CMake install command with custom implementation using symlinks instead of copying resources
[11.822s] -- Found example_interfaces: 0.9.3 (/opt/ros/humble/share/example_interfaces/cmake)
[11.823s] -- Found rosidl_generator_c: 3.1.7 (/opt/ros/humble/share/rosidl_generator_c/cmake)
[11.823s] -- Found rosidl_adapter: 3.1.7 (/opt/ros/humble/share/rosidl_adapter/cmake)
[11.823s] -- Found rosidl_generator_cpp: 3.1.7 (/opt/ros/humble/share/rosidl_generator_cpp/cmake)
[11.823s] -- Using all available rosidl_typesupport_c: rosidl_typesupport_fastrtps_c;rosidl_typesupport_introspection_c
[11.823s] -- Using all available rosidl_typesupport_cpp: rosidl_typesupport_fastrtps_cpp;rosidl_typesupport_introspection_cpp
[11.823s] -- Found rclcpp: 16.0.15 (/opt/ros/humble/share/rclcpp/cmake)
[11.823s] -- Found rmw_implementation_cmake: 6.1.2 (/opt/ros/humble/share/rmw_implementation_cmake/cmake)
[11.823s] -- Found rmw_fastrtps_cpp: 6.2.8 (/opt/ros/humble/share/rmw_fastrtps_cpp/cmake)
[14.339s] -- Using RMW implementation 'rmw_fastrtps_cpp' as default
[14.428s] -- Found rclcpp_components: 16.0.15 (/opt/ros/humble/share/rclcpp_components/cmake)
[14.495s] -- Found ament_lint_auto: 0.12.14 (/opt/ros/humble/share/ament_lint_auto/cmake)
[14.721s] -- Added test 'copyright' to check source files copyright and LICENSE
[14.724s] -- Added test 'cppcheck' to perform static code analysis on C / C++ code
[14.725s] -- Configured cppcheck include dirs: /home/dongxu/ros2_ws/src/examples/rclcpp/wait_set/include
[14.726s] -- Configured cppcheck exclude dirs and/or files: 
[14.728s] -- Added test 'cpplint' to check C / C++ code against the Google style
[14.728s] -- Configured cpplint exclude dirs and/or files: 
[14.735s] -- Added test 'lint_cmake' to check CMake code style
[14.737s] -- Added test 'uncrustify' to check C / C++ code style
[14.738s] -- Configured uncrustify additional arguments: 
[14.739s] -- Added test 'xmllint' to check XML markup files
[14.743s] -- Configuring done
[14.864s] -- Generating done
[14.905s] -- Build files have been written to: /home/dongxu/ros2_ws/src/build/examples_rclcpp_wait_set
[15.341s] Invoked command in '/home/dongxu/ros2_ws/src/build/examples_rclcpp_wait_set' returned '0': CMAKE_PREFIX_PATH=${CMAKE_PREFIX_PATH}:/home/dongxu/ros2_ws/install/sutd_ws:/home/dongxu/ros2_ws/install/py_pubsub:/home/dongxu/ros2_ws/install/launch_testing_examples:/home/dongxu/ros2_ws/install/examples_rclpy_pointcloud_publisher:/home/dongxu/ros2_ws/install/examples_rclpy_minimal_subscriber:/home/dongxu/ros2_ws/install/examples_rclpy_minimal_service:/home/dongxu/ros2_ws/install/examples_rclpy_minimal_publisher:/home/dongxu/ros2_ws/install/examples_rclpy_minimal_client:/home/dongxu/ros2_ws/install/examples_rclpy_minimal_action_server:/home/dongxu/ros2_ws/install/examples_rclpy_minimal_action_client:/home/dongxu/ros2_ws/install/examples_rclpy_guard_conditions:/home/dongxu/ros2_ws/install/examples_rclpy_executors:/opt/ros/humble /usr/bin/cmake /home/dongxu/ros2_ws/src/examples/rclcpp/wait_set -DAMENT_CMAKE_SYMLINK_INSTALL=1 -DCMAKE_INSTALL_PREFIX=/home/dongxu/ros2_ws/src/install/examples_rclcpp_wait_set
[15.343s] Invoking command in '/home/dongxu/ros2_ws/src/build/examples_rclcpp_wait_set': CMAKE_PREFIX_PATH=${CMAKE_PREFIX_PATH}:/home/dongxu/ros2_ws/install/sutd_ws:/home/dongxu/ros2_ws/install/py_pubsub:/home/dongxu/ros2_ws/install/launch_testing_examples:/home/dongxu/ros2_ws/install/examples_rclpy_pointcloud_publisher:/home/dongxu/ros2_ws/install/examples_rclpy_minimal_subscriber:/home/dongxu/ros2_ws/install/examples_rclpy_minimal_service:/home/dongxu/ros2_ws/install/examples_rclpy_minimal_publisher:/home/dongxu/ros2_ws/install/examples_rclpy_minimal_client:/home/dongxu/ros2_ws/install/examples_rclpy_minimal_action_server:/home/dongxu/ros2_ws/install/examples_rclpy_minimal_action_client:/home/dongxu/ros2_ws/install/examples_rclpy_guard_conditions:/home/dongxu/ros2_ws/install/examples_rclpy_executors:/opt/ros/humble /usr/bin/cmake --build /home/dongxu/ros2_ws/src/build/examples_rclcpp_wait_set -- -j16 -l16
[15.412s] [35m[1mConsolidate compiler generated dependencies of target wait_set[0m
[15.412s] [35m[1mConsolidate compiler generated dependencies of target static_wait_set[0m
[15.412s] [35m[1mConsolidate compiler generated dependencies of target wait_set_talker[0m
[15.412s] [35m[1mConsolidate compiler generated dependencies of target talker[0m
[15.412s] [35m[1mConsolidate compiler generated dependencies of target thread_safe_wait_set[0m
[15.412s] [35m[1mConsolidate compiler generated dependencies of target listener[0m
[15.413s] [35m[1mConsolidate compiler generated dependencies of target wait_set_listener[0m
[15.413s] [35m[1mConsolidate compiler generated dependencies of target wait_set_topics_with_different_rates[0m
[15.413s] [35m[1mConsolidate compiler generated dependencies of target wait_set_topics_and_timer[0m
[15.419s] [35m[1mConsolidate compiler generated dependencies of target executor_random_order[0m
[15.420s] [35m[1mConsolidate compiler generated dependencies of target wait_set_random_order[0m
[15.424s] [  4%] [32m[1mLinking CXX executable wait_set[0m
[15.425s] [  8%] [32m[1mLinking CXX executable static_wait_set[0m
[15.446s] [ 12%] [32m[1mLinking CXX executable thread_safe_wait_set[0m
[15.446s] [ 16%] [32m[1mLinking CXX shared library liblistener.so[0m
[15.447s] [ 20%] [32m[1mLinking CXX shared library libtalker.so[0m
[15.447s] [ 25%] [32m[1mLinking CXX executable wait_set_topics_and_timer[0m
[15.447s] [ 29%] [32m[1mLinking CXX executable wait_set_talker[0m
[15.447s] [ 37%] [32m[1mLinking CXX executable wait_set_random_order[0m
[15.447s] [ 37%] [32m[1mLinking CXX executable wait_set_listener[0m
[15.461s] [ 41%] [32m[1mLinking CXX executable executor_random_order[0m
[15.467s] [ 45%] [32m[1mLinking CXX executable wait_set_topics_with_different_rates[0m
[15.918s] [ 50%] Built target wait_set_listener
[15.936s] [ 54%] Built target talker
[16.048s] [ 58%] Built target wait_set_talker
[16.290s] [ 62%] Built target wait_set_topics_and_timer
[16.323s] [ 66%] Built target executor_random_order
[16.347s] [ 70%] Built target thread_safe_wait_set
[16.380s] [ 75%] Built target wait_set
[16.393s] [ 79%] Built target wait_set_random_order
[16.412s] [ 83%] Built target static_wait_set
[16.439s] [ 87%] Built target listener
[16.448s] [35m[1mConsolidate compiler generated dependencies of target wait_set_composed[0m
[16.461s] [ 91%] [32m[1mLinking CXX executable wait_set_composed[0m
[16.464s] [ 95%] Built target wait_set_topics_with_different_rates
[17.057s] [100%] Built target wait_set_composed
[17.069s] Invoked command in '/home/dongxu/ros2_ws/src/build/examples_rclcpp_wait_set' returned '0': CMAKE_PREFIX_PATH=${CMAKE_PREFIX_PATH}:/home/dongxu/ros2_ws/install/sutd_ws:/home/dongxu/ros2_ws/install/py_pubsub:/home/dongxu/ros2_ws/install/launch_testing_examples:/home/dongxu/ros2_ws/install/examples_rclpy_pointcloud_publisher:/home/dongxu/ros2_ws/install/examples_rclpy_minimal_subscriber:/home/dongxu/ros2_ws/install/examples_rclpy_minimal_service:/home/dongxu/ros2_ws/install/examples_rclpy_minimal_publisher:/home/dongxu/ros2_ws/install/examples_rclpy_minimal_client:/home/dongxu/ros2_ws/install/examples_rclpy_minimal_action_server:/home/dongxu/ros2_ws/install/examples_rclpy_minimal_action_client:/home/dongxu/ros2_ws/install/examples_rclpy_guard_conditions:/home/dongxu/ros2_ws/install/examples_rclpy_executors:/opt/ros/humble /usr/bin/cmake --build /home/dongxu/ros2_ws/src/build/examples_rclcpp_wait_set -- -j16 -l16
[17.071s] Invoking command in '/home/dongxu/ros2_ws/src/build/examples_rclcpp_wait_set': CMAKE_PREFIX_PATH=${CMAKE_PREFIX_PATH}:/home/dongxu/ros2_ws/install/sutd_ws:/home/dongxu/ros2_ws/install/py_pubsub:/home/dongxu/ros2_ws/install/launch_testing_examples:/home/dongxu/ros2_ws/install/examples_rclpy_pointcloud_publisher:/home/dongxu/ros2_ws/install/examples_rclpy_minimal_subscriber:/home/dongxu/ros2_ws/install/examples_rclpy_minimal_service:/home/dongxu/ros2_ws/install/examples_rclpy_minimal_publisher:/home/dongxu/ros2_ws/install/examples_rclpy_minimal_client:/home/dongxu/ros2_ws/install/examples_rclpy_minimal_action_server:/home/dongxu/ros2_ws/install/examples_rclpy_minimal_action_client:/home/dongxu/ros2_ws/install/examples_rclpy_guard_conditions:/home/dongxu/ros2_ws/install/examples_rclpy_executors:/opt/ros/humble /usr/bin/cmake --install /home/dongxu/ros2_ws/src/build/examples_rclcpp_wait_set
[17.077s] -- Install configuration: ""
[17.078s] -- Execute custom install script
[17.078s] -- Symlinking: /home/dongxu/ros2_ws/src/install/examples_rclcpp_wait_set/lib/examples_rclcpp_wait_set/wait_set_talker
[17.086s] -- Symlinking: /home/dongxu/ros2_ws/src/install/examples_rclcpp_wait_set/lib/examples_rclcpp_wait_set/wait_set_listener
[17.094s] -- Symlinking: /home/dongxu/ros2_ws/src/install/examples_rclcpp_wait_set/lib/libtalker.so
[17.104s] -- Symlinking: /home/dongxu/ros2_ws/src/install/examples_rclcpp_wait_set/lib/liblistener.so
[17.113s] -- Symlinking: /home/dongxu/ros2_ws/src/install/examples_rclcpp_wait_set/lib/examples_rclcpp_wait_set/wait_set
[17.123s] -- Symlinking: /home/dongxu/ros2_ws/src/install/examples_rclcpp_wait_set/lib/examples_rclcpp_wait_set/static_wait_set
[17.133s] -- Symlinking: /home/dongxu/ros2_ws/src/install/examples_rclcpp_wait_set/lib/examples_rclcpp_wait_set/thread_safe_wait_set
[17.141s] -- Symlinking: /home/dongxu/ros2_ws/src/install/examples_rclcpp_wait_set/lib/examples_rclcpp_wait_set/wait_set_topics_and_timer
[17.152s] -- Symlinking: /home/dongxu/ros2_ws/src/install/examples_rclcpp_wait_set/lib/examples_rclcpp_wait_set/wait_set_random_order
[17.160s] -- Symlinking: /home/dongxu/ros2_ws/src/install/examples_rclcpp_wait_set/lib/examples_rclcpp_wait_set/executor_random_order
[17.168s] -- Symlinking: /home/dongxu/ros2_ws/src/install/examples_rclcpp_wait_set/lib/examples_rclcpp_wait_set/wait_set_topics_with_different_rates
[17.176s] -- Symlinking: /home/dongxu/ros2_ws/src/install/examples_rclcpp_wait_set/lib/examples_rclcpp_wait_set/wait_set_composed
[17.184s] -- Symlinking: /home/dongxu/ros2_ws/src/install/examples_rclcpp_wait_set/share/ament_index/resource_index/package_run_dependencies/examples_rclcpp_wait_set
[17.193s] -- Symlinking: /home/dongxu/ros2_ws/src/install/examples_rclcpp_wait_set/share/ament_index/resource_index/parent_prefix_path/examples_rclcpp_wait_set
[17.202s] -- Symlinking: /home/dongxu/ros2_ws/src/install/examples_rclcpp_wait_set/share/examples_rclcpp_wait_set/environment/ament_prefix_path.sh
[17.210s] -- Symlinking: /home/dongxu/ros2_ws/src/install/examples_rclcpp_wait_set/share/examples_rclcpp_wait_set/environment/ament_prefix_path.dsv
[17.219s] -- Symlinking: /home/dongxu/ros2_ws/src/install/examples_rclcpp_wait_set/share/examples_rclcpp_wait_set/environment/path.sh
[17.227s] -- Symlinking: /home/dongxu/ros2_ws/src/install/examples_rclcpp_wait_set/share/examples_rclcpp_wait_set/environment/path.dsv
[17.234s] -- Symlinking: /home/dongxu/ros2_ws/src/install/examples_rclcpp_wait_set/share/examples_rclcpp_wait_set/local_setup.bash
[17.240s] -- Symlinking: /home/dongxu/ros2_ws/src/install/examples_rclcpp_wait_set/share/examples_rclcpp_wait_set/local_setup.sh
[17.248s] -- Symlinking: /home/dongxu/ros2_ws/src/install/examples_rclcpp_wait_set/share/examples_rclcpp_wait_set/local_setup.zsh
[17.255s] -- Symlinking: /home/dongxu/ros2_ws/src/install/examples_rclcpp_wait_set/share/examples_rclcpp_wait_set/local_setup.dsv
[17.262s] -- Symlinking: /home/dongxu/ros2_ws/src/install/examples_rclcpp_wait_set/share/examples_rclcpp_wait_set/package.dsv
[17.269s] -- Symlinking: /home/dongxu/ros2_ws/src/install/examples_rclcpp_wait_set/share/ament_index/resource_index/packages/examples_rclcpp_wait_set
[17.277s] -- Symlinking: /home/dongxu/ros2_ws/src/install/examples_rclcpp_wait_set/share/ament_index/resource_index/rclcpp_components/examples_rclcpp_wait_set
[17.283s] -- Symlinking: /home/dongxu/ros2_ws/src/install/examples_rclcpp_wait_set/share/examples_rclcpp_wait_set/cmake/examples_rclcpp_wait_setConfig.cmake
[17.290s] -- Symlinking: /home/dongxu/ros2_ws/src/install/examples_rclcpp_wait_set/share/examples_rclcpp_wait_set/cmake/examples_rclcpp_wait_setConfig-version.cmake
[17.296s] -- Symlinking: /home/dongxu/ros2_ws/src/install/examples_rclcpp_wait_set/share/examples_rclcpp_wait_set/package.xml
