running develop
running egg_info
writing sutd_ws.egg-info/PKG-INFO
writing dependency_links to sutd_ws.egg-info/dependency_links.txt
writing entry points to sutd_ws.egg-info/entry_points.txt
writing requirements to sutd_ws.egg-info/requires.txt
writing top-level names to sutd_ws.egg-info/top_level.txt
reading manifest file 'sutd_ws.egg-info/SOURCES.txt'
writing manifest file 'sutd_ws.egg-info/SOURCES.txt'
running build_ext
Creating /home/dongxu/ros2_ws/src/install/sutd_ws/lib/python3.10/site-packages/sutd-ws.egg-link (link to .)
Installing autonomous_driving1 script to /home/dongxu/ros2_ws/src/install/sutd_ws/lib/sutd_ws
Installing autonomous_driving2 script to /home/dongxu/ros2_ws/src/install/sutd_ws/lib/sutd_ws
Installing keypressed_calculator script to /home/dongxu/ros2_ws/src/install/sutd_ws/lib/sutd_ws
Installing keypressed_listener script to /home/dongxu/ros2_ws/src/install/sutd_ws/lib/sutd_ws
Installing keypressed_talker script to /home/dongxu/ros2_ws/src/install/sutd_ws/lib/sutd_ws

Installed /home/dongxu/ros2_ws/src/build/sutd_ws
running symlink_data
symbolically linking /home/dongxu/ros2_ws/src/build/sutd_ws/resource/sutd_ws -> /home/dongxu/ros2_ws/src/install/sutd_ws/share/ament_index/resource_index/packages
symbolically linking /home/dongxu/ros2_ws/src/build/sutd_ws/package.xml -> /home/dongxu/ros2_ws/src/install/sutd_ws/share/sutd_ws
