[0.054s] Invoking command in '/home/dongxu/ros2_ws/src/build/examples_rclcpp_minimal_composition': CMAKE_PREFIX_PATH=/opt/ros/humble /usr/bin/cmake --build /home/dongxu/ros2_ws/src/build/examples_rclcpp_minimal_composition -- -j16 -l16
[1.063s] [ 33%] Built target composition_nodes
[1.063s] [ 55%] Built target composition_publisher
[1.063s] [ 77%] Built target composition_subscriber
[1.063s] [100%] Built target composition_composed
[1.116s] Invoked command in '/home/dongxu/ros2_ws/src/build/examples_rclcpp_minimal_composition' returned '0': CMAKE_PREFIX_PATH=/opt/ros/humble /usr/bin/cmake --build /home/dongxu/ros2_ws/src/build/examples_rclcpp_minimal_composition -- -j16 -l16
[1.121s] Invoking command in '/home/dongxu/ros2_ws/src/build/examples_rclcpp_minimal_composition': CMAKE_PREFIX_PATH=/opt/ros/humble /usr/bin/cmake --install /home/dongxu/ros2_ws/src/build/examples_rclcpp_minimal_composition
[1.155s] -- Install configuration: ""
[1.155s] -- Execute custom install script
[1.155s] -- Up-to-date symlink: /home/dongxu/ros2_ws/src/install/examples_rclcpp_minimal_composition/share/examples_rclcpp_minimal_composition/environment/library_path.sh
[1.155s] -- Up-to-date symlink: /home/dongxu/ros2_ws/src/install/examples_rclcpp_minimal_composition/share/examples_rclcpp_minimal_composition/environment/library_path.dsv
[1.155s] -- Up-to-date symlink: /home/dongxu/ros2_ws/src/install/examples_rclcpp_minimal_composition/lib/libcomposition_nodes.so
[1.155s] -- Up-to-date symlink: /home/dongxu/ros2_ws/src/install/examples_rclcpp_minimal_composition/lib/examples_rclcpp_minimal_composition/composition_publisher
[1.155s] -- Up-to-date symlink: /home/dongxu/ros2_ws/src/install/examples_rclcpp_minimal_composition/lib/examples_rclcpp_minimal_composition/composition_subscriber
[1.155s] -- Up-to-date symlink: /home/dongxu/ros2_ws/src/install/examples_rclcpp_minimal_composition/lib/examples_rclcpp_minimal_composition/composition_composed
[1.155s] -- Up-to-date symlink: /home/dongxu/ros2_ws/src/install/examples_rclcpp_minimal_composition/share/ament_index/resource_index/package_run_dependencies/examples_rclcpp_minimal_composition
[1.155s] -- Up-to-date symlink: /home/dongxu/ros2_ws/src/install/examples_rclcpp_minimal_composition/share/ament_index/resource_index/parent_prefix_path/examples_rclcpp_minimal_composition
[1.156s] -- Up-to-date symlink: /home/dongxu/ros2_ws/src/install/examples_rclcpp_minimal_composition/share/examples_rclcpp_minimal_composition/environment/ament_prefix_path.sh
[1.156s] -- Up-to-date symlink: /home/dongxu/ros2_ws/src/install/examples_rclcpp_minimal_composition/share/examples_rclcpp_minimal_composition/environment/ament_prefix_path.dsv
[1.156s] -- Up-to-date symlink: /home/dongxu/ros2_ws/src/install/examples_rclcpp_minimal_composition/share/examples_rclcpp_minimal_composition/environment/path.sh
[1.156s] -- Up-to-date symlink: /home/dongxu/ros2_ws/src/install/examples_rclcpp_minimal_composition/share/examples_rclcpp_minimal_composition/environment/path.dsv
[1.156s] -- Up-to-date symlink: /home/dongxu/ros2_ws/src/install/examples_rclcpp_minimal_composition/share/examples_rclcpp_minimal_composition/local_setup.bash
[1.156s] -- Up-to-date symlink: /home/dongxu/ros2_ws/src/install/examples_rclcpp_minimal_composition/share/examples_rclcpp_minimal_composition/local_setup.sh
[1.156s] -- Up-to-date symlink: /home/dongxu/ros2_ws/src/install/examples_rclcpp_minimal_composition/share/examples_rclcpp_minimal_composition/local_setup.zsh
[1.157s] -- Up-to-date symlink: /home/dongxu/ros2_ws/src/install/examples_rclcpp_minimal_composition/share/examples_rclcpp_minimal_composition/local_setup.dsv
[1.157s] -- Symlinking: /home/dongxu/ros2_ws/src/install/examples_rclcpp_minimal_composition/share/examples_rclcpp_minimal_composition/package.dsv
[1.159s] -- Up-to-date symlink: /home/dongxu/ros2_ws/src/install/examples_rclcpp_minimal_composition/share/ament_index/resource_index/packages/examples_rclcpp_minimal_composition
[1.159s] -- Up-to-date symlink: /home/dongxu/ros2_ws/src/install/examples_rclcpp_minimal_composition/share/examples_rclcpp_minimal_composition/cmake/examples_rclcpp_minimal_compositionConfig.cmake
[1.159s] -- Up-to-date symlink: /home/dongxu/ros2_ws/src/install/examples_rclcpp_minimal_composition/share/examples_rclcpp_minimal_composition/cmake/examples_rclcpp_minimal_compositionConfig-version.cmake
[1.160s] -- Up-to-date symlink: /home/dongxu/ros2_ws/src/install/examples_rclcpp_minimal_composition/share/examples_rclcpp_minimal_composition/package.xml
[1.318s] Invoked command in '/home/dongxu/ros2_ws/src/build/examples_rclcpp_minimal_composition' returned '0': CMAKE_PREFIX_PATH=/opt/ros/humble /usr/bin/cmake --install /home/dongxu/ros2_ws/src/build/examples_rclcpp_minimal_composition
