[1.094s] Invoking command in '/home/dongxu/ros2_ws/src/build/sutd_ws': PYTHONPATH=/home/dongxu/ros2_ws/src/build/sutd_ws/prefix_override:/usr/lib/python3/dist-packages/colcon_core/task/python/colcon_distutils_commands:/home/dongxu/ros2_ws/src/install/sutd_ws/lib/python3.10/site-packages:${PYTHONPATH} /usr/bin/python3 -W ignore:setup.py install is deprecated -W ignore:easy_install command is deprecated setup.py develop --editable --build-directory /home/dongxu/ros2_ws/src/build/sutd_ws/build --no-deps symlink_data
[1.483s] running develop
[1.728s] running egg_info
[1.741s] writing sutd_ws.egg-info/PKG-INFO
[1.742s] writing dependency_links to sutd_ws.egg-info/dependency_links.txt
[1.743s] writing entry points to sutd_ws.egg-info/entry_points.txt
[1.743s] writing requirements to sutd_ws.egg-info/requires.txt
[1.743s] writing top-level names to sutd_ws.egg-info/top_level.txt
[1.771s] reading manifest file 'sutd_ws.egg-info/SOURCES.txt'
[1.772s] writing manifest file 'sutd_ws.egg-info/SOURCES.txt'
[1.790s] running build_ext
[1.790s] Creating /home/dongxu/ros2_ws/src/install/sutd_ws/lib/python3.10/site-packages/sutd-ws.egg-link (link to .)
[1.791s] Installing autonomous_driving1 script to /home/dongxu/ros2_ws/src/install/sutd_ws/lib/sutd_ws
[1.792s] Installing autonomous_driving2 script to /home/dongxu/ros2_ws/src/install/sutd_ws/lib/sutd_ws
[1.792s] Installing autonomous_driving3 script to /home/dongxu/ros2_ws/src/install/sutd_ws/lib/sutd_ws
[1.792s] Installing gap_follower script to /home/dongxu/ros2_ws/src/install/sutd_ws/lib/sutd_ws
[1.792s] Installing gap_follower2 script to /home/dongxu/ros2_ws/src/install/sutd_ws/lib/sutd_ws
[1.793s] Installing gap_follower3 script to /home/dongxu/ros2_ws/src/install/sutd_ws/lib/sutd_ws
[1.793s] Installing keypressed_calculator script to /home/dongxu/ros2_ws/src/install/sutd_ws/lib/sutd_ws
[1.793s] Installing keypressed_listener script to /home/dongxu/ros2_ws/src/install/sutd_ws/lib/sutd_ws
[1.793s] Installing keypressed_talker script to /home/dongxu/ros2_ws/src/install/sutd_ws/lib/sutd_ws
[1.794s] Installing wall_follower script to /home/dongxu/ros2_ws/src/install/sutd_ws/lib/sutd_ws
[1.794s] Installing wall_follower2 script to /home/dongxu/ros2_ws/src/install/sutd_ws/lib/sutd_ws
[1.794s] 
[1.794s] Installed /home/dongxu/ros2_ws/src/build/sutd_ws
[1.795s] running symlink_data
[1.838s] Invoked command in '/home/dongxu/ros2_ws/src/build/sutd_ws' returned '0': PYTHONPATH=/home/dongxu/ros2_ws/src/build/sutd_ws/prefix_override:/usr/lib/python3/dist-packages/colcon_core/task/python/colcon_distutils_commands:/home/dongxu/ros2_ws/src/install/sutd_ws/lib/python3.10/site-packages:${PYTHONPATH} /usr/bin/python3 -W ignore:setup.py install is deprecated -W ignore:easy_install command is deprecated setup.py develop --editable --build-directory /home/dongxu/ros2_ws/src/build/sutd_ws/build --no-deps symlink_data
