[11.154s] Invoking command in '/home/dongxu/ros2_ws/src/build/turtlesim': CMAKE_PREFIX_PATH=${CMAKE_PREFIX_PATH}:/home/dongxu/ros2_ws/install/sutd_ws:/home/dongxu/ros2_ws/install/py_pubsub:/home/dongxu/ros2_ws/install/launch_testing_examples:/home/dongxu/ros2_ws/install/examples_rclpy_pointcloud_publisher:/home/dongxu/ros2_ws/install/examples_rclpy_minimal_subscriber:/home/dongxu/ros2_ws/install/examples_rclpy_minimal_service:/home/dongxu/ros2_ws/install/examples_rclpy_minimal_publisher:/home/dongxu/ros2_ws/install/examples_rclpy_minimal_client:/home/dongxu/ros2_ws/install/examples_rclpy_minimal_action_server:/home/dongxu/ros2_ws/install/examples_rclpy_minimal_action_client:/home/dongxu/ros2_ws/install/examples_rclpy_guard_conditions:/home/dongxu/ros2_ws/install/examples_rclpy_executors:/opt/ros/humble /usr/bin/cmake /home/dongxu/ros2_ws/src/ros_tutorials/turtlesim -DCMAKE_INSTALL_PREFIX=/home/dongxu/ros2_ws/src/install/turtlesim
[11.890s] -- The C compiler identification is GNU 11.4.0
[15.244s] -- The CXX compiler identification is GNU 11.4.0
[16.436s] -- Detecting C compiler ABI info
[16.753s] -- Detecting C compiler ABI info - done
[16.774s] -- Check for working C compiler: /usr/bin/cc - skipped
[16.774s] -- Detecting C compile features
[16.776s] -- Detecting C compile features - done
[16.785s] -- Detecting CXX compiler ABI info
[17.133s] -- Detecting CXX compiler ABI info - done
[17.152s] -- Check for working CXX compiler: /usr/bin/c++ - skipped
[17.153s] -- Detecting CXX compile features
[17.154s] -- Detecting CXX compile features - done
[17.189s] -- Found ament_cmake: 1.3.12 (/opt/ros/humble/share/ament_cmake/cmake)
[17.728s] -- Found Python3: /usr/bin/python3 (found version "3.10.12") found components: Interpreter 
[18.087s] -- Found ament_index_cpp: 1.4.0 (/opt/ros/humble/share/ament_index_cpp/cmake)
[18.096s] -- Found geometry_msgs: 4.9.0 (/opt/ros/humble/share/geometry_msgs/cmake)
[18.574s] -- Found rosidl_generator_c: 3.1.7 (/opt/ros/humble/share/rosidl_generator_c/cmake)
[18.597s] -- Found rosidl_adapter: 3.1.7 (/opt/ros/humble/share/rosidl_adapter/cmake)
[18.632s] -- Found rosidl_generator_cpp: 3.1.7 (/opt/ros/humble/share/rosidl_generator_cpp/cmake)
[18.705s] -- Using all available rosidl_typesupport_c: rosidl_typesupport_fastrtps_c;rosidl_typesupport_introspection_c
[18.778s] -- Using all available rosidl_typesupport_cpp: rosidl_typesupport_fastrtps_cpp;rosidl_typesupport_introspection_cpp
[19.115s] -- Found rclcpp: 16.0.15 (/opt/ros/humble/share/rclcpp/cmake)
[19.244s] -- Found rmw_implementation_cmake: 6.1.2 (/opt/ros/humble/share/rmw_implementation_cmake/cmake)
[19.254s] -- Found rmw_fastrtps_cpp: 6.2.8 (/opt/ros/humble/share/rmw_fastrtps_cpp/cmake)
[23.599s] -- Found OpenSSL: /usr/lib/x86_64-linux-gnu/libcrypto.so (found version "3.0.2")  
[27.993s] -- Found FastRTPS: /opt/ros/humble/include  
[42.031s] -- Using RMW implementation 'rmw_fastrtps_cpp' as default
[42.089s] -- Looking for pthread.h
[42.681s] -- Looking for pthread.h - found
[42.683s] -- Performing Test CMAKE_HAVE_LIBC_PTHREAD
[43.224s] -- Performing Test CMAKE_HAVE_LIBC_PTHREAD - Success
[43.227s] -- Found Threads: TRUE  
[43.363s] -- Found rclcpp_action: 16.0.15 (/opt/ros/humble/share/rclcpp_action/cmake)
[43.454s] -- Found rosidl_default_generators: 1.2.0 (/opt/ros/humble/share/rosidl_default_generators/cmake)
[43.483s] -- Found std_srvs: 4.9.0 (/opt/ros/humble/share/std_srvs/cmake)
[44.044s] -- Found ament_cmake_ros: 0.10.0 (/opt/ros/humble/share/ament_cmake_ros/cmake)
[44.539s] -- Using all available rosidl_typesupport_c: rosidl_typesupport_fastrtps_c;rosidl_typesupport_introspection_c
[44.691s] -- Using all available rosidl_typesupport_cpp: rosidl_typesupport_fastrtps_cpp;rosidl_typesupport_introspection_cpp
[45.383s] -- Found PythonInterp: /usr/bin/python3 (found suitable version "3.10.12", minimum required is "3.6") 
[45.390s] -- Found python_cmake_module: 0.10.0 (/opt/ros/humble/share/python_cmake_module/cmake)
[47.631s] -- Found PythonLibs: /usr/lib/x86_64-linux-gnu/libpython3.10.so (found suitable version "3.10.12", minimum required is "3.5") 
[47.631s] -- Using PYTHON_EXECUTABLE: /usr/bin/python3
[47.631s] -- Using PYTHON_INCLUDE_DIRS: /usr/include/python3.10
[47.631s] -- Using PYTHON_LIBRARIES: /usr/lib/x86_64-linux-gnu/libpython3.10.so
[47.677s] -- Found PythonExtra: .so  
[48.123s] -- Configuring done
[48.191s] -- Generating done
[48.208s] -- Build files have been written to: /home/dongxu/ros2_ws/src/build/turtlesim
[48.220s] Invoked command in '/home/dongxu/ros2_ws/src/build/turtlesim' returned '0': CMAKE_PREFIX_PATH=${CMAKE_PREFIX_PATH}:/home/dongxu/ros2_ws/install/sutd_ws:/home/dongxu/ros2_ws/install/py_pubsub:/home/dongxu/ros2_ws/install/launch_testing_examples:/home/dongxu/ros2_ws/install/examples_rclpy_pointcloud_publisher:/home/dongxu/ros2_ws/install/examples_rclpy_minimal_subscriber:/home/dongxu/ros2_ws/install/examples_rclpy_minimal_service:/home/dongxu/ros2_ws/install/examples_rclpy_minimal_publisher:/home/dongxu/ros2_ws/install/examples_rclpy_minimal_client:/home/dongxu/ros2_ws/install/examples_rclpy_minimal_action_server:/home/dongxu/ros2_ws/install/examples_rclpy_minimal_action_client:/home/dongxu/ros2_ws/install/examples_rclpy_guard_conditions:/home/dongxu/ros2_ws/install/examples_rclpy_executors:/opt/ros/humble /usr/bin/cmake /home/dongxu/ros2_ws/src/ros_tutorials/turtlesim -DCMAKE_INSTALL_PREFIX=/home/dongxu/ros2_ws/src/install/turtlesim
[48.222s] Invoking command in '/home/dongxu/ros2_ws/src/build/turtlesim': CMAKE_PREFIX_PATH=${CMAKE_PREFIX_PATH}:/home/dongxu/ros2_ws/install/sutd_ws:/home/dongxu/ros2_ws/install/py_pubsub:/home/dongxu/ros2_ws/install/launch_testing_examples:/home/dongxu/ros2_ws/install/examples_rclpy_pointcloud_publisher:/home/dongxu/ros2_ws/install/examples_rclpy_minimal_subscriber:/home/dongxu/ros2_ws/install/examples_rclpy_minimal_service:/home/dongxu/ros2_ws/install/examples_rclpy_minimal_publisher:/home/dongxu/ros2_ws/install/examples_rclpy_minimal_client:/home/dongxu/ros2_ws/install/examples_rclpy_minimal_action_server:/home/dongxu/ros2_ws/install/examples_rclpy_minimal_action_client:/home/dongxu/ros2_ws/install/examples_rclpy_guard_conditions:/home/dongxu/ros2_ws/install/examples_rclpy_executors:/opt/ros/humble /usr/bin/cmake --build /home/dongxu/ros2_ws/src/build/turtlesim -- -j16 -l16
[48.276s] [  1%] [34m[1mGenerating C++ code for ROS interfaces[0m
[49.410s] [  1%] Built target turtlesim__cpp
[49.446s] [  1%] Built target ament_cmake_python_copy_turtlesim
[49.458s] [  2%] [34m[1mGenerating C++ introspection for ROS interfaces[0m
[49.979s] [  3%] [32mBuilding CXX object CMakeFiles/turtlesim__rosidl_typesupport_introspection_cpp.dir/rosidl_typesupport_introspection_cpp/turtlesim/action/detail/rotate_absolute__type_support.cpp.o[0m
[49.980s] [  5%] [32mBuilding CXX object CMakeFiles/turtlesim__rosidl_typesupport_introspection_cpp.dir/rosidl_typesupport_introspection_cpp/turtlesim/msg/detail/pose__type_support.cpp.o[0m
[49.980s] [  5%] [32mBuilding CXX object CMakeFiles/turtlesim__rosidl_typesupport_introspection_cpp.dir/rosidl_typesupport_introspection_cpp/turtlesim/msg/detail/color__type_support.cpp.o[0m
[49.982s] [  6%] [32mBuilding CXX object CMakeFiles/turtlesim__rosidl_typesupport_introspection_cpp.dir/rosidl_typesupport_introspection_cpp/turtlesim/srv/detail/kill__type_support.cpp.o[0m
[49.983s] [  7%] [32mBuilding CXX object CMakeFiles/turtlesim__rosidl_typesupport_introspection_cpp.dir/rosidl_typesupport_introspection_cpp/turtlesim/srv/detail/set_pen__type_support.cpp.o[0m
[50.377s] [  8%] [32mBuilding CXX object CMakeFiles/turtlesim__rosidl_typesupport_introspection_cpp.dir/rosidl_typesupport_introspection_cpp/turtlesim/srv/detail/teleport_relative__type_support.cpp.o[0m
[50.383s] [  9%] [32mBuilding CXX object CMakeFiles/turtlesim__rosidl_typesupport_introspection_cpp.dir/rosidl_typesupport_introspection_cpp/turtlesim/srv/detail/teleport_absolute__type_support.cpp.o[0m
[50.460s] [ 10%] [32mBuilding CXX object CMakeFiles/turtlesim__rosidl_typesupport_introspection_cpp.dir/rosidl_typesupport_introspection_cpp/turtlesim/srv/detail/spawn__type_support.cpp.o[0m
[50.833s] [ 11%] [32m[1mLinking CXX shared library libturtlesim__rosidl_typesupport_introspection_cpp.so[0m
[51.296s] [ 11%] Built target turtlesim__rosidl_typesupport_introspection_cpp
[51.307s] [ 12%] [34m[1mGenerating C++ type support dispatch for ROS interfaces[0m
[51.308s] [ 13%] [34m[1mGenerating C++ type support for eProsima Fast-RTPS[0m
[51.308s] [ 14%] [34m[1mGenerating C code for ROS interfaces[0m
[51.564s] running egg_info
[51.565s] creating turtlesim.egg-info
[51.565s] writing turtlesim.egg-info/PKG-INFO
[51.566s] writing dependency_links to turtlesim.egg-info/dependency_links.txt
[51.566s] writing top-level names to turtlesim.egg-info/top_level.txt
[51.566s] writing manifest file 'turtlesim.egg-info/SOURCES.txt'
[51.569s] reading manifest file 'turtlesim.egg-info/SOURCES.txt'
[51.570s] writing manifest file 'turtlesim.egg-info/SOURCES.txt'
[51.600s] [ 14%] Built target ament_cmake_python_build_turtlesim_egg
[51.819s] [ 15%] [32mBuilding CXX object CMakeFiles/turtlesim__rosidl_typesupport_cpp.dir/rosidl_typesupport_cpp/turtlesim/action/rotate_absolute__type_support.cpp.o[0m
[51.820s] [ 16%] [32mBuilding CXX object CMakeFiles/turtlesim__rosidl_typesupport_cpp.dir/rosidl_typesupport_cpp/turtlesim/msg/color__type_support.cpp.o[0m
[51.821s] [ 17%] [32mBuilding CXX object CMakeFiles/turtlesim__rosidl_typesupport_cpp.dir/rosidl_typesupport_cpp/turtlesim/msg/pose__type_support.cpp.o[0m
[51.823s] [ 18%] [32mBuilding CXX object CMakeFiles/turtlesim__rosidl_typesupport_cpp.dir/rosidl_typesupport_cpp/turtlesim/srv/set_pen__type_support.cpp.o[0m
[51.824s] [ 19%] [32mBuilding CXX object CMakeFiles/turtlesim__rosidl_typesupport_cpp.dir/rosidl_typesupport_cpp/turtlesim/srv/kill__type_support.cpp.o[0m
[52.088s] [ 20%] [32mBuilding CXX object CMakeFiles/turtlesim__rosidl_typesupport_cpp.dir/rosidl_typesupport_cpp/turtlesim/srv/teleport_relative__type_support.cpp.o[0m
[52.089s] [ 21%] [32mBuilding CXX object CMakeFiles/turtlesim__rosidl_typesupport_fastrtps_cpp.dir/rosidl_typesupport_fastrtps_cpp/turtlesim/action/detail/dds_fastrtps/rotate_absolute__type_support.cpp.o[0m
[52.089s] [ 22%] [32mBuilding CXX object CMakeFiles/turtlesim__rosidl_typesupport_fastrtps_cpp.dir/rosidl_typesupport_fastrtps_cpp/turtlesim/msg/detail/dds_fastrtps/pose__type_support.cpp.o[0m
[52.091s] [ 23%] [32mBuilding CXX object CMakeFiles/turtlesim__rosidl_typesupport_fastrtps_cpp.dir/rosidl_typesupport_fastrtps_cpp/turtlesim/srv/detail/dds_fastrtps/kill__type_support.cpp.o[0m
[52.092s] [ 24%] [32mBuilding CXX object CMakeFiles/turtlesim__rosidl_typesupport_fastrtps_cpp.dir/rosidl_typesupport_fastrtps_cpp/turtlesim/srv/detail/dds_fastrtps/set_pen__type_support.cpp.o[0m
[52.093s] [ 25%] [32mBuilding CXX object CMakeFiles/turtlesim__rosidl_typesupport_fastrtps_cpp.dir/rosidl_typesupport_fastrtps_cpp/turtlesim/msg/detail/dds_fastrtps/color__type_support.cpp.o[0m
[52.098s] [ 26%] [32mBuilding CXX object CMakeFiles/turtlesim__rosidl_typesupport_cpp.dir/rosidl_typesupport_cpp/turtlesim/srv/teleport_absolute__type_support.cpp.o[0m
[52.145s] [ 27%] [32mBuilding CXX object CMakeFiles/turtlesim__rosidl_typesupport_cpp.dir/rosidl_typesupport_cpp/turtlesim/srv/spawn__type_support.cpp.o[0m
[52.336s] [ 28%] [32mBuilding C object CMakeFiles/turtlesim__rosidl_generator_c.dir/rosidl_generator_c/turtlesim/msg/detail/color__functions.c.o[0m
[52.337s] [ 29%] [32mBuilding C object CMakeFiles/turtlesim__rosidl_generator_c.dir/rosidl_generator_c/turtlesim/action/detail/rotate_absolute__functions.c.o[0m
[52.337s] [ 30%] [32mBuilding C object CMakeFiles/turtlesim__rosidl_generator_c.dir/rosidl_generator_c/turtlesim/srv/detail/kill__functions.c.o[0m
[52.343s] [ 31%] [32mBuilding C object CMakeFiles/turtlesim__rosidl_generator_c.dir/rosidl_generator_c/turtlesim/msg/detail/pose__functions.c.o[0m
[52.441s] [ 32%] [32mBuilding C object CMakeFiles/turtlesim__rosidl_generator_c.dir/rosidl_generator_c/turtlesim/srv/detail/set_pen__functions.c.o[0m
[52.455s] [ 33%] [32mBuilding C object CMakeFiles/turtlesim__rosidl_generator_c.dir/rosidl_generator_c/turtlesim/srv/detail/teleport_absolute__functions.c.o[0m
[52.457s] [ 34%] [32mBuilding C object CMakeFiles/turtlesim__rosidl_generator_c.dir/rosidl_generator_c/turtlesim/srv/detail/spawn__functions.c.o[0m
[52.476s] [ 35%] [32mBuilding C object CMakeFiles/turtlesim__rosidl_generator_c.dir/rosidl_generator_c/turtlesim/srv/detail/teleport_relative__functions.c.o[0m
[52.591s] [ 36%] [32m[1mLinking C shared library libturtlesim__rosidl_generator_c.so[0m
[52.634s] [ 37%] [32m[1mLinking CXX shared library libturtlesim__rosidl_typesupport_cpp.so[0m
[52.721s] [ 38%] [32mBuilding CXX object CMakeFiles/turtlesim__rosidl_typesupport_fastrtps_cpp.dir/rosidl_typesupport_fastrtps_cpp/turtlesim/srv/detail/dds_fastrtps/teleport_relative__type_support.cpp.o[0m
[52.721s] [ 39%] [32mBuilding CXX object CMakeFiles/turtlesim__rosidl_typesupport_fastrtps_cpp.dir/rosidl_typesupport_fastrtps_cpp/turtlesim/srv/detail/dds_fastrtps/spawn__type_support.cpp.o[0m
[52.723s] [ 40%] [32mBuilding CXX object CMakeFiles/turtlesim__rosidl_typesupport_fastrtps_cpp.dir/rosidl_typesupport_fastrtps_cpp/turtlesim/srv/detail/dds_fastrtps/teleport_absolute__type_support.cpp.o[0m
[52.780s] [ 40%] Built target turtlesim__rosidl_generator_c
[52.791s] [ 41%] [34m[1mGenerating C introspection for ROS interfaces[0m
[52.792s] [ 42%] [34m[1mGenerating C type support for eProsima Fast-RTPS[0m
[52.793s] [ 43%] [34m[1mGenerating C type support dispatch for ROS interfaces[0m
[52.868s] [ 43%] Built target turtlesim__rosidl_typesupport_cpp
[52.880s] [ 44%] [34m[1mGenerating include/turtlesim/moc_turtle_frame.cpp[0m
[52.891s] [ 45%] [32mBuilding CXX object CMakeFiles/turtle_teleop_key.dir/tutorials/teleop_turtle_key.cpp.o[0m
[53.014s] [ 46%] [32mBuilding CXX object CMakeFiles/turtlesim_node.dir/include/turtlesim/moc_turtle_frame.cpp.o[0m
[53.014s] [ 47%] [32mBuilding CXX object CMakeFiles/turtlesim_node.dir/src/turtle_frame.cpp.o[0m
[53.014s] [ 48%] [32mBuilding CXX object CMakeFiles/turtlesim_node.dir/src/turtle.cpp.o[0m
[53.017s] [ 49%] [32mBuilding CXX object CMakeFiles/turtlesim_node.dir/src/turtlesim.cpp.o[0m
[53.305s] [ 50%] [32m[1mLinking CXX shared library libturtlesim__rosidl_typesupport_fastrtps_cpp.so[0m
[53.546s] [ 50%] Built target turtlesim__rosidl_typesupport_fastrtps_cpp
[53.576s] [ 51%] [32mBuilding CXX object CMakeFiles/mimic.dir/tutorials/mimic.cpp.o[0m
[53.617s] [ 52%] [32mBuilding CXX object CMakeFiles/turtlesim__rosidl_typesupport_c.dir/rosidl_typesupport_c/turtlesim/action/rotate_absolute__type_support.cpp.o[0m
[53.618s] [ 53%] [32mBuilding CXX object CMakeFiles/turtlesim__rosidl_typesupport_c.dir/rosidl_typesupport_c/turtlesim/msg/pose__type_support.cpp.o[0m
[53.620s] [ 54%] [32mBuilding CXX object CMakeFiles/turtlesim__rosidl_typesupport_c.dir/rosidl_typesupport_c/turtlesim/srv/kill__type_support.cpp.o[0m
[53.623s] [ 55%] [32mBuilding CXX object CMakeFiles/turtlesim__rosidl_typesupport_c.dir/rosidl_typesupport_c/turtlesim/msg/color__type_support.cpp.o[0m
[53.625s] [ 56%] [32mBuilding CXX object CMakeFiles/turtlesim__rosidl_typesupport_c.dir/rosidl_typesupport_c/turtlesim/srv/set_pen__type_support.cpp.o[0m
[53.674s] [ 57%] [32mBuilding CXX object CMakeFiles/turtlesim__rosidl_typesupport_c.dir/rosidl_typesupport_c/turtlesim/srv/teleport_absolute__type_support.cpp.o[0m
[53.678s] [ 58%] [32mBuilding CXX object CMakeFiles/turtlesim__rosidl_typesupport_c.dir/rosidl_typesupport_c/turtlesim/srv/teleport_relative__type_support.cpp.o[0m
[53.683s] [ 59%] [32mBuilding CXX object CMakeFiles/turtlesim__rosidl_typesupport_c.dir/rosidl_typesupport_c/turtlesim/srv/spawn__type_support.cpp.o[0m
[53.745s] [ 60%] [32m[1mLinking CXX shared library libturtlesim__rosidl_typesupport_c.so[0m
[53.943s] [ 60%] Built target turtlesim__rosidl_typesupport_c
[53.970s] [ 62%] [32mBuilding C object CMakeFiles/turtlesim__rosidl_typesupport_introspection_c.dir/rosidl_typesupport_introspection_c/turtlesim/msg/detail/color__type_support.c.o[0m
[53.970s] [ 62%] [32mBuilding C object CMakeFiles/turtlesim__rosidl_typesupport_introspection_c.dir/rosidl_typesupport_introspection_c/turtlesim/action/detail/rotate_absolute__type_support.c.o[0m
[53.971s] [ 63%] [32mBuilding C object CMakeFiles/turtlesim__rosidl_typesupport_introspection_c.dir/rosidl_typesupport_introspection_c/turtlesim/msg/detail/pose__type_support.c.o[0m
[53.972s] [ 64%] [32mBuilding C object CMakeFiles/turtlesim__rosidl_typesupport_introspection_c.dir/rosidl_typesupport_introspection_c/turtlesim/srv/detail/kill__type_support.c.o[0m
[53.979s] [ 65%] [32mBuilding C object CMakeFiles/turtlesim__rosidl_typesupport_introspection_c.dir/rosidl_typesupport_introspection_c/turtlesim/srv/detail/set_pen__type_support.c.o[0m
[53.986s] [ 66%] [32mBuilding CXX object CMakeFiles/draw_square.dir/tutorials/draw_square.cpp.o[0m
[54.032s] [ 67%] [32mBuilding C object CMakeFiles/turtlesim__rosidl_typesupport_introspection_c.dir/rosidl_typesupport_introspection_c/turtlesim/srv/detail/teleport_absolute__type_support.c.o[0m
[54.036s] [ 68%] [32mBuilding C object CMakeFiles/turtlesim__rosidl_typesupport_introspection_c.dir/rosidl_typesupport_introspection_c/turtlesim/srv/detail/teleport_relative__type_support.c.o[0m
[54.038s] [ 69%] [32mBuilding C object CMakeFiles/turtlesim__rosidl_typesupport_introspection_c.dir/rosidl_typesupport_introspection_c/turtlesim/srv/detail/spawn__type_support.c.o[0m
[54.109s] [ 70%] [32m[1mLinking C shared library libturtlesim__rosidl_typesupport_introspection_c.so[0m
[54.129s] [ 71%] [32mBuilding CXX object CMakeFiles/turtlesim__rosidl_typesupport_fastrtps_c.dir/rosidl_typesupport_fastrtps_c/turtlesim/action/detail/rotate_absolute__type_support_c.cpp.o[0m
[54.131s] [ 72%] [32mBuilding CXX object CMakeFiles/turtlesim__rosidl_typesupport_fastrtps_c.dir/rosidl_typesupport_fastrtps_c/turtlesim/msg/detail/color__type_support_c.cpp.o[0m
[54.131s] [ 73%] [32mBuilding CXX object CMakeFiles/turtlesim__rosidl_typesupport_fastrtps_c.dir/rosidl_typesupport_fastrtps_c/turtlesim/msg/detail/pose__type_support_c.cpp.o[0m
[54.131s] [ 74%] [32mBuilding CXX object CMakeFiles/turtlesim__rosidl_typesupport_fastrtps_c.dir/rosidl_typesupport_fastrtps_c/turtlesim/srv/detail/kill__type_support_c.cpp.o[0m
[54.135s] [ 75%] [32mBuilding CXX object CMakeFiles/turtlesim__rosidl_typesupport_fastrtps_c.dir/rosidl_typesupport_fastrtps_c/turtlesim/srv/detail/set_pen__type_support_c.cpp.o[0m
[54.309s] [ 75%] Built target turtlesim__rosidl_typesupport_introspection_c
[54.746s] [ 76%] [32mBuilding CXX object CMakeFiles/turtlesim__rosidl_typesupport_fastrtps_c.dir/rosidl_typesupport_fastrtps_c/turtlesim/srv/detail/teleport_absolute__type_support_c.cpp.o[0m
[54.746s] [ 77%] [32mBuilding CXX object CMakeFiles/turtlesim__rosidl_typesupport_fastrtps_c.dir/rosidl_typesupport_fastrtps_c/turtlesim/srv/detail/spawn__type_support_c.cpp.o[0m
[54.748s] [ 78%] [32mBuilding CXX object CMakeFiles/turtlesim__rosidl_typesupport_fastrtps_c.dir/rosidl_typesupport_fastrtps_c/turtlesim/srv/detail/teleport_relative__type_support_c.cpp.o[0m
[55.299s] [ 79%] [32m[1mLinking CXX shared library libturtlesim__rosidl_typesupport_fastrtps_c.so[0m
[55.537s] [ 79%] Built target turtlesim__rosidl_typesupport_fastrtps_c
[55.565s] [ 79%] Built target turtlesim
[55.588s] [ 80%] [34m[1mGenerating Python code for ROS interfaces[0m
[57.950s] [ 80%] Built target turtlesim__py
[57.987s] [ 84%] [32mBuilding C object CMakeFiles/turtlesim__rosidl_generator_py.dir/rosidl_generator_py/turtlesim/action/_rotate_absolute_s.c.o[0m
[57.987s] [ 84%] [32mBuilding C object CMakeFiles/turtlesim__rosidl_generator_py.dir/rosidl_generator_py/turtlesim/srv/_set_pen_s.c.o[0m
[57.987s] [ 84%] [32mBuilding C object CMakeFiles/turtlesim__rosidl_generator_py.dir/rosidl_generator_py/turtlesim/msg/_pose_s.c.o[0m
[57.987s] [ 84%] [32mBuilding C object CMakeFiles/turtlesim__rosidl_generator_py.dir/rosidl_generator_py/turtlesim/srv/_kill_s.c.o[0m
[57.989s] [ 85%] [32mBuilding C object CMakeFiles/turtlesim__rosidl_generator_py.dir/rosidl_generator_py/turtlesim/srv/_spawn_s.c.o[0m
[57.993s] [ 86%] [32mBuilding C object CMakeFiles/turtlesim__rosidl_generator_py.dir/rosidl_generator_py/turtlesim/msg/_color_s.c.o[0m
[58.235s] [ 87%] [32mBuilding C object CMakeFiles/turtlesim__rosidl_generator_py.dir/rosidl_generator_py/turtlesim/srv/_teleport_relative_s.c.o[0m
[58.247s] [ 88%] [32mBuilding C object CMakeFiles/turtlesim__rosidl_generator_py.dir/rosidl_generator_py/turtlesim/srv/_teleport_absolute_s.c.o[0m
[58.409s] [ 89%] [32m[1mLinking C shared library rosidl_generator_py/turtlesim/libturtlesim__rosidl_generator_py.so[0m
[58.633s] [ 89%] Built target turtlesim__rosidl_generator_py
[58.662s] [ 91%] [32mBuilding C object CMakeFiles/turtlesim__rosidl_typesupport_introspection_c__pyext.dir/rosidl_generator_py/turtlesim/_turtlesim_s.ep.rosidl_typesupport_introspection_c.c.o[0m
[58.662s] [ 91%] [32mBuilding C object CMakeFiles/turtlesim__rosidl_typesupport_fastrtps_c__pyext.dir/rosidl_generator_py/turtlesim/_turtlesim_s.ep.rosidl_typesupport_fastrtps_c.c.o[0m
[58.664s] [ 92%] [32mBuilding C object CMakeFiles/turtlesim__rosidl_typesupport_c__pyext.dir/rosidl_generator_py/turtlesim/_turtlesim_s.ep.rosidl_typesupport_c.c.o[0m
[58.917s] [ 93%] [32m[1mLinking C shared library rosidl_generator_py/turtlesim/turtlesim_s__rosidl_typesupport_introspection_c.cpython-310-x86_64-linux-gnu.so[0m
[58.917s] [ 94%] [32m[1mLinking C shared library rosidl_generator_py/turtlesim/turtlesim_s__rosidl_typesupport_fastrtps_c.cpython-310-x86_64-linux-gnu.so[0m
[58.925s] [ 95%] [32m[1mLinking C shared library rosidl_generator_py/turtlesim/turtlesim_s__rosidl_typesupport_c.cpython-310-x86_64-linux-gnu.so[0m
[59.054s] [ 95%] Built target turtlesim__rosidl_typesupport_introspection_c__pyext
[59.054s] [ 95%] Built target turtlesim__rosidl_typesupport_fastrtps_c__pyext
[59.056s] [ 95%] Built target turtlesim__rosidl_typesupport_c__pyext
[60.625s] [ 96%] [32m[1mLinking CXX executable turtle_teleop_key[0m
[61.201s] [ 96%] Built target turtle_teleop_key
[64.114s] [ 97%] [32m[1mLinking CXX executable mimic[0m
[64.680s] [ 98%] [32m[1mLinking CXX executable draw_square[0m
[64.798s] [ 98%] Built target mimic
[65.423s] [ 98%] Built target draw_square
[67.282s] [100%] [32m[1mLinking CXX executable turtlesim_node[0m
[70.858s] [100%] Built target turtlesim_node
[70.876s] Invoked command in '/home/dongxu/ros2_ws/src/build/turtlesim' returned '0': CMAKE_PREFIX_PATH=${CMAKE_PREFIX_PATH}:/home/dongxu/ros2_ws/install/sutd_ws:/home/dongxu/ros2_ws/install/py_pubsub:/home/dongxu/ros2_ws/install/launch_testing_examples:/home/dongxu/ros2_ws/install/examples_rclpy_pointcloud_publisher:/home/dongxu/ros2_ws/install/examples_rclpy_minimal_subscriber:/home/dongxu/ros2_ws/install/examples_rclpy_minimal_service:/home/dongxu/ros2_ws/install/examples_rclpy_minimal_publisher:/home/dongxu/ros2_ws/install/examples_rclpy_minimal_client:/home/dongxu/ros2_ws/install/examples_rclpy_minimal_action_server:/home/dongxu/ros2_ws/install/examples_rclpy_minimal_action_client:/home/dongxu/ros2_ws/install/examples_rclpy_guard_conditions:/home/dongxu/ros2_ws/install/examples_rclpy_executors:/opt/ros/humble /usr/bin/cmake --build /home/dongxu/ros2_ws/src/build/turtlesim -- -j16 -l16
[70.879s] Invoking command in '/home/dongxu/ros2_ws/src/build/turtlesim': CMAKE_PREFIX_PATH=${CMAKE_PREFIX_PATH}:/home/dongxu/ros2_ws/install/sutd_ws:/home/dongxu/ros2_ws/install/py_pubsub:/home/dongxu/ros2_ws/install/launch_testing_examples:/home/dongxu/ros2_ws/install/examples_rclpy_pointcloud_publisher:/home/dongxu/ros2_ws/install/examples_rclpy_minimal_subscriber:/home/dongxu/ros2_ws/install/examples_rclpy_minimal_service:/home/dongxu/ros2_ws/install/examples_rclpy_minimal_publisher:/home/dongxu/ros2_ws/install/examples_rclpy_minimal_client:/home/dongxu/ros2_ws/install/examples_rclpy_minimal_action_server:/home/dongxu/ros2_ws/install/examples_rclpy_minimal_action_client:/home/dongxu/ros2_ws/install/examples_rclpy_guard_conditions:/home/dongxu/ros2_ws/install/examples_rclpy_executors:/opt/ros/humble /usr/bin/cmake --install /home/dongxu/ros2_ws/src/build/turtlesim
[70.889s] -- Install configuration: ""
[70.890s] -- Installing: /home/dongxu/ros2_ws/src/install/turtlesim/share/ament_index/resource_index/rosidl_interfaces/turtlesim
[70.890s] -- Installing: /home/dongxu/ros2_ws/src/install/turtlesim/include/turtlesim/turtlesim
[70.891s] -- Installing: /home/dongxu/ros2_ws/src/install/turtlesim/include/turtlesim/turtlesim/srv
[70.891s] -- Installing: /home/dongxu/ros2_ws/src/install/turtlesim/include/turtlesim/turtlesim/srv/spawn.h
[70.892s] -- Installing: /home/dongxu/ros2_ws/src/install/turtlesim/include/turtlesim/turtlesim/srv/set_pen.h
[70.892s] -- Installing: /home/dongxu/ros2_ws/src/install/turtlesim/include/turtlesim/turtlesim/srv/teleport_absolute.h
[70.892s] -- Installing: /home/dongxu/ros2_ws/src/install/turtlesim/include/turtlesim/turtlesim/srv/teleport_relative.h
[70.893s] -- Installing: /home/dongxu/ros2_ws/src/install/turtlesim/include/turtlesim/turtlesim/srv/detail
[70.893s] -- Installing: /home/dongxu/ros2_ws/src/install/turtlesim/include/turtlesim/turtlesim/srv/detail/set_pen__struct.h
[70.893s] -- Installing: /home/dongxu/ros2_ws/src/install/turtlesim/include/turtlesim/turtlesim/srv/detail/kill__type_support.h
[70.893s] -- Installing: /home/dongxu/ros2_ws/src/install/turtlesim/include/turtlesim/turtlesim/srv/detail/teleport_relative__struct.h
[70.893s] -- Installing: /home/dongxu/ros2_ws/src/install/turtlesim/include/turtlesim/turtlesim/srv/detail/teleport_absolute__functions.h
[70.893s] -- Installing: /home/dongxu/ros2_ws/src/install/turtlesim/include/turtlesim/turtlesim/srv/detail/spawn__functions.h
[70.894s] -- Installing: /home/dongxu/ros2_ws/src/install/turtlesim/include/turtlesim/turtlesim/srv/detail/spawn__struct.h
[70.894s] -- Installing: /home/dongxu/ros2_ws/src/install/turtlesim/include/turtlesim/turtlesim/srv/detail/set_pen__functions.c
[70.894s] -- Installing: /home/dongxu/ros2_ws/src/install/turtlesim/include/turtlesim/turtlesim/srv/detail/teleport_relative__functions.h
[70.895s] -- Installing: /home/dongxu/ros2_ws/src/install/turtlesim/include/turtlesim/turtlesim/srv/detail/teleport_absolute__type_support.h
[70.895s] -- Installing: /home/dongxu/ros2_ws/src/install/turtlesim/include/turtlesim/turtlesim/srv/detail/set_pen__functions.h
[70.895s] -- Installing: /home/dongxu/ros2_ws/src/install/turtlesim/include/turtlesim/turtlesim/srv/detail/set_pen__type_support.h
[70.895s] -- Installing: /home/dongxu/ros2_ws/src/install/turtlesim/include/turtlesim/turtlesim/srv/detail/teleport_relative__functions.c
[70.895s] -- Installing: /home/dongxu/ros2_ws/src/install/turtlesim/include/turtlesim/turtlesim/srv/detail/teleport_relative__type_support.h
[70.896s] -- Installing: /home/dongxu/ros2_ws/src/install/turtlesim/include/turtlesim/turtlesim/srv/detail/spawn__functions.c
[70.896s] -- Installing: /home/dongxu/ros2_ws/src/install/turtlesim/include/turtlesim/turtlesim/srv/detail/kill__functions.h
[70.896s] -- Installing: /home/dongxu/ros2_ws/src/install/turtlesim/include/turtlesim/turtlesim/srv/detail/kill__struct.h
[70.896s] -- Installing: /home/dongxu/ros2_ws/src/install/turtlesim/include/turtlesim/turtlesim/srv/detail/teleport_absolute__struct.h
[70.896s] -- Installing: /home/dongxu/ros2_ws/src/install/turtlesim/include/turtlesim/turtlesim/srv/detail/spawn__type_support.h
[70.896s] -- Installing: /home/dongxu/ros2_ws/src/install/turtlesim/include/turtlesim/turtlesim/srv/detail/teleport_absolute__functions.c
[70.896s] -- Installing: /home/dongxu/ros2_ws/src/install/turtlesim/include/turtlesim/turtlesim/srv/detail/kill__functions.c
[70.897s] -- Installing: /home/dongxu/ros2_ws/src/install/turtlesim/include/turtlesim/turtlesim/srv/kill.h
[70.897s] -- Installing: /home/dongxu/ros2_ws/src/install/turtlesim/include/turtlesim/turtlesim/msg
[70.897s] -- Installing: /home/dongxu/ros2_ws/src/install/turtlesim/include/turtlesim/turtlesim/msg/detail
[70.897s] -- Installing: /home/dongxu/ros2_ws/src/install/turtlesim/include/turtlesim/turtlesim/msg/detail/pose__struct.h
[70.897s] -- Installing: /home/dongxu/ros2_ws/src/install/turtlesim/include/turtlesim/turtlesim/msg/detail/color__struct.h
[70.898s] -- Installing: /home/dongxu/ros2_ws/src/install/turtlesim/include/turtlesim/turtlesim/msg/detail/pose__type_support.h
[70.898s] -- Installing: /home/dongxu/ros2_ws/src/install/turtlesim/include/turtlesim/turtlesim/msg/detail/color__functions.c
[70.898s] -- Installing: /home/dongxu/ros2_ws/src/install/turtlesim/include/turtlesim/turtlesim/msg/detail/pose__functions.c
[70.898s] -- Installing: /home/dongxu/ros2_ws/src/install/turtlesim/include/turtlesim/turtlesim/msg/detail/pose__functions.h
[70.898s] -- Installing: /home/dongxu/ros2_ws/src/install/turtlesim/include/turtlesim/turtlesim/msg/detail/color__functions.h
[70.899s] -- Installing: /home/dongxu/ros2_ws/src/install/turtlesim/include/turtlesim/turtlesim/msg/detail/color__type_support.h
[70.899s] -- Installing: /home/dongxu/ros2_ws/src/install/turtlesim/include/turtlesim/turtlesim/msg/color.h
[70.899s] -- Installing: /home/dongxu/ros2_ws/src/install/turtlesim/include/turtlesim/turtlesim/msg/rosidl_generator_c__visibility_control.h
[70.899s] -- Installing: /home/dongxu/ros2_ws/src/install/turtlesim/include/turtlesim/turtlesim/msg/pose.h
[70.899s] -- Installing: /home/dongxu/ros2_ws/src/install/turtlesim/include/turtlesim/turtlesim/action
[70.899s] -- Installing: /home/dongxu/ros2_ws/src/install/turtlesim/include/turtlesim/turtlesim/action/detail
[70.900s] -- Installing: /home/dongxu/ros2_ws/src/install/turtlesim/include/turtlesim/turtlesim/action/detail/rotate_absolute__struct.h
[70.900s] -- Installing: /home/dongxu/ros2_ws/src/install/turtlesim/include/turtlesim/turtlesim/action/detail/rotate_absolute__type_support.h
[70.900s] -- Installing: /home/dongxu/ros2_ws/src/install/turtlesim/include/turtlesim/turtlesim/action/detail/rotate_absolute__functions.h
[70.900s] -- Installing: /home/dongxu/ros2_ws/src/install/turtlesim/include/turtlesim/turtlesim/action/detail/rotate_absolute__functions.c
[70.900s] -- Installing: /home/dongxu/ros2_ws/src/install/turtlesim/include/turtlesim/turtlesim/action/rotate_absolute.h
[70.901s] -- Installing: /home/dongxu/ros2_ws/src/install/turtlesim/share/turtlesim/environment/library_path.sh
[70.901s] -- Installing: /home/dongxu/ros2_ws/src/install/turtlesim/share/turtlesim/environment/library_path.dsv
[70.901s] -- Installing: /home/dongxu/ros2_ws/src/install/turtlesim/lib/libturtlesim__rosidl_generator_c.so
[70.901s] -- Set runtime path of "/home/dongxu/ros2_ws/src/install/turtlesim/lib/libturtlesim__rosidl_generator_c.so" to ""
[70.901s] -- Up-to-date: /home/dongxu/ros2_ws/src/install/turtlesim/include/turtlesim/turtlesim
[70.902s] -- Up-to-date: /home/dongxu/ros2_ws/src/install/turtlesim/include/turtlesim/turtlesim/srv
[70.902s] -- Up-to-date: /home/dongxu/ros2_ws/src/install/turtlesim/include/turtlesim/turtlesim/srv/detail
[70.902s] -- Installing: /home/dongxu/ros2_ws/src/install/turtlesim/include/turtlesim/turtlesim/srv/detail/set_pen__rosidl_typesupport_fastrtps_c.h
[70.902s] -- Installing: /home/dongxu/ros2_ws/src/install/turtlesim/include/turtlesim/turtlesim/srv/detail/teleport_relative__rosidl_typesupport_fastrtps_c.h
[70.902s] -- Installing: /home/dongxu/ros2_ws/src/install/turtlesim/include/turtlesim/turtlesim/srv/detail/spawn__rosidl_typesupport_fastrtps_c.h
[70.902s] -- Installing: /home/dongxu/ros2_ws/src/install/turtlesim/include/turtlesim/turtlesim/srv/detail/teleport_absolute__rosidl_typesupport_fastrtps_c.h
[70.903s] -- Installing: /home/dongxu/ros2_ws/src/install/turtlesim/include/turtlesim/turtlesim/srv/detail/kill__rosidl_typesupport_fastrtps_c.h
[70.903s] -- Up-to-date: /home/dongxu/ros2_ws/src/install/turtlesim/include/turtlesim/turtlesim/msg
[70.903s] -- Installing: /home/dongxu/ros2_ws/src/install/turtlesim/include/turtlesim/turtlesim/msg/rosidl_typesupport_fastrtps_c__visibility_control.h
[70.904s] -- Up-to-date: /home/dongxu/ros2_ws/src/install/turtlesim/include/turtlesim/turtlesim/msg/detail
[70.904s] -- Installing: /home/dongxu/ros2_ws/src/install/turtlesim/include/turtlesim/turtlesim/msg/detail/color__rosidl_typesupport_fastrtps_c.h
[70.904s] -- Installing: /home/dongxu/ros2_ws/src/install/turtlesim/include/turtlesim/turtlesim/msg/detail/pose__rosidl_typesupport_fastrtps_c.h
[70.905s] -- Up-to-date: /home/dongxu/ros2_ws/src/install/turtlesim/include/turtlesim/turtlesim/action
[70.905s] -- Up-to-date: /home/dongxu/ros2_ws/src/install/turtlesim/include/turtlesim/turtlesim/action/detail
[70.905s] -- Installing: /home/dongxu/ros2_ws/src/install/turtlesim/include/turtlesim/turtlesim/action/detail/rotate_absolute__rosidl_typesupport_fastrtps_c.h
[70.905s] -- Installing: /home/dongxu/ros2_ws/src/install/turtlesim/lib/libturtlesim__rosidl_typesupport_fastrtps_c.so
[70.905s] -- Set runtime path of "/home/dongxu/ros2_ws/src/install/turtlesim/lib/libturtlesim__rosidl_typesupport_fastrtps_c.so" to ""
[70.905s] -- Up-to-date: /home/dongxu/ros2_ws/src/install/turtlesim/include/turtlesim/turtlesim
[70.905s] -- Up-to-date: /home/dongxu/ros2_ws/src/install/turtlesim/include/turtlesim/turtlesim/srv
[70.906s] -- Installing: /home/dongxu/ros2_ws/src/install/turtlesim/include/turtlesim/turtlesim/srv/set_pen.hpp
[70.906s] -- Installing: /home/dongxu/ros2_ws/src/install/turtlesim/include/turtlesim/turtlesim/srv/spawn.hpp
[70.906s] -- Installing: /home/dongxu/ros2_ws/src/install/turtlesim/include/turtlesim/turtlesim/srv/kill.hpp
[70.906s] -- Up-to-date: /home/dongxu/ros2_ws/src/install/turtlesim/include/turtlesim/turtlesim/srv/detail
[70.906s] -- Installing: /home/dongxu/ros2_ws/src/install/turtlesim/include/turtlesim/turtlesim/srv/detail/spawn__builder.hpp
[70.907s] -- Installing: /home/dongxu/ros2_ws/src/install/turtlesim/include/turtlesim/turtlesim/srv/detail/teleport_absolute__struct.hpp
[70.907s] -- Installing: /home/dongxu/ros2_ws/src/install/turtlesim/include/turtlesim/turtlesim/srv/detail/teleport_relative__traits.hpp
[70.907s] -- Installing: /home/dongxu/ros2_ws/src/install/turtlesim/include/turtlesim/turtlesim/srv/detail/teleport_absolute__traits.hpp
[70.907s] -- Installing: /home/dongxu/ros2_ws/src/install/turtlesim/include/turtlesim/turtlesim/srv/detail/kill__builder.hpp
[70.907s] -- Installing: /home/dongxu/ros2_ws/src/install/turtlesim/include/turtlesim/turtlesim/srv/detail/teleport_relative__builder.hpp
[70.907s] -- Installing: /home/dongxu/ros2_ws/src/install/turtlesim/include/turtlesim/turtlesim/srv/detail/teleport_absolute__type_support.hpp
[70.908s] -- Installing: /home/dongxu/ros2_ws/src/install/turtlesim/include/turtlesim/turtlesim/srv/detail/spawn__type_support.hpp
[70.908s] -- Installing: /home/dongxu/ros2_ws/src/install/turtlesim/include/turtlesim/turtlesim/srv/detail/kill__struct.hpp
[70.908s] -- Installing: /home/dongxu/ros2_ws/src/install/turtlesim/include/turtlesim/turtlesim/srv/detail/kill__type_support.hpp
[70.909s] -- Installing: /home/dongxu/ros2_ws/src/install/turtlesim/include/turtlesim/turtlesim/srv/detail/teleport_relative__type_support.hpp
[70.909s] -- Installing: /home/dongxu/ros2_ws/src/install/turtlesim/include/turtlesim/turtlesim/srv/detail/spawn__traits.hpp
[70.909s] -- Installing: /home/dongxu/ros2_ws/src/install/turtlesim/include/turtlesim/turtlesim/srv/detail/set_pen__struct.hpp
[70.909s] -- Installing: /home/dongxu/ros2_ws/src/install/turtlesim/include/turtlesim/turtlesim/srv/detail/teleport_absolute__builder.hpp
[70.910s] -- Installing: /home/dongxu/ros2_ws/src/install/turtlesim/include/turtlesim/turtlesim/srv/detail/kill__traits.hpp
[70.910s] -- Installing: /home/dongxu/ros2_ws/src/install/turtlesim/include/turtlesim/turtlesim/srv/detail/spawn__struct.hpp
[70.910s] -- Installing: /home/dongxu/ros2_ws/src/install/turtlesim/include/turtlesim/turtlesim/srv/detail/teleport_relative__struct.hpp
[70.910s] -- Installing: /home/dongxu/ros2_ws/src/install/turtlesim/include/turtlesim/turtlesim/srv/detail/set_pen__builder.hpp
[70.911s] -- Installing: /home/dongxu/ros2_ws/src/install/turtlesim/include/turtlesim/turtlesim/srv/detail/set_pen__type_support.hpp
[70.911s] -- Installing: /home/dongxu/ros2_ws/src/install/turtlesim/include/turtlesim/turtlesim/srv/detail/set_pen__traits.hpp
[70.911s] -- Installing: /home/dongxu/ros2_ws/src/install/turtlesim/include/turtlesim/turtlesim/srv/teleport_relative.hpp
[70.911s] -- Installing: /home/dongxu/ros2_ws/src/install/turtlesim/include/turtlesim/turtlesim/srv/teleport_absolute.hpp
[70.911s] -- Up-to-date: /home/dongxu/ros2_ws/src/install/turtlesim/include/turtlesim/turtlesim/msg
[70.911s] -- Installing: /home/dongxu/ros2_ws/src/install/turtlesim/include/turtlesim/turtlesim/msg/rosidl_generator_cpp__visibility_control.hpp
[70.912s] -- Installing: /home/dongxu/ros2_ws/src/install/turtlesim/include/turtlesim/turtlesim/msg/color.hpp
[70.912s] -- Up-to-date: /home/dongxu/ros2_ws/src/install/turtlesim/include/turtlesim/turtlesim/msg/detail
[70.912s] -- Installing: /home/dongxu/ros2_ws/src/install/turtlesim/include/turtlesim/turtlesim/msg/detail/pose__builder.hpp
[70.912s] -- Installing: /home/dongxu/ros2_ws/src/install/turtlesim/include/turtlesim/turtlesim/msg/detail/color__type_support.hpp
[70.912s] -- Installing: /home/dongxu/ros2_ws/src/install/turtlesim/include/turtlesim/turtlesim/msg/detail/pose__traits.hpp
[70.913s] -- Installing: /home/dongxu/ros2_ws/src/install/turtlesim/include/turtlesim/turtlesim/msg/detail/color__builder.hpp
[70.913s] -- Installing: /home/dongxu/ros2_ws/src/install/turtlesim/include/turtlesim/turtlesim/msg/detail/color__traits.hpp
[70.913s] -- Installing: /home/dongxu/ros2_ws/src/install/turtlesim/include/turtlesim/turtlesim/msg/detail/color__struct.hpp
[70.913s] -- Installing: /home/dongxu/ros2_ws/src/install/turtlesim/include/turtlesim/turtlesim/msg/detail/pose__struct.hpp
[70.914s] -- Installing: /home/dongxu/ros2_ws/src/install/turtlesim/include/turtlesim/turtlesim/msg/detail/pose__type_support.hpp
[70.914s] -- Installing: /home/dongxu/ros2_ws/src/install/turtlesim/include/turtlesim/turtlesim/msg/pose.hpp
[70.914s] -- Up-to-date: /home/dongxu/ros2_ws/src/install/turtlesim/include/turtlesim/turtlesim/action
[70.914s] -- Installing: /home/dongxu/ros2_ws/src/install/turtlesim/include/turtlesim/turtlesim/action/rotate_absolute.hpp
[70.914s] -- Up-to-date: /home/dongxu/ros2_ws/src/install/turtlesim/include/turtlesim/turtlesim/action/detail
[70.915s] -- Installing: /home/dongxu/ros2_ws/src/install/turtlesim/include/turtlesim/turtlesim/action/detail/rotate_absolute__builder.hpp
[70.915s] -- Installing: /home/dongxu/ros2_ws/src/install/turtlesim/include/turtlesim/turtlesim/action/detail/rotate_absolute__type_support.hpp
[70.915s] -- Installing: /home/dongxu/ros2_ws/src/install/turtlesim/include/turtlesim/turtlesim/action/detail/rotate_absolute__traits.hpp
[70.915s] -- Installing: /home/dongxu/ros2_ws/src/install/turtlesim/include/turtlesim/turtlesim/action/detail/rotate_absolute__struct.hpp
[70.915s] -- Up-to-date: /home/dongxu/ros2_ws/src/install/turtlesim/include/turtlesim/turtlesim
[70.915s] -- Up-to-date: /home/dongxu/ros2_ws/src/install/turtlesim/include/turtlesim/turtlesim/srv
[70.915s] -- Up-to-date: /home/dongxu/ros2_ws/src/install/turtlesim/include/turtlesim/turtlesim/srv/detail
[70.916s] -- Installing: /home/dongxu/ros2_ws/src/install/turtlesim/include/turtlesim/turtlesim/srv/detail/dds_fastrtps
[70.916s] -- Installing: /home/dongxu/ros2_ws/src/install/turtlesim/include/turtlesim/turtlesim/srv/detail/kill__rosidl_typesupport_fastrtps_cpp.hpp
[70.916s] -- Installing: /home/dongxu/ros2_ws/src/install/turtlesim/include/turtlesim/turtlesim/srv/detail/teleport_absolute__rosidl_typesupport_fastrtps_cpp.hpp
[70.916s] -- Installing: /home/dongxu/ros2_ws/src/install/turtlesim/include/turtlesim/turtlesim/srv/detail/teleport_relative__rosidl_typesupport_fastrtps_cpp.hpp
[70.916s] -- Installing: /home/dongxu/ros2_ws/src/install/turtlesim/include/turtlesim/turtlesim/srv/detail/set_pen__rosidl_typesupport_fastrtps_cpp.hpp
[70.916s] -- Installing: /home/dongxu/ros2_ws/src/install/turtlesim/include/turtlesim/turtlesim/srv/detail/spawn__rosidl_typesupport_fastrtps_cpp.hpp
[70.916s] -- Up-to-date: /home/dongxu/ros2_ws/src/install/turtlesim/include/turtlesim/turtlesim/msg
[70.917s] -- Up-to-date: /home/dongxu/ros2_ws/src/install/turtlesim/include/turtlesim/turtlesim/msg/detail
[70.917s] -- Installing: /home/dongxu/ros2_ws/src/install/turtlesim/include/turtlesim/turtlesim/msg/detail/dds_fastrtps
[70.917s] -- Installing: /home/dongxu/ros2_ws/src/install/turtlesim/include/turtlesim/turtlesim/msg/detail/color__rosidl_typesupport_fastrtps_cpp.hpp
[70.917s] -- Installing: /home/dongxu/ros2_ws/src/install/turtlesim/include/turtlesim/turtlesim/msg/detail/pose__rosidl_typesupport_fastrtps_cpp.hpp
[70.917s] -- Installing: /home/dongxu/ros2_ws/src/install/turtlesim/include/turtlesim/turtlesim/msg/rosidl_typesupport_fastrtps_cpp__visibility_control.h
[70.917s] -- Up-to-date: /home/dongxu/ros2_ws/src/install/turtlesim/include/turtlesim/turtlesim/action
[70.917s] -- Up-to-date: /home/dongxu/ros2_ws/src/install/turtlesim/include/turtlesim/turtlesim/action/detail
[70.917s] -- Installing: /home/dongxu/ros2_ws/src/install/turtlesim/include/turtlesim/turtlesim/action/detail/dds_fastrtps
[70.918s] -- Installing: /home/dongxu/ros2_ws/src/install/turtlesim/include/turtlesim/turtlesim/action/detail/rotate_absolute__rosidl_typesupport_fastrtps_cpp.hpp
[70.918s] -- Installing: /home/dongxu/ros2_ws/src/install/turtlesim/lib/libturtlesim__rosidl_typesupport_fastrtps_cpp.so
[70.918s] -- Set runtime path of "/home/dongxu/ros2_ws/src/install/turtlesim/lib/libturtlesim__rosidl_typesupport_fastrtps_cpp.so" to ""
[70.918s] -- Up-to-date: /home/dongxu/ros2_ws/src/install/turtlesim/include/turtlesim/turtlesim
[70.918s] -- Up-to-date: /home/dongxu/ros2_ws/src/install/turtlesim/include/turtlesim/turtlesim/srv
[70.918s] -- Up-to-date: /home/dongxu/ros2_ws/src/install/turtlesim/include/turtlesim/turtlesim/srv/detail
[70.919s] -- Installing: /home/dongxu/ros2_ws/src/install/turtlesim/include/turtlesim/turtlesim/srv/detail/spawn__type_support.c
[70.919s] -- Installing: /home/dongxu/ros2_ws/src/install/turtlesim/include/turtlesim/turtlesim/srv/detail/set_pen__rosidl_typesupport_introspection_c.h
[70.919s] -- Installing: /home/dongxu/ros2_ws/src/install/turtlesim/include/turtlesim/turtlesim/srv/detail/kill__rosidl_typesupport_introspection_c.h
[70.919s] -- Installing: /home/dongxu/ros2_ws/src/install/turtlesim/include/turtlesim/turtlesim/srv/detail/spawn__rosidl_typesupport_introspection_c.h
[70.919s] -- Installing: /home/dongxu/ros2_ws/src/install/turtlesim/include/turtlesim/turtlesim/srv/detail/teleport_absolute__type_support.c
[70.920s] -- Installing: /home/dongxu/ros2_ws/src/install/turtlesim/include/turtlesim/turtlesim/srv/detail/teleport_absolute__rosidl_typesupport_introspection_c.h
[70.920s] -- Installing: /home/dongxu/ros2_ws/src/install/turtlesim/include/turtlesim/turtlesim/srv/detail/set_pen__type_support.c
[70.920s] -- Installing: /home/dongxu/ros2_ws/src/install/turtlesim/include/turtlesim/turtlesim/srv/detail/teleport_relative__type_support.c
[70.920s] -- Installing: /home/dongxu/ros2_ws/src/install/turtlesim/include/turtlesim/turtlesim/srv/detail/teleport_relative__rosidl_typesupport_introspection_c.h
[70.920s] -- Installing: /home/dongxu/ros2_ws/src/install/turtlesim/include/turtlesim/turtlesim/srv/detail/kill__type_support.c
[70.920s] -- Up-to-date: /home/dongxu/ros2_ws/src/install/turtlesim/include/turtlesim/turtlesim/msg
[70.920s] -- Installing: /home/dongxu/ros2_ws/src/install/turtlesim/include/turtlesim/turtlesim/msg/rosidl_typesupport_introspection_c__visibility_control.h
[70.920s] -- Up-to-date: /home/dongxu/ros2_ws/src/install/turtlesim/include/turtlesim/turtlesim/msg/detail
[70.921s] -- Installing: /home/dongxu/ros2_ws/src/install/turtlesim/include/turtlesim/turtlesim/msg/detail/pose__type_support.c
[70.921s] -- Installing: /home/dongxu/ros2_ws/src/install/turtlesim/include/turtlesim/turtlesim/msg/detail/color__rosidl_typesupport_introspection_c.h
[70.921s] -- Installing: /home/dongxu/ros2_ws/src/install/turtlesim/include/turtlesim/turtlesim/msg/detail/pose__rosidl_typesupport_introspection_c.h
[70.921s] -- Installing: /home/dongxu/ros2_ws/src/install/turtlesim/include/turtlesim/turtlesim/msg/detail/color__type_support.c
[70.922s] -- Up-to-date: /home/dongxu/ros2_ws/src/install/turtlesim/include/turtlesim/turtlesim/action
[70.922s] -- Up-to-date: /home/dongxu/ros2_ws/src/install/turtlesim/include/turtlesim/turtlesim/action/detail
[70.922s] -- Installing: /home/dongxu/ros2_ws/src/install/turtlesim/include/turtlesim/turtlesim/action/detail/rotate_absolute__type_support.c
[70.922s] -- Installing: /home/dongxu/ros2_ws/src/install/turtlesim/include/turtlesim/turtlesim/action/detail/rotate_absolute__rosidl_typesupport_introspection_c.h
[70.922s] -- Installing: /home/dongxu/ros2_ws/src/install/turtlesim/lib/libturtlesim__rosidl_typesupport_introspection_c.so
[70.923s] -- Set runtime path of "/home/dongxu/ros2_ws/src/install/turtlesim/lib/libturtlesim__rosidl_typesupport_introspection_c.so" to ""
[70.923s] -- Installing: /home/dongxu/ros2_ws/src/install/turtlesim/lib/libturtlesim__rosidl_typesupport_c.so
[70.923s] -- Set runtime path of "/home/dongxu/ros2_ws/src/install/turtlesim/lib/libturtlesim__rosidl_typesupport_c.so" to ""
[70.923s] -- Up-to-date: /home/dongxu/ros2_ws/src/install/turtlesim/include/turtlesim/turtlesim
[70.923s] -- Up-to-date: /home/dongxu/ros2_ws/src/install/turtlesim/include/turtlesim/turtlesim/srv
[70.923s] -- Up-to-date: /home/dongxu/ros2_ws/src/install/turtlesim/include/turtlesim/turtlesim/srv/detail
[70.923s] -- Installing: /home/dongxu/ros2_ws/src/install/turtlesim/include/turtlesim/turtlesim/srv/detail/teleport_relative__rosidl_typesupport_introspection_cpp.hpp
[70.923s] -- Installing: /home/dongxu/ros2_ws/src/install/turtlesim/include/turtlesim/turtlesim/srv/detail/spawn__rosidl_typesupport_introspection_cpp.hpp
[70.923s] -- Installing: /home/dongxu/ros2_ws/src/install/turtlesim/include/turtlesim/turtlesim/srv/detail/teleport_absolute__type_support.cpp
[70.923s] -- Installing: /home/dongxu/ros2_ws/src/install/turtlesim/include/turtlesim/turtlesim/srv/detail/kill__type_support.cpp
[70.923s] -- Installing: /home/dongxu/ros2_ws/src/install/turtlesim/include/turtlesim/turtlesim/srv/detail/set_pen__type_support.cpp
[70.923s] -- Installing: /home/dongxu/ros2_ws/src/install/turtlesim/include/turtlesim/turtlesim/srv/detail/kill__rosidl_typesupport_introspection_cpp.hpp
[70.923s] -- Installing: /home/dongxu/ros2_ws/src/install/turtlesim/include/turtlesim/turtlesim/srv/detail/teleport_absolute__rosidl_typesupport_introspection_cpp.hpp
[70.924s] -- Installing: /home/dongxu/ros2_ws/src/install/turtlesim/include/turtlesim/turtlesim/srv/detail/set_pen__rosidl_typesupport_introspection_cpp.hpp
[70.924s] -- Installing: /home/dongxu/ros2_ws/src/install/turtlesim/include/turtlesim/turtlesim/srv/detail/teleport_relative__type_support.cpp
[70.924s] -- Installing: /home/dongxu/ros2_ws/src/install/turtlesim/include/turtlesim/turtlesim/srv/detail/spawn__type_support.cpp
[70.924s] -- Up-to-date: /home/dongxu/ros2_ws/src/install/turtlesim/include/turtlesim/turtlesim/msg
[70.924s] -- Up-to-date: /home/dongxu/ros2_ws/src/install/turtlesim/include/turtlesim/turtlesim/msg/detail
[70.924s] -- Installing: /home/dongxu/ros2_ws/src/install/turtlesim/include/turtlesim/turtlesim/msg/detail/color__type_support.cpp
[70.924s] -- Installing: /home/dongxu/ros2_ws/src/install/turtlesim/include/turtlesim/turtlesim/msg/detail/color__rosidl_typesupport_introspection_cpp.hpp
[70.924s] -- Installing: /home/dongxu/ros2_ws/src/install/turtlesim/include/turtlesim/turtlesim/msg/detail/pose__rosidl_typesupport_introspection_cpp.hpp
[70.924s] -- Installing: /home/dongxu/ros2_ws/src/install/turtlesim/include/turtlesim/turtlesim/msg/detail/pose__type_support.cpp
[70.924s] -- Up-to-date: /home/dongxu/ros2_ws/src/install/turtlesim/include/turtlesim/turtlesim/action
[70.925s] -- Up-to-date: /home/dongxu/ros2_ws/src/install/turtlesim/include/turtlesim/turtlesim/action/detail
[70.925s] -- Installing: /home/dongxu/ros2_ws/src/install/turtlesim/include/turtlesim/turtlesim/action/detail/rotate_absolute__type_support.cpp
[70.925s] -- Installing: /home/dongxu/ros2_ws/src/install/turtlesim/include/turtlesim/turtlesim/action/detail/rotate_absolute__rosidl_typesupport_introspection_cpp.hpp
[70.925s] -- Installing: /home/dongxu/ros2_ws/src/install/turtlesim/lib/libturtlesim__rosidl_typesupport_introspection_cpp.so
[70.925s] -- Set runtime path of "/home/dongxu/ros2_ws/src/install/turtlesim/lib/libturtlesim__rosidl_typesupport_introspection_cpp.so" to ""
[70.926s] -- Installing: /home/dongxu/ros2_ws/src/install/turtlesim/lib/libturtlesim__rosidl_typesupport_cpp.so
[70.926s] -- Set runtime path of "/home/dongxu/ros2_ws/src/install/turtlesim/lib/libturtlesim__rosidl_typesupport_cpp.so" to ""
[70.926s] -- Installing: /home/dongxu/ros2_ws/src/install/turtlesim/share/turtlesim/environment/pythonpath.sh
[70.926s] -- Installing: /home/dongxu/ros2_ws/src/install/turtlesim/share/turtlesim/environment/pythonpath.dsv
[70.926s] -- Installing: /home/dongxu/ros2_ws/src/install/turtlesim/local/lib/python3.10/dist-packages/turtlesim-1.4.2-py3.10.egg-info
[70.926s] -- Installing: /home/dongxu/ros2_ws/src/install/turtlesim/local/lib/python3.10/dist-packages/turtlesim-1.4.2-py3.10.egg-info/dependency_links.txt
[70.926s] -- Installing: /home/dongxu/ros2_ws/src/install/turtlesim/local/lib/python3.10/dist-packages/turtlesim-1.4.2-py3.10.egg-info/PKG-INFO
[70.926s] -- Installing: /home/dongxu/ros2_ws/src/install/turtlesim/local/lib/python3.10/dist-packages/turtlesim-1.4.2-py3.10.egg-info/top_level.txt
[70.926s] -- Installing: /home/dongxu/ros2_ws/src/install/turtlesim/local/lib/python3.10/dist-packages/turtlesim-1.4.2-py3.10.egg-info/SOURCES.txt
[70.927s] -- Installing: /home/dongxu/ros2_ws/src/install/turtlesim/local/lib/python3.10/dist-packages/turtlesim
[70.927s] -- Installing: /home/dongxu/ros2_ws/src/install/turtlesim/local/lib/python3.10/dist-packages/turtlesim/_turtlesim_s.ep.rosidl_typesupport_fastrtps_c.c
[70.927s] -- Installing: /home/dongxu/ros2_ws/src/install/turtlesim/local/lib/python3.10/dist-packages/turtlesim/_turtlesim_s.ep.rosidl_typesupport_introspection_c.c
[70.927s] -- Installing: /home/dongxu/ros2_ws/src/install/turtlesim/local/lib/python3.10/dist-packages/turtlesim/turtlesim_s__rosidl_typesupport_introspection_c.cpython-310-x86_64-linux-gnu.so
[70.927s] -- Installing: /home/dongxu/ros2_ws/src/install/turtlesim/local/lib/python3.10/dist-packages/turtlesim/libturtlesim__rosidl_generator_py.so
[70.928s] -- Installing: /home/dongxu/ros2_ws/src/install/turtlesim/local/lib/python3.10/dist-packages/turtlesim/srv
[70.928s] -- Installing: /home/dongxu/ros2_ws/src/install/turtlesim/local/lib/python3.10/dist-packages/turtlesim/srv/_teleport_relative_s.c
[70.928s] -- Installing: /home/dongxu/ros2_ws/src/install/turtlesim/local/lib/python3.10/dist-packages/turtlesim/srv/_set_pen.py
[70.928s] -- Installing: /home/dongxu/ros2_ws/src/install/turtlesim/local/lib/python3.10/dist-packages/turtlesim/srv/_spawn_s.c
[70.928s] -- Installing: /home/dongxu/ros2_ws/src/install/turtlesim/local/lib/python3.10/dist-packages/turtlesim/srv/_teleport_absolute_s.c
[70.928s] -- Installing: /home/dongxu/ros2_ws/src/install/turtlesim/local/lib/python3.10/dist-packages/turtlesim/srv/_set_pen_s.c
[70.929s] -- Installing: /home/dongxu/ros2_ws/src/install/turtlesim/local/lib/python3.10/dist-packages/turtlesim/srv/_kill.py
[70.929s] -- Installing: /home/dongxu/ros2_ws/src/install/turtlesim/local/lib/python3.10/dist-packages/turtlesim/srv/_teleport_relative.py
[70.929s] -- Installing: /home/dongxu/ros2_ws/src/install/turtlesim/local/lib/python3.10/dist-packages/turtlesim/srv/_teleport_absolute.py
[70.930s] -- Installing: /home/dongxu/ros2_ws/src/install/turtlesim/local/lib/python3.10/dist-packages/turtlesim/srv/_spawn.py
[70.930s] -- Installing: /home/dongxu/ros2_ws/src/install/turtlesim/local/lib/python3.10/dist-packages/turtlesim/srv/_kill_s.c
[70.930s] -- Installing: /home/dongxu/ros2_ws/src/install/turtlesim/local/lib/python3.10/dist-packages/turtlesim/srv/__init__.py
[70.930s] -- Installing: /home/dongxu/ros2_ws/src/install/turtlesim/local/lib/python3.10/dist-packages/turtlesim/msg
[70.930s] -- Installing: /home/dongxu/ros2_ws/src/install/turtlesim/local/lib/python3.10/dist-packages/turtlesim/msg/_pose.py
[70.931s] -- Installing: /home/dongxu/ros2_ws/src/install/turtlesim/local/lib/python3.10/dist-packages/turtlesim/msg/_pose_s.c
[70.931s] -- Installing: /home/dongxu/ros2_ws/src/install/turtlesim/local/lib/python3.10/dist-packages/turtlesim/msg/_color_s.c
[70.931s] -- Installing: /home/dongxu/ros2_ws/src/install/turtlesim/local/lib/python3.10/dist-packages/turtlesim/msg/_color.py
[70.931s] -- Installing: /home/dongxu/ros2_ws/src/install/turtlesim/local/lib/python3.10/dist-packages/turtlesim/msg/__init__.py
[70.931s] -- Installing: /home/dongxu/ros2_ws/src/install/turtlesim/local/lib/python3.10/dist-packages/turtlesim/turtlesim_s__rosidl_typesupport_fastrtps_c.cpython-310-x86_64-linux-gnu.so
[70.931s] -- Installing: /home/dongxu/ros2_ws/src/install/turtlesim/local/lib/python3.10/dist-packages/turtlesim/action
[70.931s] -- Installing: /home/dongxu/ros2_ws/src/install/turtlesim/local/lib/python3.10/dist-packages/turtlesim/action/_rotate_absolute.py
[70.931s] -- Installing: /home/dongxu/ros2_ws/src/install/turtlesim/local/lib/python3.10/dist-packages/turtlesim/action/_rotate_absolute_s.c
[70.931s] -- Installing: /home/dongxu/ros2_ws/src/install/turtlesim/local/lib/python3.10/dist-packages/turtlesim/action/__init__.py
[70.931s] -- Installing: /home/dongxu/ros2_ws/src/install/turtlesim/local/lib/python3.10/dist-packages/turtlesim/turtlesim_s__rosidl_typesupport_c.cpython-310-x86_64-linux-gnu.so
[70.931s] -- Installing: /home/dongxu/ros2_ws/src/install/turtlesim/local/lib/python3.10/dist-packages/turtlesim/_turtlesim_s.ep.rosidl_typesupport_c.c
[70.932s] -- Installing: /home/dongxu/ros2_ws/src/install/turtlesim/local/lib/python3.10/dist-packages/turtlesim/__init__.py
[71.000s] Listing '/home/dongxu/ros2_ws/src/install/turtlesim/local/lib/python3.10/dist-packages/turtlesim'...
[71.000s] Compiling '/home/dongxu/ros2_ws/src/install/turtlesim/local/lib/python3.10/dist-packages/turtlesim/__init__.py'...
[71.000s] Listing '/home/dongxu/ros2_ws/src/install/turtlesim/local/lib/python3.10/dist-packages/turtlesim/action'...
[71.000s] Compiling '/home/dongxu/ros2_ws/src/install/turtlesim/local/lib/python3.10/dist-packages/turtlesim/action/__init__.py'...
[71.000s] Compiling '/home/dongxu/ros2_ws/src/install/turtlesim/local/lib/python3.10/dist-packages/turtlesim/action/_rotate_absolute.py'...
[71.000s] Listing '/home/dongxu/ros2_ws/src/install/turtlesim/local/lib/python3.10/dist-packages/turtlesim/msg'...
[71.000s] Compiling '/home/dongxu/ros2_ws/src/install/turtlesim/local/lib/python3.10/dist-packages/turtlesim/msg/__init__.py'...
[71.000s] Compiling '/home/dongxu/ros2_ws/src/install/turtlesim/local/lib/python3.10/dist-packages/turtlesim/msg/_color.py'...
[71.000s] Compiling '/home/dongxu/ros2_ws/src/install/turtlesim/local/lib/python3.10/dist-packages/turtlesim/msg/_pose.py'...
[71.000s] Listing '/home/dongxu/ros2_ws/src/install/turtlesim/local/lib/python3.10/dist-packages/turtlesim/srv'...
[71.000s] Compiling '/home/dongxu/ros2_ws/src/install/turtlesim/local/lib/python3.10/dist-packages/turtlesim/srv/__init__.py'...
[71.000s] Compiling '/home/dongxu/ros2_ws/src/install/turtlesim/local/lib/python3.10/dist-packages/turtlesim/srv/_kill.py'...
[71.000s] Compiling '/home/dongxu/ros2_ws/src/install/turtlesim/local/lib/python3.10/dist-packages/turtlesim/srv/_set_pen.py'...
[71.000s] Compiling '/home/dongxu/ros2_ws/src/install/turtlesim/local/lib/python3.10/dist-packages/turtlesim/srv/_spawn.py'...
[71.000s] Compiling '/home/dongxu/ros2_ws/src/install/turtlesim/local/lib/python3.10/dist-packages/turtlesim/srv/_teleport_absolute.py'...
[71.000s] Compiling '/home/dongxu/ros2_ws/src/install/turtlesim/local/lib/python3.10/dist-packages/turtlesim/srv/_teleport_relative.py'...
[71.005s] -- Installing: /home/dongxu/ros2_ws/src/install/turtlesim/local/lib/python3.10/dist-packages/turtlesim/turtlesim_s__rosidl_typesupport_fastrtps_c.cpython-310-x86_64-linux-gnu.so
[71.006s] -- Set runtime path of "/home/dongxu/ros2_ws/src/install/turtlesim/local/lib/python3.10/dist-packages/turtlesim/turtlesim_s__rosidl_typesupport_fastrtps_c.cpython-310-x86_64-linux-gnu.so" to ""
[71.006s] -- Installing: /home/dongxu/ros2_ws/src/install/turtlesim/local/lib/python3.10/dist-packages/turtlesim/turtlesim_s__rosidl_typesupport_introspection_c.cpython-310-x86_64-linux-gnu.so
[71.006s] -- Set runtime path of "/home/dongxu/ros2_ws/src/install/turtlesim/local/lib/python3.10/dist-packages/turtlesim/turtlesim_s__rosidl_typesupport_introspection_c.cpython-310-x86_64-linux-gnu.so" to ""
[71.006s] -- Installing: /home/dongxu/ros2_ws/src/install/turtlesim/local/lib/python3.10/dist-packages/turtlesim/turtlesim_s__rosidl_typesupport_c.cpython-310-x86_64-linux-gnu.so
[71.007s] -- Set runtime path of "/home/dongxu/ros2_ws/src/install/turtlesim/local/lib/python3.10/dist-packages/turtlesim/turtlesim_s__rosidl_typesupport_c.cpython-310-x86_64-linux-gnu.so" to ""
[71.007s] -- Installing: /home/dongxu/ros2_ws/src/install/turtlesim/lib/libturtlesim__rosidl_generator_py.so
[71.007s] -- Set runtime path of "/home/dongxu/ros2_ws/src/install/turtlesim/lib/libturtlesim__rosidl_generator_py.so" to ""
[71.007s] -- Installing: /home/dongxu/ros2_ws/src/install/turtlesim/share/turtlesim/action/RotateAbsolute.idl
[71.008s] -- Installing: /home/dongxu/ros2_ws/src/install/turtlesim/share/turtlesim/msg/Color.idl
[71.008s] -- Installing: /home/dongxu/ros2_ws/src/install/turtlesim/share/turtlesim/msg/Pose.idl
[71.008s] -- Installing: /home/dongxu/ros2_ws/src/install/turtlesim/share/turtlesim/srv/Kill.idl
[71.008s] -- Installing: /home/dongxu/ros2_ws/src/install/turtlesim/share/turtlesim/srv/SetPen.idl
[71.009s] -- Installing: /home/dongxu/ros2_ws/src/install/turtlesim/share/turtlesim/srv/Spawn.idl
[71.009s] -- Installing: /home/dongxu/ros2_ws/src/install/turtlesim/share/turtlesim/srv/TeleportAbsolute.idl
[71.009s] -- Installing: /home/dongxu/ros2_ws/src/install/turtlesim/share/turtlesim/srv/TeleportRelative.idl
[71.009s] -- Installing: /home/dongxu/ros2_ws/src/install/turtlesim/share/turtlesim/action/RotateAbsolute.action
[71.009s] -- Installing: /home/dongxu/ros2_ws/src/install/turtlesim/share/turtlesim/msg/Color.msg
[71.009s] -- Installing: /home/dongxu/ros2_ws/src/install/turtlesim/share/turtlesim/msg/Pose.msg
[71.009s] -- Installing: /home/dongxu/ros2_ws/src/install/turtlesim/share/turtlesim/srv/Kill.srv
[71.009s] -- Installing: /home/dongxu/ros2_ws/src/install/turtlesim/share/turtlesim/srv/Kill_Request.msg
[71.010s] -- Installing: /home/dongxu/ros2_ws/src/install/turtlesim/share/turtlesim/srv/Kill_Response.msg
[71.010s] -- Installing: /home/dongxu/ros2_ws/src/install/turtlesim/share/turtlesim/srv/SetPen.srv
[71.010s] -- Installing: /home/dongxu/ros2_ws/src/install/turtlesim/share/turtlesim/srv/SetPen_Request.msg
[71.010s] -- Installing: /home/dongxu/ros2_ws/src/install/turtlesim/share/turtlesim/srv/SetPen_Response.msg
[71.010s] -- Installing: /home/dongxu/ros2_ws/src/install/turtlesim/share/turtlesim/srv/Spawn.srv
[71.010s] -- Installing: /home/dongxu/ros2_ws/src/install/turtlesim/share/turtlesim/srv/Spawn_Request.msg
[71.010s] -- Installing: /home/dongxu/ros2_ws/src/install/turtlesim/share/turtlesim/srv/Spawn_Response.msg
[71.010s] -- Installing: /home/dongxu/ros2_ws/src/install/turtlesim/share/turtlesim/srv/TeleportAbsolute.srv
[71.011s] -- Installing: /home/dongxu/ros2_ws/src/install/turtlesim/share/turtlesim/srv/TeleportAbsolute_Request.msg
[71.011s] -- Installing: /home/dongxu/ros2_ws/src/install/turtlesim/share/turtlesim/srv/TeleportAbsolute_Response.msg
[71.011s] -- Installing: /home/dongxu/ros2_ws/src/install/turtlesim/share/turtlesim/srv/TeleportRelative.srv
[71.011s] -- Installing: /home/dongxu/ros2_ws/src/install/turtlesim/share/turtlesim/srv/TeleportRelative_Request.msg
[71.011s] -- Installing: /home/dongxu/ros2_ws/src/install/turtlesim/share/turtlesim/srv/TeleportRelative_Response.msg
[71.011s] -- Installing: /home/dongxu/ros2_ws/src/install/turtlesim/lib/turtlesim/turtlesim_node
[71.017s] -- Set runtime path of "/home/dongxu/ros2_ws/src/install/turtlesim/lib/turtlesim/turtlesim_node" to ""
[71.017s] -- Installing: /home/dongxu/ros2_ws/src/install/turtlesim/lib/turtlesim/turtle_teleop_key
[71.018s] -- Set runtime path of "/home/dongxu/ros2_ws/src/install/turtlesim/lib/turtlesim/turtle_teleop_key" to ""
[71.018s] -- Installing: /home/dongxu/ros2_ws/src/install/turtlesim/lib/turtlesim/draw_square
[71.022s] -- Set runtime path of "/home/dongxu/ros2_ws/src/install/turtlesim/lib/turtlesim/draw_square" to ""
[71.022s] -- Installing: /home/dongxu/ros2_ws/src/install/turtlesim/lib/turtlesim/mimic
[71.025s] -- Set runtime path of "/home/dongxu/ros2_ws/src/install/turtlesim/lib/turtlesim/mimic" to ""
[71.025s] -- Installing: /home/dongxu/ros2_ws/src/install/turtlesim/share/turtlesim/images
[71.026s] -- Installing: /home/dongxu/ros2_ws/src/install/turtlesim/share/turtlesim/images/rolling.png
[71.026s] -- Installing: /home/dongxu/ros2_ws/src/install/turtlesim/share/turtlesim/images/eloquent.png
[71.027s] -- Installing: /home/dongxu/ros2_ws/src/install/turtlesim/share/turtlesim/images/foxy.png
[71.027s] -- Installing: /home/dongxu/ros2_ws/src/install/turtlesim/share/turtlesim/images/dashing.png
[71.028s] -- Installing: /home/dongxu/ros2_ws/src/install/turtlesim/share/turtlesim/images/ardent.png
[71.028s] -- Installing: /home/dongxu/ros2_ws/src/install/turtlesim/share/turtlesim/images/galactic.png
[71.029s] -- Installing: /home/dongxu/ros2_ws/src/install/turtlesim/share/turtlesim/images/bouncy.png
[71.029s] -- Installing: /home/dongxu/ros2_ws/src/install/turtlesim/share/turtlesim/images/crystal.png
[71.030s] -- Installing: /home/dongxu/ros2_ws/src/install/turtlesim/share/turtlesim/images/humble.png
[71.030s] -- Installing: /home/dongxu/ros2_ws/src/install/turtlesim/share/turtlesim/launch
[71.031s] -- Installing: /home/dongxu/ros2_ws/src/install/turtlesim/share/turtlesim/launch/multisim.launch.py
[71.032s] -- Installing: /home/dongxu/ros2_ws/src/install/turtlesim/share/ament_index/resource_index/package_run_dependencies/turtlesim
[71.032s] -- Installing: /home/dongxu/ros2_ws/src/install/turtlesim/share/ament_index/resource_index/parent_prefix_path/turtlesim
[71.032s] -- Installing: /home/dongxu/ros2_ws/src/install/turtlesim/share/turtlesim/environment/ament_prefix_path.sh
[71.032s] -- Installing: /home/dongxu/ros2_ws/src/install/turtlesim/share/turtlesim/environment/ament_prefix_path.dsv
[71.032s] -- Installing: /home/dongxu/ros2_ws/src/install/turtlesim/share/turtlesim/environment/path.sh
[71.032s] -- Installing: /home/dongxu/ros2_ws/src/install/turtlesim/share/turtlesim/environment/path.dsv
[71.032s] -- Installing: /home/dongxu/ros2_ws/src/install/turtlesim/share/turtlesim/local_setup.bash
[71.032s] -- Installing: /home/dongxu/ros2_ws/src/install/turtlesim/share/turtlesim/local_setup.sh
[71.033s] -- Installing: /home/dongxu/ros2_ws/src/install/turtlesim/share/turtlesim/local_setup.zsh
[71.033s] -- Installing: /home/dongxu/ros2_ws/src/install/turtlesim/share/turtlesim/local_setup.dsv
[71.033s] -- Installing: /home/dongxu/ros2_ws/src/install/turtlesim/share/turtlesim/package.dsv
[71.033s] -- Installing: /home/dongxu/ros2_ws/src/install/turtlesim/share/ament_index/resource_index/packages/turtlesim
[71.033s] -- Installing: /home/dongxu/ros2_ws/src/install/turtlesim/share/turtlesim/cmake/export_turtlesim__rosidl_generator_cExport.cmake
[71.034s] -- Installing: /home/dongxu/ros2_ws/src/install/turtlesim/share/turtlesim/cmake/export_turtlesim__rosidl_generator_cExport-noconfig.cmake
[71.034s] -- Installing: /home/dongxu/ros2_ws/src/install/turtlesim/share/turtlesim/cmake/export_turtlesim__rosidl_typesupport_fastrtps_cExport.cmake
[71.034s] -- Installing: /home/dongxu/ros2_ws/src/install/turtlesim/share/turtlesim/cmake/export_turtlesim__rosidl_typesupport_fastrtps_cExport-noconfig.cmake
[71.034s] -- Installing: /home/dongxu/ros2_ws/src/install/turtlesim/share/turtlesim/cmake/export_turtlesim__rosidl_generator_cppExport.cmake
[71.034s] -- Installing: /home/dongxu/ros2_ws/src/install/turtlesim/share/turtlesim/cmake/export_turtlesim__rosidl_typesupport_fastrtps_cppExport.cmake
[71.034s] -- Installing: /home/dongxu/ros2_ws/src/install/turtlesim/share/turtlesim/cmake/export_turtlesim__rosidl_typesupport_fastrtps_cppExport-noconfig.cmake
[71.034s] -- Installing: /home/dongxu/ros2_ws/src/install/turtlesim/share/turtlesim/cmake/turtlesim__rosidl_typesupport_introspection_cExport.cmake
[71.034s] -- Installing: /home/dongxu/ros2_ws/src/install/turtlesim/share/turtlesim/cmake/turtlesim__rosidl_typesupport_introspection_cExport-noconfig.cmake
[71.035s] -- Installing: /home/dongxu/ros2_ws/src/install/turtlesim/share/turtlesim/cmake/turtlesim__rosidl_typesupport_cExport.cmake
[71.035s] -- Installing: /home/dongxu/ros2_ws/src/install/turtlesim/share/turtlesim/cmake/turtlesim__rosidl_typesupport_cExport-noconfig.cmake
[71.035s] -- Installing: /home/dongxu/ros2_ws/src/install/turtlesim/share/turtlesim/cmake/turtlesim__rosidl_typesupport_introspection_cppExport.cmake
[71.035s] -- Installing: /home/dongxu/ros2_ws/src/install/turtlesim/share/turtlesim/cmake/turtlesim__rosidl_typesupport_introspection_cppExport-noconfig.cmake
[71.035s] -- Installing: /home/dongxu/ros2_ws/src/install/turtlesim/share/turtlesim/cmake/turtlesim__rosidl_typesupport_cppExport.cmake
[71.035s] -- Installing: /home/dongxu/ros2_ws/src/install/turtlesim/share/turtlesim/cmake/turtlesim__rosidl_typesupport_cppExport-noconfig.cmake
[71.035s] -- Installing: /home/dongxu/ros2_ws/src/install/turtlesim/share/turtlesim/cmake/export_turtlesim__rosidl_generator_pyExport.cmake
[71.035s] -- Installing: /home/dongxu/ros2_ws/src/install/turtlesim/share/turtlesim/cmake/export_turtlesim__rosidl_generator_pyExport-noconfig.cmake
[71.036s] -- Installing: /home/dongxu/ros2_ws/src/install/turtlesim/share/turtlesim/cmake/rosidl_cmake-extras.cmake
[71.036s] -- Installing: /home/dongxu/ros2_ws/src/install/turtlesim/share/turtlesim/cmake/ament_cmake_export_dependencies-extras.cmake
[71.036s] -- Installing: /home/dongxu/ros2_ws/src/install/turtlesim/share/turtlesim/cmake/ament_cmake_export_include_directories-extras.cmake
[71.036s] -- Installing: /home/dongxu/ros2_ws/src/install/turtlesim/share/turtlesim/cmake/ament_cmake_export_libraries-extras.cmake
[71.036s] -- Installing: /home/dongxu/ros2_ws/src/install/turtlesim/share/turtlesim/cmake/ament_cmake_export_targets-extras.cmake
[71.036s] -- Installing: /home/dongxu/ros2_ws/src/install/turtlesim/share/turtlesim/cmake/rosidl_cmake_export_typesupport_targets-extras.cmake
[71.037s] -- Installing: /home/dongxu/ros2_ws/src/install/turtlesim/share/turtlesim/cmake/rosidl_cmake_export_typesupport_libraries-extras.cmake
[71.037s] -- Installing: /home/dongxu/ros2_ws/src/install/turtlesim/share/turtlesim/cmake/turtlesimConfig.cmake
[71.037s] -- Installing: /home/dongxu/ros2_ws/src/install/turtlesim/share/turtlesim/cmake/turtlesimConfig-version.cmake
[71.037s] -- Installing: /home/dongxu/ros2_ws/src/install/turtlesim/share/turtlesim/package.xml
[71.039s] Invoked command in '/home/dongxu/ros2_ws/src/build/turtlesim' returned '0': CMAKE_PREFIX_PATH=${CMAKE_PREFIX_PATH}:/home/dongxu/ros2_ws/install/sutd_ws:/home/dongxu/ros2_ws/install/py_pubsub:/home/dongxu/ros2_ws/install/launch_testing_examples:/home/dongxu/ros2_ws/install/examples_rclpy_pointcloud_publisher:/home/dongxu/ros2_ws/install/examples_rclpy_minimal_subscriber:/home/dongxu/ros2_ws/install/examples_rclpy_minimal_service:/home/dongxu/ros2_ws/install/examples_rclpy_minimal_publisher:/home/dongxu/ros2_ws/install/examples_rclpy_minimal_client:/home/dongxu/ros2_ws/install/examples_rclpy_minimal_action_server:/home/dongxu/ros2_ws/install/examples_rclpy_minimal_action_client:/home/dongxu/ros2_ws/install/examples_rclpy_guard_conditions:/home/dongxu/ros2_ws/install/examples_rclpy_executors:/opt/ros/humble /usr/bin/cmake --install /home/dongxu/ros2_ws/src/build/turtlesim
