[2.637s] Invoking command in '/home/dongxu/ros2_ws/src/examples/rclpy/actions/minimal_action_server': PYTHONPATH=/home/dongxu/ros2_ws/src/build/examples_rclpy_minimal_action_server/prefix_override:/usr/lib/python3/dist-packages/colcon_core/task/python/colcon_distutils_commands:/home/dongxu/ros2_ws/src/install/examples_rclpy_minimal_action_server/lib/python3.10/site-packages:${PYTHONPATH} /usr/bin/python3 -W ignore:setup.py install is deprecated -W ignore:easy_install command is deprecated setup.py egg_info --egg-base ../../../../build/examples_rclpy_minimal_action_server build --build-base /home/dongxu/ros2_ws/src/build/examples_rclpy_minimal_action_server/build install --record /home/dongxu/ros2_ws/src/build/examples_rclpy_minimal_action_server/install.log --single-version-externally-managed install_data
[12.063s] running egg_info
[12.063s] creating ../../../../build/examples_rclpy_minimal_action_server/examples_rclpy_minimal_action_server.egg-info
[12.063s] writing ../../../../build/examples_rclpy_minimal_action_server/examples_rclpy_minimal_action_server.egg-info/PKG-INFO
[12.066s] writing dependency_links to ../../../../build/examples_rclpy_minimal_action_server/examples_rclpy_minimal_action_server.egg-info/dependency_links.txt
[12.066s] writing entry points to ../../../../build/examples_rclpy_minimal_action_server/examples_rclpy_minimal_action_server.egg-info/entry_points.txt
[12.066s] writing requirements to ../../../../build/examples_rclpy_minimal_action_server/examples_rclpy_minimal_action_server.egg-info/requires.txt
[12.067s] writing top-level names to ../../../../build/examples_rclpy_minimal_action_server/examples_rclpy_minimal_action_server.egg-info/top_level.txt
[12.067s] writing manifest file '../../../../build/examples_rclpy_minimal_action_server/examples_rclpy_minimal_action_server.egg-info/SOURCES.txt'
[12.067s] reading manifest file '../../../../build/examples_rclpy_minimal_action_server/examples_rclpy_minimal_action_server.egg-info/SOURCES.txt'
[12.067s] writing manifest file '../../../../build/examples_rclpy_minimal_action_server/examples_rclpy_minimal_action_server.egg-info/SOURCES.txt'
[12.067s] running build
[12.067s] running build_py
[12.067s] creating /home/dongxu/ros2_ws/src/build/examples_rclpy_minimal_action_server/build
[12.067s] creating /home/dongxu/ros2_ws/src/build/examples_rclpy_minimal_action_server/build/lib
[12.067s] creating /home/dongxu/ros2_ws/src/build/examples_rclpy_minimal_action_server/build/lib/examples_rclpy_minimal_action_server
[12.067s] copying examples_rclpy_minimal_action_server/server.py -> /home/dongxu/ros2_ws/src/build/examples_rclpy_minimal_action_server/build/lib/examples_rclpy_minimal_action_server
[12.068s] copying examples_rclpy_minimal_action_server/server_defer.py -> /home/dongxu/ros2_ws/src/build/examples_rclpy_minimal_action_server/build/lib/examples_rclpy_minimal_action_server
[12.068s] copying examples_rclpy_minimal_action_server/server_not_composable.py -> /home/dongxu/ros2_ws/src/build/examples_rclpy_minimal_action_server/build/lib/examples_rclpy_minimal_action_server
[12.068s] copying examples_rclpy_minimal_action_server/server_queue_goals.py -> /home/dongxu/ros2_ws/src/build/examples_rclpy_minimal_action_server/build/lib/examples_rclpy_minimal_action_server
[12.068s] copying examples_rclpy_minimal_action_server/__init__.py -> /home/dongxu/ros2_ws/src/build/examples_rclpy_minimal_action_server/build/lib/examples_rclpy_minimal_action_server
[12.068s] copying examples_rclpy_minimal_action_server/server_single_goal.py -> /home/dongxu/ros2_ws/src/build/examples_rclpy_minimal_action_server/build/lib/examples_rclpy_minimal_action_server
[12.068s] running install
[12.068s] running install_lib
[12.068s] creating /home/dongxu/ros2_ws/src/install/examples_rclpy_minimal_action_server/lib/python3.10/site-packages/examples_rclpy_minimal_action_server
[12.068s] copying /home/dongxu/ros2_ws/src/build/examples_rclpy_minimal_action_server/build/lib/examples_rclpy_minimal_action_server/server.py -> /home/dongxu/ros2_ws/src/install/examples_rclpy_minimal_action_server/lib/python3.10/site-packages/examples_rclpy_minimal_action_server
[12.069s] copying /home/dongxu/ros2_ws/src/build/examples_rclpy_minimal_action_server/build/lib/examples_rclpy_minimal_action_server/server_defer.py -> /home/dongxu/ros2_ws/src/install/examples_rclpy_minimal_action_server/lib/python3.10/site-packages/examples_rclpy_minimal_action_server
[12.069s] copying /home/dongxu/ros2_ws/src/build/examples_rclpy_minimal_action_server/build/lib/examples_rclpy_minimal_action_server/server_not_composable.py -> /home/dongxu/ros2_ws/src/install/examples_rclpy_minimal_action_server/lib/python3.10/site-packages/examples_rclpy_minimal_action_server
[12.069s] copying /home/dongxu/ros2_ws/src/build/examples_rclpy_minimal_action_server/build/lib/examples_rclpy_minimal_action_server/server_queue_goals.py -> /home/dongxu/ros2_ws/src/install/examples_rclpy_minimal_action_server/lib/python3.10/site-packages/examples_rclpy_minimal_action_server
[12.069s] copying /home/dongxu/ros2_ws/src/build/examples_rclpy_minimal_action_server/build/lib/examples_rclpy_minimal_action_server/__init__.py -> /home/dongxu/ros2_ws/src/install/examples_rclpy_minimal_action_server/lib/python3.10/site-packages/examples_rclpy_minimal_action_server
[12.069s] copying /home/dongxu/ros2_ws/src/build/examples_rclpy_minimal_action_server/build/lib/examples_rclpy_minimal_action_server/server_single_goal.py -> /home/dongxu/ros2_ws/src/install/examples_rclpy_minimal_action_server/lib/python3.10/site-packages/examples_rclpy_minimal_action_server
[12.069s] byte-compiling /home/dongxu/ros2_ws/src/install/examples_rclpy_minimal_action_server/lib/python3.10/site-packages/examples_rclpy_minimal_action_server/server.py to server.cpython-310.pyc
[12.069s] byte-compiling /home/dongxu/ros2_ws/src/install/examples_rclpy_minimal_action_server/lib/python3.10/site-packages/examples_rclpy_minimal_action_server/server_defer.py to server_defer.cpython-310.pyc
[12.069s] byte-compiling /home/dongxu/ros2_ws/src/install/examples_rclpy_minimal_action_server/lib/python3.10/site-packages/examples_rclpy_minimal_action_server/server_not_composable.py to server_not_composable.cpython-310.pyc
[12.070s] byte-compiling /home/dongxu/ros2_ws/src/install/examples_rclpy_minimal_action_server/lib/python3.10/site-packages/examples_rclpy_minimal_action_server/server_queue_goals.py to server_queue_goals.cpython-310.pyc
[12.070s] byte-compiling /home/dongxu/ros2_ws/src/install/examples_rclpy_minimal_action_server/lib/python3.10/site-packages/examples_rclpy_minimal_action_server/__init__.py to __init__.cpython-310.pyc
[12.070s] byte-compiling /home/dongxu/ros2_ws/src/install/examples_rclpy_minimal_action_server/lib/python3.10/site-packages/examples_rclpy_minimal_action_server/server_single_goal.py to server_single_goal.cpython-310.pyc
[12.070s] running install_data
[12.070s] creating /home/dongxu/ros2_ws/src/install/examples_rclpy_minimal_action_server/share/ament_index
[12.070s] creating /home/dongxu/ros2_ws/src/install/examples_rclpy_minimal_action_server/share/ament_index/resource_index
[12.070s] creating /home/dongxu/ros2_ws/src/install/examples_rclpy_minimal_action_server/share/ament_index/resource_index/packages
[12.070s] copying resource/examples_rclpy_minimal_action_server -> /home/dongxu/ros2_ws/src/install/examples_rclpy_minimal_action_server/share/ament_index/resource_index/packages
[12.070s] copying package.xml -> /home/dongxu/ros2_ws/src/install/examples_rclpy_minimal_action_server/share/examples_rclpy_minimal_action_server
[12.071s] running install_egg_info
[12.072s] Copying ../../../../build/examples_rclpy_minimal_action_server/examples_rclpy_minimal_action_server.egg-info to /home/dongxu/ros2_ws/src/install/examples_rclpy_minimal_action_server/lib/python3.10/site-packages/examples_rclpy_minimal_action_server-0.15.4-py3.10.egg-info
[12.072s] running install_scripts
[12.072s] Installing server script to /home/dongxu/ros2_ws/src/install/examples_rclpy_minimal_action_server/lib/examples_rclpy_minimal_action_server
[12.072s] Installing server_defer script to /home/dongxu/ros2_ws/src/install/examples_rclpy_minimal_action_server/lib/examples_rclpy_minimal_action_server
[12.073s] Installing server_not_composable script to /home/dongxu/ros2_ws/src/install/examples_rclpy_minimal_action_server/lib/examples_rclpy_minimal_action_server
[12.073s] Installing server_queue_goals script to /home/dongxu/ros2_ws/src/install/examples_rclpy_minimal_action_server/lib/examples_rclpy_minimal_action_server
[12.074s] Installing server_single_goal script to /home/dongxu/ros2_ws/src/install/examples_rclpy_minimal_action_server/lib/examples_rclpy_minimal_action_server
[12.074s] writing list of installed files to '/home/dongxu/ros2_ws/src/build/examples_rclpy_minimal_action_server/install.log'
[12.182s] Invoked command in '/home/dongxu/ros2_ws/src/examples/rclpy/actions/minimal_action_server' returned '0': PYTHONPATH=/home/dongxu/ros2_ws/src/build/examples_rclpy_minimal_action_server/prefix_override:/usr/lib/python3/dist-packages/colcon_core/task/python/colcon_distutils_commands:/home/dongxu/ros2_ws/src/install/examples_rclpy_minimal_action_server/lib/python3.10/site-packages:${PYTHONPATH} /usr/bin/python3 -W ignore:setup.py install is deprecated -W ignore:easy_install command is deprecated setup.py egg_info --egg-base ../../../../build/examples_rclpy_minimal_action_server build --build-base /home/dongxu/ros2_ws/src/build/examples_rclpy_minimal_action_server/build install --record /home/dongxu/ros2_ws/src/build/examples_rclpy_minimal_action_server/install.log --single-version-externally-managed install_data
