[0.656s] Invoking command in '/home/dongxu/ros2_ws/src/build/sutd_ws': PYTHONPATH=/home/dongxu/ros2_ws/src/build/sutd_ws/prefix_override:/usr/lib/python3/dist-packages/colcon_core/task/python/colcon_distutils_commands:/home/dongxu/ros2_ws/src/install/sutd_ws/lib/python3.10/site-packages:${PYTHONPATH} /usr/bin/python3 -W ignore:setup.py install is deprecated -W ignore:easy_install command is deprecated setup.py develop --editable --build-directory /home/dongxu/ros2_ws/src/build/sutd_ws/build --no-deps symlink_data
[0.896s] running develop
[1.035s] running egg_info
[1.042s] writing sutd_ws.egg-info/PKG-INFO
[1.043s] writing dependency_links to sutd_ws.egg-info/dependency_links.txt
[1.043s] writing entry points to sutd_ws.egg-info/entry_points.txt
[1.043s] writing requirements to sutd_ws.egg-info/requires.txt
[1.043s] writing top-level names to sutd_ws.egg-info/top_level.txt
[1.059s] reading manifest file 'sutd_ws.egg-info/SOURCES.txt'
[1.059s] writing manifest file 'sutd_ws.egg-info/SOURCES.txt'
[1.069s] running build_ext
[1.069s] Creating /home/dongxu/ros2_ws/src/install/sutd_ws/lib/python3.10/site-packages/sutd-ws.egg-link (link to .)
[1.069s] Installing autonomous_driving1 script to /home/dongxu/ros2_ws/src/install/sutd_ws/lib/sutd_ws
[1.069s] Installing autonomous_driving2 script to /home/dongxu/ros2_ws/src/install/sutd_ws/lib/sutd_ws
[1.070s] Installing autonomous_driving3 script to /home/dongxu/ros2_ws/src/install/sutd_ws/lib/sutd_ws
[1.070s] Installing gap_follower script to /home/dongxu/ros2_ws/src/install/sutd_ws/lib/sutd_ws
[1.070s] Installing gap_follower2 script to /home/dongxu/ros2_ws/src/install/sutd_ws/lib/sutd_ws
[1.070s] Installing gap_follower3 script to /home/dongxu/ros2_ws/src/install/sutd_ws/lib/sutd_ws
[1.070s] Installing keypressed_calculator script to /home/dongxu/ros2_ws/src/install/sutd_ws/lib/sutd_ws
[1.070s] Installing keypressed_listener script to /home/dongxu/ros2_ws/src/install/sutd_ws/lib/sutd_ws
[1.070s] Installing keypressed_talker script to /home/dongxu/ros2_ws/src/install/sutd_ws/lib/sutd_ws
[1.070s] 
[1.070s] Installed /home/dongxu/ros2_ws/src/build/sutd_ws
[1.071s] running symlink_data
[1.095s] Invoked command in '/home/dongxu/ros2_ws/src/build/sutd_ws' returned '0': PYTHONPATH=/home/dongxu/ros2_ws/src/build/sutd_ws/prefix_override:/usr/lib/python3/dist-packages/colcon_core/task/python/colcon_distutils_commands:/home/dongxu/ros2_ws/src/install/sutd_ws/lib/python3.10/site-packages:${PYTHONPATH} /usr/bin/python3 -W ignore:setup.py install is deprecated -W ignore:easy_install command is deprecated setup.py develop --editable --build-directory /home/dongxu/ros2_ws/src/build/sutd_ws/build --no-deps symlink_data
