/home/dongxu/ros2_ws/src/sutd_ws/install/sutd_ws/lib/python3.10/site-packages/sutd_ws/keypressed_talker.py
/home/dongxu/ros2_ws/src/sutd_ws/install/sutd_ws/lib/python3.10/site-packages/sutd_ws/keypressed_listener.py
/home/dongxu/ros2_ws/src/sutd_ws/install/sutd_ws/lib/python3.10/site-packages/sutd_ws/keypressed_calculator.py
/home/dongxu/ros2_ws/src/sutd_ws/install/sutd_ws/lib/python3.10/site-packages/sutd_ws/__init__.py
/home/dongxu/ros2_ws/src/sutd_ws/install/sutd_ws/lib/python3.10/site-packages/sutd_ws/__pycache__/keypressed_talker.cpython-310.pyc
/home/dongxu/ros2_ws/src/sutd_ws/install/sutd_ws/lib/python3.10/site-packages/sutd_ws/__pycache__/keypressed_listener.cpython-310.pyc
/home/dongxu/ros2_ws/src/sutd_ws/install/sutd_ws/lib/python3.10/site-packages/sutd_ws/__pycache__/keypressed_calculator.cpython-310.pyc
/home/dongxu/ros2_ws/src/sutd_ws/install/sutd_ws/lib/python3.10/site-packages/sutd_ws/__pycache__/__init__.cpython-310.pyc
/home/dongxu/ros2_ws/src/sutd_ws/install/sutd_ws/share/ament_index/resource_index/packages/sutd_ws
/home/dongxu/ros2_ws/src/sutd_ws/install/sutd_ws/share/sutd_ws/package.xml
/home/dongxu/ros2_ws/src/sutd_ws/install/sutd_ws/lib/python3.10/site-packages/sutd_ws-0.0.0-py3.10.egg-info/entry_points.txt
/home/dongxu/ros2_ws/src/sutd_ws/install/sutd_ws/lib/python3.10/site-packages/sutd_ws-0.0.0-py3.10.egg-info/dependency_links.txt
/home/dongxu/ros2_ws/src/sutd_ws/install/sutd_ws/lib/python3.10/site-packages/sutd_ws-0.0.0-py3.10.egg-info/PKG-INFO
/home/dongxu/ros2_ws/src/sutd_ws/install/sutd_ws/lib/python3.10/site-packages/sutd_ws-0.0.0-py3.10.egg-info/requires.txt
/home/dongxu/ros2_ws/src/sutd_ws/install/sutd_ws/lib/python3.10/site-packages/sutd_ws-0.0.0-py3.10.egg-info/zip-safe
/home/dongxu/ros2_ws/src/sutd_ws/install/sutd_ws/lib/python3.10/site-packages/sutd_ws-0.0.0-py3.10.egg-info/top_level.txt
/home/dongxu/ros2_ws/src/sutd_ws/install/sutd_ws/lib/python3.10/site-packages/sutd_ws-0.0.0-py3.10.egg-info/SOURCES.txt
/home/dongxu/ros2_ws/src/sutd_ws/install/sutd_ws/lib/sutd_ws/keypressed_calculator
/home/dongxu/ros2_ws/src/sutd_ws/install/sutd_ws/lib/sutd_ws/keypressed_listener
/home/dongxu/ros2_ws/src/sutd_ws/install/sutd_ws/lib/sutd_ws/keypressed_talker
