[2.649s] Invoking command in '/home/dongxu/ros2_ws/src/examples/rclpy/actions/minimal_action_client': PYTHONPATH=/home/dongxu/ros2_ws/src/build/examples_rclpy_minimal_action_client/prefix_override:/usr/lib/python3/dist-packages/colcon_core/task/python/colcon_distutils_commands:/home/dongxu/ros2_ws/src/install/examples_rclpy_minimal_action_client/lib/python3.10/site-packages:${PYTHONPATH} /usr/bin/python3 -W ignore:setup.py install is deprecated -W ignore:easy_install command is deprecated setup.py egg_info --egg-base ../../../../build/examples_rclpy_minimal_action_client build --build-base /home/dongxu/ros2_ws/src/build/examples_rclpy_minimal_action_client/build install --record /home/dongxu/ros2_ws/src/build/examples_rclpy_minimal_action_client/install.log --single-version-externally-managed install_data
[12.065s] running egg_info
[12.065s] creating ../../../../build/examples_rclpy_minimal_action_client/examples_rclpy_minimal_action_client.egg-info
[12.066s] writing ../../../../build/examples_rclpy_minimal_action_client/examples_rclpy_minimal_action_client.egg-info/PKG-INFO
[12.066s] writing dependency_links to ../../../../build/examples_rclpy_minimal_action_client/examples_rclpy_minimal_action_client.egg-info/dependency_links.txt
[12.066s] writing entry points to ../../../../build/examples_rclpy_minimal_action_client/examples_rclpy_minimal_action_client.egg-info/entry_points.txt
[12.066s] writing requirements to ../../../../build/examples_rclpy_minimal_action_client/examples_rclpy_minimal_action_client.egg-info/requires.txt
[12.066s] writing top-level names to ../../../../build/examples_rclpy_minimal_action_client/examples_rclpy_minimal_action_client.egg-info/top_level.txt
[12.066s] writing manifest file '../../../../build/examples_rclpy_minimal_action_client/examples_rclpy_minimal_action_client.egg-info/SOURCES.txt'
[12.066s] reading manifest file '../../../../build/examples_rclpy_minimal_action_client/examples_rclpy_minimal_action_client.egg-info/SOURCES.txt'
[12.066s] writing manifest file '../../../../build/examples_rclpy_minimal_action_client/examples_rclpy_minimal_action_client.egg-info/SOURCES.txt'
[12.066s] running build
[12.066s] running build_py
[12.066s] creating /home/dongxu/ros2_ws/src/build/examples_rclpy_minimal_action_client/build
[12.066s] creating /home/dongxu/ros2_ws/src/build/examples_rclpy_minimal_action_client/build/lib
[12.067s] creating /home/dongxu/ros2_ws/src/build/examples_rclpy_minimal_action_client/build/lib/examples_rclpy_minimal_action_client
[12.067s] copying examples_rclpy_minimal_action_client/client_asyncio.py -> /home/dongxu/ros2_ws/src/build/examples_rclpy_minimal_action_client/build/lib/examples_rclpy_minimal_action_client
[12.067s] copying examples_rclpy_minimal_action_client/client_cancel.py -> /home/dongxu/ros2_ws/src/build/examples_rclpy_minimal_action_client/build/lib/examples_rclpy_minimal_action_client
[12.067s] copying examples_rclpy_minimal_action_client/client_not_composable.py -> /home/dongxu/ros2_ws/src/build/examples_rclpy_minimal_action_client/build/lib/examples_rclpy_minimal_action_client
[12.067s] copying examples_rclpy_minimal_action_client/client.py -> /home/dongxu/ros2_ws/src/build/examples_rclpy_minimal_action_client/build/lib/examples_rclpy_minimal_action_client
[12.067s] copying examples_rclpy_minimal_action_client/__init__.py -> /home/dongxu/ros2_ws/src/build/examples_rclpy_minimal_action_client/build/lib/examples_rclpy_minimal_action_client
[12.067s] running install
[12.067s] running install_lib
[12.067s] creating /home/dongxu/ros2_ws/src/install/examples_rclpy_minimal_action_client/lib/python3.10/site-packages/examples_rclpy_minimal_action_client
[12.067s] copying /home/dongxu/ros2_ws/src/build/examples_rclpy_minimal_action_client/build/lib/examples_rclpy_minimal_action_client/client_asyncio.py -> /home/dongxu/ros2_ws/src/install/examples_rclpy_minimal_action_client/lib/python3.10/site-packages/examples_rclpy_minimal_action_client
[12.067s] copying /home/dongxu/ros2_ws/src/build/examples_rclpy_minimal_action_client/build/lib/examples_rclpy_minimal_action_client/client_cancel.py -> /home/dongxu/ros2_ws/src/install/examples_rclpy_minimal_action_client/lib/python3.10/site-packages/examples_rclpy_minimal_action_client
[12.068s] copying /home/dongxu/ros2_ws/src/build/examples_rclpy_minimal_action_client/build/lib/examples_rclpy_minimal_action_client/client_not_composable.py -> /home/dongxu/ros2_ws/src/install/examples_rclpy_minimal_action_client/lib/python3.10/site-packages/examples_rclpy_minimal_action_client
[12.068s] copying /home/dongxu/ros2_ws/src/build/examples_rclpy_minimal_action_client/build/lib/examples_rclpy_minimal_action_client/client.py -> /home/dongxu/ros2_ws/src/install/examples_rclpy_minimal_action_client/lib/python3.10/site-packages/examples_rclpy_minimal_action_client
[12.068s] copying /home/dongxu/ros2_ws/src/build/examples_rclpy_minimal_action_client/build/lib/examples_rclpy_minimal_action_client/__init__.py -> /home/dongxu/ros2_ws/src/install/examples_rclpy_minimal_action_client/lib/python3.10/site-packages/examples_rclpy_minimal_action_client
[12.068s] byte-compiling /home/dongxu/ros2_ws/src/install/examples_rclpy_minimal_action_client/lib/python3.10/site-packages/examples_rclpy_minimal_action_client/client_asyncio.py to client_asyncio.cpython-310.pyc
[12.068s] byte-compiling /home/dongxu/ros2_ws/src/install/examples_rclpy_minimal_action_client/lib/python3.10/site-packages/examples_rclpy_minimal_action_client/client_cancel.py to client_cancel.cpython-310.pyc
[12.068s] byte-compiling /home/dongxu/ros2_ws/src/install/examples_rclpy_minimal_action_client/lib/python3.10/site-packages/examples_rclpy_minimal_action_client/client_not_composable.py to client_not_composable.cpython-310.pyc
[12.068s] byte-compiling /home/dongxu/ros2_ws/src/install/examples_rclpy_minimal_action_client/lib/python3.10/site-packages/examples_rclpy_minimal_action_client/client.py to client.cpython-310.pyc
[12.068s] byte-compiling /home/dongxu/ros2_ws/src/install/examples_rclpy_minimal_action_client/lib/python3.10/site-packages/examples_rclpy_minimal_action_client/__init__.py to __init__.cpython-310.pyc
[12.068s] running install_data
[12.068s] creating /home/dongxu/ros2_ws/src/install/examples_rclpy_minimal_action_client/share/ament_index
[12.068s] creating /home/dongxu/ros2_ws/src/install/examples_rclpy_minimal_action_client/share/ament_index/resource_index
[12.069s] creating /home/dongxu/ros2_ws/src/install/examples_rclpy_minimal_action_client/share/ament_index/resource_index/packages
[12.069s] copying resource/examples_rclpy_minimal_action_client -> /home/dongxu/ros2_ws/src/install/examples_rclpy_minimal_action_client/share/ament_index/resource_index/packages
[12.069s] copying package.xml -> /home/dongxu/ros2_ws/src/install/examples_rclpy_minimal_action_client/share/examples_rclpy_minimal_action_client
[12.069s] running install_egg_info
[12.069s] Copying ../../../../build/examples_rclpy_minimal_action_client/examples_rclpy_minimal_action_client.egg-info to /home/dongxu/ros2_ws/src/install/examples_rclpy_minimal_action_client/lib/python3.10/site-packages/examples_rclpy_minimal_action_client-0.15.4-py3.10.egg-info
[12.069s] running install_scripts
[12.069s] Installing client script to /home/dongxu/ros2_ws/src/install/examples_rclpy_minimal_action_client/lib/examples_rclpy_minimal_action_client
[12.069s] Installing client_asyncio script to /home/dongxu/ros2_ws/src/install/examples_rclpy_minimal_action_client/lib/examples_rclpy_minimal_action_client
[12.069s] Installing client_cancel script to /home/dongxu/ros2_ws/src/install/examples_rclpy_minimal_action_client/lib/examples_rclpy_minimal_action_client
[12.069s] Installing client_not_composable script to /home/dongxu/ros2_ws/src/install/examples_rclpy_minimal_action_client/lib/examples_rclpy_minimal_action_client
[12.069s] writing list of installed files to '/home/dongxu/ros2_ws/src/build/examples_rclpy_minimal_action_client/install.log'
[12.172s] Invoked command in '/home/dongxu/ros2_ws/src/examples/rclpy/actions/minimal_action_client' returned '0': PYTHONPATH=/home/dongxu/ros2_ws/src/build/examples_rclpy_minimal_action_client/prefix_override:/usr/lib/python3/dist-packages/colcon_core/task/python/colcon_distutils_commands:/home/dongxu/ros2_ws/src/install/examples_rclpy_minimal_action_client/lib/python3.10/site-packages:${PYTHONPATH} /usr/bin/python3 -W ignore:setup.py install is deprecated -W ignore:easy_install command is deprecated setup.py egg_info --egg-base ../../../../build/examples_rclpy_minimal_action_client build --build-base /home/dongxu/ros2_ws/src/build/examples_rclpy_minimal_action_client/build install --record /home/dongxu/ros2_ws/src/build/examples_rclpy_minimal_action_client/install.log --single-version-externally-managed install_data
