[1.498s] Invoking command in '/home/dongxu/ros2_ws/src/build/examples_rclpy_guard_conditions': PYTHONPATH=/home/dongxu/ros2_ws/src/build/examples_rclpy_guard_conditions/prefix_override:/usr/lib/python3/dist-packages/colcon_core/task/python/colcon_distutils_commands:/home/dongxu/ros2_ws/src/install/examples_rclpy_guard_conditions/lib/python3.10/site-packages:${PYTHONPATH} /usr/bin/python3 -W ignore:setup.py install is deprecated -W ignore:easy_install command is deprecated setup.py develop --uninstall --editable --build-directory /home/dongxu/ros2_ws/src/build/examples_rclpy_guard_conditions/build
[6.951s] running develop
[6.952s] Removing /home/dongxu/ros2_ws/src/install/examples_rclpy_guard_conditions/lib/python3.10/site-packages/examples-rclpy-guard-conditions.egg-link (link to .)
[6.959s] Invoked command in '/home/dongxu/ros2_ws/src/build/examples_rclpy_guard_conditions' returned '0': PYTHONPATH=/home/dongxu/ros2_ws/src/build/examples_rclpy_guard_conditions/prefix_override:/usr/lib/python3/dist-packages/colcon_core/task/python/colcon_distutils_commands:/home/dongxu/ros2_ws/src/install/examples_rclpy_guard_conditions/lib/python3.10/site-packages:${PYTHONPATH} /usr/bin/python3 -W ignore:setup.py install is deprecated -W ignore:easy_install command is deprecated setup.py develop --uninstall --editable --build-directory /home/dongxu/ros2_ws/src/build/examples_rclpy_guard_conditions/build
[6.962s] Invoking command in '/home/dongxu/ros2_ws/src/examples/rclpy/guard_conditions': PYTHONPATH=/home/dongxu/ros2_ws/src/build/examples_rclpy_guard_conditions/prefix_override:/usr/lib/python3/dist-packages/colcon_core/task/python/colcon_distutils_commands:/home/dongxu/ros2_ws/src/install/examples_rclpy_guard_conditions/lib/python3.10/site-packages:${PYTHONPATH} /usr/bin/python3 -W ignore:setup.py install is deprecated -W ignore:easy_install command is deprecated setup.py egg_info --egg-base ../../../build/examples_rclpy_guard_conditions build --build-base /home/dongxu/ros2_ws/src/build/examples_rclpy_guard_conditions/build install --record /home/dongxu/ros2_ws/src/build/examples_rclpy_guard_conditions/install.log --single-version-externally-managed install_data --force
[7.243s] running egg_info
[7.244s] writing ../../../build/examples_rclpy_guard_conditions/examples_rclpy_guard_conditions.egg-info/PKG-INFO
[7.244s] writing dependency_links to ../../../build/examples_rclpy_guard_conditions/examples_rclpy_guard_conditions.egg-info/dependency_links.txt
[7.245s] writing entry points to ../../../build/examples_rclpy_guard_conditions/examples_rclpy_guard_conditions.egg-info/entry_points.txt
[7.245s] writing requirements to ../../../build/examples_rclpy_guard_conditions/examples_rclpy_guard_conditions.egg-info/requires.txt
[7.245s] writing top-level names to ../../../build/examples_rclpy_guard_conditions/examples_rclpy_guard_conditions.egg-info/top_level.txt
[7.248s] reading manifest file '../../../build/examples_rclpy_guard_conditions/examples_rclpy_guard_conditions.egg-info/SOURCES.txt'
[7.249s] writing manifest file '../../../build/examples_rclpy_guard_conditions/examples_rclpy_guard_conditions.egg-info/SOURCES.txt'
[7.249s] running build
[7.249s] running build_py
[7.250s] running install
[7.250s] running install_lib
[7.251s] creating /home/dongxu/ros2_ws/src/install/examples_rclpy_guard_conditions/lib/python3.10/site-packages/examples_rclpy_guard_conditions
[7.252s] copying /home/dongxu/ros2_ws/src/build/examples_rclpy_guard_conditions/build/lib/examples_rclpy_guard_conditions/trigger_guard_condition.py -> /home/dongxu/ros2_ws/src/install/examples_rclpy_guard_conditions/lib/python3.10/site-packages/examples_rclpy_guard_conditions
[7.252s] copying /home/dongxu/ros2_ws/src/build/examples_rclpy_guard_conditions/build/lib/examples_rclpy_guard_conditions/__init__.py -> /home/dongxu/ros2_ws/src/install/examples_rclpy_guard_conditions/lib/python3.10/site-packages/examples_rclpy_guard_conditions
[7.252s] byte-compiling /home/dongxu/ros2_ws/src/install/examples_rclpy_guard_conditions/lib/python3.10/site-packages/examples_rclpy_guard_conditions/trigger_guard_condition.py to trigger_guard_condition.cpython-310.pyc
[7.253s] byte-compiling /home/dongxu/ros2_ws/src/install/examples_rclpy_guard_conditions/lib/python3.10/site-packages/examples_rclpy_guard_conditions/__init__.py to __init__.cpython-310.pyc
[7.254s] running install_data
[7.254s] copying resource/examples_rclpy_guard_conditions -> /home/dongxu/ros2_ws/src/install/examples_rclpy_guard_conditions/share/ament_index/resource_index/packages
[7.255s] copying package.xml -> /home/dongxu/ros2_ws/src/install/examples_rclpy_guard_conditions/share/examples_rclpy_guard_conditions
[7.256s] running install_egg_info
[7.257s] Copying ../../../build/examples_rclpy_guard_conditions/examples_rclpy_guard_conditions.egg-info to /home/dongxu/ros2_ws/src/install/examples_rclpy_guard_conditions/lib/python3.10/site-packages/examples_rclpy_guard_conditions-0.15.4-py3.10.egg-info
[7.259s] running install_scripts
[7.278s] Installing trigger_guard_condition script to /home/dongxu/ros2_ws/src/install/examples_rclpy_guard_conditions/lib/examples_rclpy_guard_conditions
[7.279s] writing list of installed files to '/home/dongxu/ros2_ws/src/build/examples_rclpy_guard_conditions/install.log'
[7.339s] Invoked command in '/home/dongxu/ros2_ws/src/examples/rclpy/guard_conditions' returned '0': PYTHONPATH=/home/dongxu/ros2_ws/src/build/examples_rclpy_guard_conditions/prefix_override:/usr/lib/python3/dist-packages/colcon_core/task/python/colcon_distutils_commands:/home/dongxu/ros2_ws/src/install/examples_rclpy_guard_conditions/lib/python3.10/site-packages:${PYTHONPATH} /usr/bin/python3 -W ignore:setup.py install is deprecated -W ignore:easy_install command is deprecated setup.py egg_info --egg-base ../../../build/examples_rclpy_guard_conditions build --build-base /home/dongxu/ros2_ws/src/build/examples_rclpy_guard_conditions/build install --record /home/dongxu/ros2_ws/src/build/examples_rclpy_guard_conditions/install.log --single-version-externally-managed install_data --force
