[3.695s] Invoking command in '/home/dongxu/ros2_ws/src/examples/rclpy/executors': PYTHONPATH=/home/dongxu/ros2_ws/src/build/examples_rclpy_executors/prefix_override:/usr/lib/python3/dist-packages/colcon_core/task/python/colcon_distutils_commands:/home/dongxu/ros2_ws/src/install/examples_rclpy_executors/lib/python3.10/site-packages:${PYTHONPATH} /usr/bin/python3 -W ignore:setup.py install is deprecated -W ignore:easy_install command is deprecated setup.py egg_info --egg-base ../../../build/examples_rclpy_executors build --build-base /home/dongxu/ros2_ws/src/build/examples_rclpy_executors/build install --record /home/dongxu/ros2_ws/src/build/examples_rclpy_executors/install.log --single-version-externally-managed install_data
[4.282s] running egg_info
[4.318s] writing ../../../build/examples_rclpy_executors/examples_rclpy_executors.egg-info/PKG-INFO
[4.318s] writing dependency_links to ../../../build/examples_rclpy_executors/examples_rclpy_executors.egg-info/dependency_links.txt
[4.318s] writing entry points to ../../../build/examples_rclpy_executors/examples_rclpy_executors.egg-info/entry_points.txt
[4.319s] writing requirements to ../../../build/examples_rclpy_executors/examples_rclpy_executors.egg-info/requires.txt
[4.319s] writing top-level names to ../../../build/examples_rclpy_executors/examples_rclpy_executors.egg-info/top_level.txt
[4.376s] reading manifest file '../../../build/examples_rclpy_executors/examples_rclpy_executors.egg-info/SOURCES.txt'
[4.379s] writing manifest file '../../../build/examples_rclpy_executors/examples_rclpy_executors.egg-info/SOURCES.txt'
[4.379s] running build
[4.379s] running build_py
[4.380s] running install
[4.390s] running install_lib
[4.405s] running install_data
[4.405s] running install_egg_info
[4.428s] removing '/home/dongxu/ros2_ws/src/install/examples_rclpy_executors/lib/python3.10/site-packages/examples_rclpy_executors-0.15.4-py3.10.egg-info' (and everything under it)
[4.428s] Copying ../../../build/examples_rclpy_executors/examples_rclpy_executors.egg-info to /home/dongxu/ros2_ws/src/install/examples_rclpy_executors/lib/python3.10/site-packages/examples_rclpy_executors-0.15.4-py3.10.egg-info
[4.430s] running install_scripts
[4.539s] Installing callback_group script to /home/dongxu/ros2_ws/src/install/examples_rclpy_executors/lib/examples_rclpy_executors
[4.540s] Installing composed script to /home/dongxu/ros2_ws/src/install/examples_rclpy_executors/lib/examples_rclpy_executors
[4.540s] Installing custom_callback_group script to /home/dongxu/ros2_ws/src/install/examples_rclpy_executors/lib/examples_rclpy_executors
[4.541s] Installing custom_executor script to /home/dongxu/ros2_ws/src/install/examples_rclpy_executors/lib/examples_rclpy_executors
[4.541s] Installing listener script to /home/dongxu/ros2_ws/src/install/examples_rclpy_executors/lib/examples_rclpy_executors
[4.541s] Installing talker script to /home/dongxu/ros2_ws/src/install/examples_rclpy_executors/lib/examples_rclpy_executors
[4.542s] writing list of installed files to '/home/dongxu/ros2_ws/src/build/examples_rclpy_executors/install.log'
