[0.080s] Invoking command in '/home/dongxu/ros2_ws/src/build/examples_rclcpp_multithreaded_executor': CMAKE_PREFIX_PATH=/opt/ros/humble /usr/bin/cmake /home/dongxu/ros2_ws/src/examples/rclcpp/executors/multithreaded_executor -DCMAKE_INSTALL_PREFIX=/home/dongxu/ros2_ws/src/install/examples_rclcpp_multithreaded_executor
[6.948s] -- Found ament_cmake: 1.3.12 (/opt/ros/humble/share/ament_cmake/cmake)
[6.949s] -- Override CMake install command with custom implementation using symlinks instead of copying resources
[6.949s] -- Found rclcpp: 16.0.15 (/opt/ros/humble/share/rclcpp/cmake)
[6.949s] -- Found rosidl_generator_c: 3.1.7 (/opt/ros/humble/share/rosidl_generator_c/cmake)
[6.950s] -- Found rosidl_adapter: 3.1.7 (/opt/ros/humble/share/rosidl_adapter/cmake)
[6.950s] -- Found rosidl_generator_cpp: 3.1.7 (/opt/ros/humble/share/rosidl_generator_cpp/cmake)
[6.950s] -- Using all available rosidl_typesupport_c: rosidl_typesupport_fastrtps_c;rosidl_typesupport_introspection_c
[6.952s] -- Using all available rosidl_typesupport_cpp: rosidl_typesupport_fastrtps_cpp;rosidl_typesupport_introspection_cpp
[6.952s] -- Found rmw_implementation_cmake: 6.1.2 (/opt/ros/humble/share/rmw_implementation_cmake/cmake)
[6.953s] -- Found rmw_fastrtps_cpp: 6.2.8 (/opt/ros/humble/share/rmw_fastrtps_cpp/cmake)
[7.425s] -- Using RMW implementation 'rmw_fastrtps_cpp' as default
[7.476s] -- Found ament_lint_auto: 0.12.14 (/opt/ros/humble/share/ament_lint_auto/cmake)
[7.549s] -- Added test 'copyright' to check source files copyright and LICENSE
[7.551s] -- Added test 'cppcheck' to perform static code analysis on C / C++ code
[7.551s] -- Configured cppcheck include dirs: 
[7.552s] -- Configured cppcheck exclude dirs and/or files: 
[7.552s] -- Added test 'cpplint' to check C / C++ code against the Google style
[7.552s] -- Configured cpplint exclude dirs and/or files: 
[7.553s] -- Added test 'lint_cmake' to check CMake code style
[7.553s] -- Added test 'uncrustify' to check C / C++ code style
[7.553s] -- Configured uncrustify additional arguments: 
[7.553s] -- Added test 'xmllint' to check XML markup files
[7.554s] -- Configuring done
[7.567s] -- Generating done
[7.571s] -- Build files have been written to: /home/dongxu/ros2_ws/src/build/examples_rclcpp_multithreaded_executor
[8.463s] Invoked command in '/home/dongxu/ros2_ws/src/build/examples_rclcpp_multithreaded_executor' returned '0': CMAKE_PREFIX_PATH=/opt/ros/humble /usr/bin/cmake /home/dongxu/ros2_ws/src/examples/rclcpp/executors/multithreaded_executor -DCMAKE_INSTALL_PREFIX=/home/dongxu/ros2_ws/src/install/examples_rclcpp_multithreaded_executor
[8.464s] Invoking command in '/home/dongxu/ros2_ws/src/build/examples_rclcpp_multithreaded_executor': CMAKE_PREFIX_PATH=/opt/ros/humble /usr/bin/cmake --build /home/dongxu/ros2_ws/src/build/examples_rclcpp_multithreaded_executor -- -j16 -l16
[8.504s] [35m[1mConsolidate compiler generated dependencies of target multithreaded_executor[0m
[8.534s] [100%] Built target multithreaded_executor
[8.897s] Invoked command in '/home/dongxu/ros2_ws/src/build/examples_rclcpp_multithreaded_executor' returned '0': CMAKE_PREFIX_PATH=/opt/ros/humble /usr/bin/cmake --build /home/dongxu/ros2_ws/src/build/examples_rclcpp_multithreaded_executor -- -j16 -l16
[8.899s] Invoking command in '/home/dongxu/ros2_ws/src/build/examples_rclcpp_multithreaded_executor': CMAKE_PREFIX_PATH=/opt/ros/humble /usr/bin/cmake --install /home/dongxu/ros2_ws/src/build/examples_rclcpp_multithreaded_executor
[8.922s] -- Install configuration: ""
[8.924s] -- Execute custom install script
[8.925s] -- Up-to-date symlink: /home/dongxu/ros2_ws/src/install/examples_rclcpp_multithreaded_executor/lib/examples_rclcpp_multithreaded_executor/multithreaded_executor
[8.925s] -- Up-to-date symlink: /home/dongxu/ros2_ws/src/install/examples_rclcpp_multithreaded_executor/share/ament_index/resource_index/package_run_dependencies/examples_rclcpp_multithreaded_executor
[8.925s] -- Up-to-date symlink: /home/dongxu/ros2_ws/src/install/examples_rclcpp_multithreaded_executor/share/ament_index/resource_index/parent_prefix_path/examples_rclcpp_multithreaded_executor
[8.925s] -- Up-to-date symlink: /home/dongxu/ros2_ws/src/install/examples_rclcpp_multithreaded_executor/share/examples_rclcpp_multithreaded_executor/environment/ament_prefix_path.sh
[8.925s] -- Up-to-date symlink: /home/dongxu/ros2_ws/src/install/examples_rclcpp_multithreaded_executor/share/examples_rclcpp_multithreaded_executor/environment/ament_prefix_path.dsv
[8.925s] -- Up-to-date symlink: /home/dongxu/ros2_ws/src/install/examples_rclcpp_multithreaded_executor/share/examples_rclcpp_multithreaded_executor/environment/path.sh
[8.927s] -- Up-to-date symlink: /home/dongxu/ros2_ws/src/install/examples_rclcpp_multithreaded_executor/share/examples_rclcpp_multithreaded_executor/environment/path.dsv
[8.927s] -- Up-to-date symlink: /home/dongxu/ros2_ws/src/install/examples_rclcpp_multithreaded_executor/share/examples_rclcpp_multithreaded_executor/local_setup.bash
[8.927s] -- Up-to-date symlink: /home/dongxu/ros2_ws/src/install/examples_rclcpp_multithreaded_executor/share/examples_rclcpp_multithreaded_executor/local_setup.sh
[8.928s] -- Up-to-date symlink: /home/dongxu/ros2_ws/src/install/examples_rclcpp_multithreaded_executor/share/examples_rclcpp_multithreaded_executor/local_setup.zsh
[8.928s] -- Up-to-date symlink: /home/dongxu/ros2_ws/src/install/examples_rclcpp_multithreaded_executor/share/examples_rclcpp_multithreaded_executor/local_setup.dsv
[8.928s] -- Symlinking: /home/dongxu/ros2_ws/src/install/examples_rclcpp_multithreaded_executor/share/examples_rclcpp_multithreaded_executor/package.dsv
[8.942s] -- Up-to-date symlink: /home/dongxu/ros2_ws/src/install/examples_rclcpp_multithreaded_executor/share/ament_index/resource_index/packages/examples_rclcpp_multithreaded_executor
[8.943s] -- Up-to-date symlink: /home/dongxu/ros2_ws/src/install/examples_rclcpp_multithreaded_executor/share/examples_rclcpp_multithreaded_executor/cmake/examples_rclcpp_multithreaded_executorConfig.cmake
[8.943s] -- Up-to-date symlink: /home/dongxu/ros2_ws/src/install/examples_rclcpp_multithreaded_executor/share/examples_rclcpp_multithreaded_executor/cmake/examples_rclcpp_multithreaded_executorConfig-version.cmake
[8.943s] -- Up-to-date symlink: /home/dongxu/ros2_ws/src/install/examples_rclcpp_multithreaded_executor/share/examples_rclcpp_multithreaded_executor/package.xml
[8.978s] Invoked command in '/home/dongxu/ros2_ws/src/build/examples_rclcpp_multithreaded_executor' returned '0': CMAKE_PREFIX_PATH=/opt/ros/humble /usr/bin/cmake --install /home/dongxu/ros2_ws/src/build/examples_rclcpp_multithreaded_executor
