[0.054s] Invoking command in '/home/dongxu/ros2_ws/src/build/examples_rclcpp_minimal_action_server': CMAKE_PREFIX_PATH=/opt/ros/humble /usr/bin/cmake --build /home/dongxu/ros2_ws/src/build/examples_rclcpp_minimal_action_server -- -j16 -l16
[1.067s] [ 50%] Built target action_server_not_composable
[1.067s] [100%] Built target action_server_member_functions
[1.086s] Invoked command in '/home/dongxu/ros2_ws/src/build/examples_rclcpp_minimal_action_server' returned '0': CMAKE_PREFIX_PATH=/opt/ros/humble /usr/bin/cmake --build /home/dongxu/ros2_ws/src/build/examples_rclcpp_minimal_action_server -- -j16 -l16
[1.089s] Invoking command in '/home/dongxu/ros2_ws/src/build/examples_rclcpp_minimal_action_server': CMAKE_PREFIX_PATH=/opt/ros/humble /usr/bin/cmake --install /home/dongxu/ros2_ws/src/build/examples_rclcpp_minimal_action_server
[1.140s] -- Install configuration: ""
[1.140s] -- Execute custom install script
[1.141s] -- Up-to-date symlink: /home/dongxu/ros2_ws/src/install/examples_rclcpp_minimal_action_server/lib/examples_rclcpp_minimal_action_server/action_server_not_composable
[1.141s] -- Up-to-date symlink: /home/dongxu/ros2_ws/src/install/examples_rclcpp_minimal_action_server/lib/examples_rclcpp_minimal_action_server/action_server_member_functions
[1.141s] -- Up-to-date symlink: /home/dongxu/ros2_ws/src/install/examples_rclcpp_minimal_action_server/share/ament_index/resource_index/package_run_dependencies/examples_rclcpp_minimal_action_server
[1.142s] -- Up-to-date symlink: /home/dongxu/ros2_ws/src/install/examples_rclcpp_minimal_action_server/share/ament_index/resource_index/parent_prefix_path/examples_rclcpp_minimal_action_server
[1.142s] -- Up-to-date symlink: /home/dongxu/ros2_ws/src/install/examples_rclcpp_minimal_action_server/share/examples_rclcpp_minimal_action_server/environment/ament_prefix_path.sh
[1.142s] -- Up-to-date symlink: /home/dongxu/ros2_ws/src/install/examples_rclcpp_minimal_action_server/share/examples_rclcpp_minimal_action_server/environment/ament_prefix_path.dsv
[1.143s] -- Up-to-date symlink: /home/dongxu/ros2_ws/src/install/examples_rclcpp_minimal_action_server/share/examples_rclcpp_minimal_action_server/environment/path.sh
[1.143s] -- Up-to-date symlink: /home/dongxu/ros2_ws/src/install/examples_rclcpp_minimal_action_server/share/examples_rclcpp_minimal_action_server/environment/path.dsv
[1.143s] -- Up-to-date symlink: /home/dongxu/ros2_ws/src/install/examples_rclcpp_minimal_action_server/share/examples_rclcpp_minimal_action_server/local_setup.bash
[1.144s] -- Up-to-date symlink: /home/dongxu/ros2_ws/src/install/examples_rclcpp_minimal_action_server/share/examples_rclcpp_minimal_action_server/local_setup.sh
[1.144s] -- Up-to-date symlink: /home/dongxu/ros2_ws/src/install/examples_rclcpp_minimal_action_server/share/examples_rclcpp_minimal_action_server/local_setup.zsh
[1.145s] -- Up-to-date symlink: /home/dongxu/ros2_ws/src/install/examples_rclcpp_minimal_action_server/share/examples_rclcpp_minimal_action_server/local_setup.dsv
[1.145s] -- Symlinking: /home/dongxu/ros2_ws/src/install/examples_rclcpp_minimal_action_server/share/examples_rclcpp_minimal_action_server/package.dsv
[1.145s] -- Up-to-date symlink: /home/dongxu/ros2_ws/src/install/examples_rclcpp_minimal_action_server/share/ament_index/resource_index/packages/examples_rclcpp_minimal_action_server
[1.145s] -- Up-to-date symlink: /home/dongxu/ros2_ws/src/install/examples_rclcpp_minimal_action_server/share/examples_rclcpp_minimal_action_server/cmake/examples_rclcpp_minimal_action_serverConfig.cmake
[1.145s] -- Up-to-date symlink: /home/dongxu/ros2_ws/src/install/examples_rclcpp_minimal_action_server/share/examples_rclcpp_minimal_action_server/cmake/examples_rclcpp_minimal_action_serverConfig-version.cmake
[1.145s] -- Up-to-date symlink: /home/dongxu/ros2_ws/src/install/examples_rclcpp_minimal_action_server/share/examples_rclcpp_minimal_action_server/package.xml
[1.188s] Invoked command in '/home/dongxu/ros2_ws/src/build/examples_rclcpp_minimal_action_server' returned '0': CMAKE_PREFIX_PATH=/opt/ros/humble /usr/bin/cmake --install /home/dongxu/ros2_ws/src/build/examples_rclcpp_minimal_action_server
