[1.505s] Invoking command in '/home/dongxu/ros2_ws/src/build/examples_rclpy_executors': PYTHONPATH=/home/dongxu/ros2_ws/src/build/examples_rclpy_executors/prefix_override:/usr/lib/python3/dist-packages/colcon_core/task/python/colcon_distutils_commands:/home/dongxu/ros2_ws/src/install/examples_rclpy_executors/lib/python3.10/site-packages:${PYTHONPATH} /usr/bin/python3 -W ignore:setup.py install is deprecated -W ignore:easy_install command is deprecated setup.py develop --uninstall --editable --build-directory /home/dongxu/ros2_ws/src/build/examples_rclpy_executors/build
[6.959s] running develop
[6.959s] Removing /home/dongxu/ros2_ws/src/install/examples_rclpy_executors/lib/python3.10/site-packages/examples-rclpy-executors.egg-link (link to .)
[6.971s] Invoked command in '/home/dongxu/ros2_ws/src/build/examples_rclpy_executors' returned '0': PYTHONPATH=/home/dongxu/ros2_ws/src/build/examples_rclpy_executors/prefix_override:/usr/lib/python3/dist-packages/colcon_core/task/python/colcon_distutils_commands:/home/dongxu/ros2_ws/src/install/examples_rclpy_executors/lib/python3.10/site-packages:${PYTHONPATH} /usr/bin/python3 -W ignore:setup.py install is deprecated -W ignore:easy_install command is deprecated setup.py develop --uninstall --editable --build-directory /home/dongxu/ros2_ws/src/build/examples_rclpy_executors/build
[6.972s] Invoking command in '/home/dongxu/ros2_ws/src/examples/rclpy/executors': PYTHONPATH=/home/dongxu/ros2_ws/src/build/examples_rclpy_executors/prefix_override:/usr/lib/python3/dist-packages/colcon_core/task/python/colcon_distutils_commands:/home/dongxu/ros2_ws/src/install/examples_rclpy_executors/lib/python3.10/site-packages:${PYTHONPATH} /usr/bin/python3 -W ignore:setup.py install is deprecated -W ignore:easy_install command is deprecated setup.py egg_info --egg-base ../../../build/examples_rclpy_executors build --build-base /home/dongxu/ros2_ws/src/build/examples_rclpy_executors/build install --record /home/dongxu/ros2_ws/src/build/examples_rclpy_executors/install.log --single-version-externally-managed install_data --force
[7.297s] running egg_info
[7.298s] writing ../../../build/examples_rclpy_executors/examples_rclpy_executors.egg-info/PKG-INFO
[7.298s] writing dependency_links to ../../../build/examples_rclpy_executors/examples_rclpy_executors.egg-info/dependency_links.txt
[7.298s] writing entry points to ../../../build/examples_rclpy_executors/examples_rclpy_executors.egg-info/entry_points.txt
[7.299s] writing requirements to ../../../build/examples_rclpy_executors/examples_rclpy_executors.egg-info/requires.txt
[7.299s] writing top-level names to ../../../build/examples_rclpy_executors/examples_rclpy_executors.egg-info/top_level.txt
[7.299s] reading manifest file '../../../build/examples_rclpy_executors/examples_rclpy_executors.egg-info/SOURCES.txt'
[7.299s] writing manifest file '../../../build/examples_rclpy_executors/examples_rclpy_executors.egg-info/SOURCES.txt'
[7.299s] running build
[7.299s] running build_py
[7.299s] running install
[7.299s] running install_lib
[7.299s] creating /home/dongxu/ros2_ws/src/install/examples_rclpy_executors/lib/python3.10/site-packages/examples_rclpy_executors
[7.299s] copying /home/dongxu/ros2_ws/src/build/examples_rclpy_executors/build/lib/examples_rclpy_executors/custom_executor.py -> /home/dongxu/ros2_ws/src/install/examples_rclpy_executors/lib/python3.10/site-packages/examples_rclpy_executors
[7.299s] copying /home/dongxu/ros2_ws/src/build/examples_rclpy_executors/build/lib/examples_rclpy_executors/composed.py -> /home/dongxu/ros2_ws/src/install/examples_rclpy_executors/lib/python3.10/site-packages/examples_rclpy_executors
[7.300s] copying /home/dongxu/ros2_ws/src/build/examples_rclpy_executors/build/lib/examples_rclpy_executors/callback_group.py -> /home/dongxu/ros2_ws/src/install/examples_rclpy_executors/lib/python3.10/site-packages/examples_rclpy_executors
[7.300s] copying /home/dongxu/ros2_ws/src/build/examples_rclpy_executors/build/lib/examples_rclpy_executors/talker.py -> /home/dongxu/ros2_ws/src/install/examples_rclpy_executors/lib/python3.10/site-packages/examples_rclpy_executors
[7.300s] copying /home/dongxu/ros2_ws/src/build/examples_rclpy_executors/build/lib/examples_rclpy_executors/custom_callback_group.py -> /home/dongxu/ros2_ws/src/install/examples_rclpy_executors/lib/python3.10/site-packages/examples_rclpy_executors
[7.300s] copying /home/dongxu/ros2_ws/src/build/examples_rclpy_executors/build/lib/examples_rclpy_executors/__init__.py -> /home/dongxu/ros2_ws/src/install/examples_rclpy_executors/lib/python3.10/site-packages/examples_rclpy_executors
[7.300s] copying /home/dongxu/ros2_ws/src/build/examples_rclpy_executors/build/lib/examples_rclpy_executors/listener.py -> /home/dongxu/ros2_ws/src/install/examples_rclpy_executors/lib/python3.10/site-packages/examples_rclpy_executors
[7.300s] byte-compiling /home/dongxu/ros2_ws/src/install/examples_rclpy_executors/lib/python3.10/site-packages/examples_rclpy_executors/custom_executor.py to custom_executor.cpython-310.pyc
[7.300s] byte-compiling /home/dongxu/ros2_ws/src/install/examples_rclpy_executors/lib/python3.10/site-packages/examples_rclpy_executors/composed.py to composed.cpython-310.pyc
[7.300s] byte-compiling /home/dongxu/ros2_ws/src/install/examples_rclpy_executors/lib/python3.10/site-packages/examples_rclpy_executors/callback_group.py to callback_group.cpython-310.pyc
[7.300s] byte-compiling /home/dongxu/ros2_ws/src/install/examples_rclpy_executors/lib/python3.10/site-packages/examples_rclpy_executors/talker.py to talker.cpython-310.pyc
[7.300s] byte-compiling /home/dongxu/ros2_ws/src/install/examples_rclpy_executors/lib/python3.10/site-packages/examples_rclpy_executors/custom_callback_group.py to custom_callback_group.cpython-310.pyc
[7.300s] byte-compiling /home/dongxu/ros2_ws/src/install/examples_rclpy_executors/lib/python3.10/site-packages/examples_rclpy_executors/__init__.py to __init__.cpython-310.pyc
[7.300s] byte-compiling /home/dongxu/ros2_ws/src/install/examples_rclpy_executors/lib/python3.10/site-packages/examples_rclpy_executors/listener.py to listener.cpython-310.pyc
[7.300s] running install_data
[7.301s] copying resource/examples_rclpy_executors -> /home/dongxu/ros2_ws/src/install/examples_rclpy_executors/share/ament_index/resource_index/packages
[7.301s] copying package.xml -> /home/dongxu/ros2_ws/src/install/examples_rclpy_executors/share/examples_rclpy_executors
[7.301s] running install_egg_info
[7.301s] Copying ../../../build/examples_rclpy_executors/examples_rclpy_executors.egg-info to /home/dongxu/ros2_ws/src/install/examples_rclpy_executors/lib/python3.10/site-packages/examples_rclpy_executors-0.15.4-py3.10.egg-info
[7.301s] running install_scripts
[7.301s] Installing callback_group script to /home/dongxu/ros2_ws/src/install/examples_rclpy_executors/lib/examples_rclpy_executors
[7.302s] Installing composed script to /home/dongxu/ros2_ws/src/install/examples_rclpy_executors/lib/examples_rclpy_executors
[7.302s] Installing custom_callback_group script to /home/dongxu/ros2_ws/src/install/examples_rclpy_executors/lib/examples_rclpy_executors
[7.302s] Installing custom_executor script to /home/dongxu/ros2_ws/src/install/examples_rclpy_executors/lib/examples_rclpy_executors
[7.302s] Installing listener script to /home/dongxu/ros2_ws/src/install/examples_rclpy_executors/lib/examples_rclpy_executors
[7.302s] Installing talker script to /home/dongxu/ros2_ws/src/install/examples_rclpy_executors/lib/examples_rclpy_executors
[7.302s] writing list of installed files to '/home/dongxu/ros2_ws/src/build/examples_rclpy_executors/install.log'
[7.338s] Invoked command in '/home/dongxu/ros2_ws/src/examples/rclpy/executors' returned '0': PYTHONPATH=/home/dongxu/ros2_ws/src/build/examples_rclpy_executors/prefix_override:/usr/lib/python3/dist-packages/colcon_core/task/python/colcon_distutils_commands:/home/dongxu/ros2_ws/src/install/examples_rclpy_executors/lib/python3.10/site-packages:${PYTHONPATH} /usr/bin/python3 -W ignore:setup.py install is deprecated -W ignore:easy_install command is deprecated setup.py egg_info --egg-base ../../../build/examples_rclpy_executors build --build-base /home/dongxu/ros2_ws/src/build/examples_rclpy_executors/build install --record /home/dongxu/ros2_ws/src/build/examples_rclpy_executors/install.log --single-version-externally-managed install_data --force
