[1.873s] Invoking command in '/home/dongxu/ros2_ws/src/build/examples_rclpy_minimal_action_client': PYTHONPATH=/home/dongxu/ros2_ws/src/build/examples_rclpy_minimal_action_client/prefix_override:/usr/lib/python3/dist-packages/colcon_core/task/python/colcon_distutils_commands:/home/dongxu/ros2_ws/src/install/examples_rclpy_minimal_action_client/lib/python3.10/site-packages:${PYTHONPATH} /usr/bin/python3 -W ignore:setup.py install is deprecated -W ignore:easy_install command is deprecated setup.py develop --editable --build-directory /home/dongxu/ros2_ws/src/build/examples_rclpy_minimal_action_client/build --no-deps symlink_data --force
[11.951s] running develop
[11.951s] running egg_info
[11.952s] writing examples_rclpy_minimal_action_client.egg-info/PKG-INFO
[11.952s] writing dependency_links to examples_rclpy_minimal_action_client.egg-info/dependency_links.txt
[11.952s] writing entry points to examples_rclpy_minimal_action_client.egg-info/entry_points.txt
[11.952s] writing requirements to examples_rclpy_minimal_action_client.egg-info/requires.txt
[11.952s] writing top-level names to examples_rclpy_minimal_action_client.egg-info/top_level.txt
[11.952s] reading manifest file 'examples_rclpy_minimal_action_client.egg-info/SOURCES.txt'
[11.952s] writing manifest file 'examples_rclpy_minimal_action_client.egg-info/SOURCES.txt'
[11.952s] running build_ext
[11.952s] Creating /home/dongxu/ros2_ws/src/install/examples_rclpy_minimal_action_client/lib/python3.10/site-packages/examples-rclpy-minimal-action-client.egg-link (link to .)
[11.952s] Installing client script to /home/dongxu/ros2_ws/src/install/examples_rclpy_minimal_action_client/lib/examples_rclpy_minimal_action_client
[11.953s] Installing client_asyncio script to /home/dongxu/ros2_ws/src/install/examples_rclpy_minimal_action_client/lib/examples_rclpy_minimal_action_client
[11.953s] Installing client_cancel script to /home/dongxu/ros2_ws/src/install/examples_rclpy_minimal_action_client/lib/examples_rclpy_minimal_action_client
[11.953s] Installing client_not_composable script to /home/dongxu/ros2_ws/src/install/examples_rclpy_minimal_action_client/lib/examples_rclpy_minimal_action_client
[11.953s] 
[11.953s] Installed /home/dongxu/ros2_ws/src/build/examples_rclpy_minimal_action_client
[11.953s] running symlink_data
[11.953s] symbolically linking /home/dongxu/ros2_ws/src/build/examples_rclpy_minimal_action_client/resource/examples_rclpy_minimal_action_client -> /home/dongxu/ros2_ws/src/install/examples_rclpy_minimal_action_client/share/ament_index/resource_index/packages
[11.953s] symbolically linking /home/dongxu/ros2_ws/src/build/examples_rclpy_minimal_action_client/package.xml -> /home/dongxu/ros2_ws/src/install/examples_rclpy_minimal_action_client/share/examples_rclpy_minimal_action_client
[11.984s] Invoked command in '/home/dongxu/ros2_ws/src/build/examples_rclpy_minimal_action_client' returned '0': PYTHONPATH=/home/dongxu/ros2_ws/src/build/examples_rclpy_minimal_action_client/prefix_override:/usr/lib/python3/dist-packages/colcon_core/task/python/colcon_distutils_commands:/home/dongxu/ros2_ws/src/install/examples_rclpy_minimal_action_client/lib/python3.10/site-packages:${PYTHONPATH} /usr/bin/python3 -W ignore:setup.py install is deprecated -W ignore:easy_install command is deprecated setup.py develop --editable --build-directory /home/dongxu/ros2_ws/src/build/examples_rclpy_minimal_action_client/build --no-deps symlink_data --force
