[0.060s] Invoking command in '/home/dongxu/ros2_ws/src/build/examples_rclcpp_async_client': CMAKE_PREFIX_PATH=/opt/ros/humble /usr/bin/cmake /home/dongxu/ros2_ws/src/examples/rclcpp/services/async_client -DCMAKE_INSTALL_PREFIX=/home/dongxu/ros2_ws/src/install/examples_rclcpp_async_client
[0.961s] -- Found ament_cmake: 1.3.12 (/opt/ros/humble/share/ament_cmake/cmake)
[0.961s] -- Override CMake install command with custom implementation using symlinks instead of copying resources
[0.961s] -- Found example_interfaces: 0.9.3 (/opt/ros/humble/share/example_interfaces/cmake)
[0.961s] -- Found rosidl_generator_c: 3.1.7 (/opt/ros/humble/share/rosidl_generator_c/cmake)
[0.961s] -- Found rosidl_adapter: 3.1.7 (/opt/ros/humble/share/rosidl_adapter/cmake)
[0.962s] -- Found rosidl_generator_cpp: 3.1.7 (/opt/ros/humble/share/rosidl_generator_cpp/cmake)
[0.962s] -- Using all available rosidl_typesupport_c: rosidl_typesupport_fastrtps_c;rosidl_typesupport_introspection_c
[0.962s] -- Using all available rosidl_typesupport_cpp: rosidl_typesupport_fastrtps_cpp;rosidl_typesupport_introspection_cpp
[0.962s] -- Found rclcpp: 16.0.15 (/opt/ros/humble/share/rclcpp/cmake)
[0.962s] -- Found rmw_implementation_cmake: 6.1.2 (/opt/ros/humble/share/rmw_implementation_cmake/cmake)
[0.962s] -- Found rmw_fastrtps_cpp: 6.2.8 (/opt/ros/humble/share/rmw_fastrtps_cpp/cmake)
[8.096s] -- Using RMW implementation 'rmw_fastrtps_cpp' as default
[8.125s] -- Found ament_lint_auto: 0.12.14 (/opt/ros/humble/share/ament_lint_auto/cmake)
[8.171s] -- Added test 'copyright' to check source files copyright and LICENSE
[8.171s] -- Added test 'cppcheck' to perform static code analysis on C / C++ code
[8.171s] -- Configured cppcheck include dirs: 
[8.171s] -- Configured cppcheck exclude dirs and/or files: 
[8.171s] -- Added test 'cpplint' to check C / C++ code against the Google style
[8.171s] -- Configured cpplint exclude dirs and/or files: 
[8.172s] -- Added test 'lint_cmake' to check CMake code style
[8.172s] -- Added test 'uncrustify' to check C / C++ code style
[8.172s] -- Configured uncrustify additional arguments: 
[8.172s] -- Added test 'xmllint' to check XML markup files
[8.174s] -- Configuring done
[8.184s] -- Generating done
[8.186s] -- Build files have been written to: /home/dongxu/ros2_ws/src/build/examples_rclcpp_async_client
[8.758s] Invoked command in '/home/dongxu/ros2_ws/src/build/examples_rclcpp_async_client' returned '0': CMAKE_PREFIX_PATH=/opt/ros/humble /usr/bin/cmake /home/dongxu/ros2_ws/src/examples/rclcpp/services/async_client -DCMAKE_INSTALL_PREFIX=/home/dongxu/ros2_ws/src/install/examples_rclcpp_async_client
[8.759s] Invoking command in '/home/dongxu/ros2_ws/src/build/examples_rclcpp_async_client': CMAKE_PREFIX_PATH=/opt/ros/humble /usr/bin/cmake --build /home/dongxu/ros2_ws/src/build/examples_rclcpp_async_client -- -j16 -l16
[8.928s] [35m[1mConsolidate compiler generated dependencies of target client_main[0m
[8.928s] [100%] Built target client_main
[9.001s] Invoked command in '/home/dongxu/ros2_ws/src/build/examples_rclcpp_async_client' returned '0': CMAKE_PREFIX_PATH=/opt/ros/humble /usr/bin/cmake --build /home/dongxu/ros2_ws/src/build/examples_rclcpp_async_client -- -j16 -l16
[9.002s] Invoking command in '/home/dongxu/ros2_ws/src/build/examples_rclcpp_async_client': CMAKE_PREFIX_PATH=/opt/ros/humble /usr/bin/cmake --install /home/dongxu/ros2_ws/src/build/examples_rclcpp_async_client
[9.005s] -- Install configuration: ""
[9.006s] -- Execute custom install script
[9.006s] -- Up-to-date symlink: /home/dongxu/ros2_ws/src/install/examples_rclcpp_async_client/lib/examples_rclcpp_async_client/client_main
[9.006s] -- Up-to-date symlink: /home/dongxu/ros2_ws/src/install/examples_rclcpp_async_client/share/ament_index/resource_index/package_run_dependencies/examples_rclcpp_async_client
[9.006s] -- Up-to-date symlink: /home/dongxu/ros2_ws/src/install/examples_rclcpp_async_client/share/ament_index/resource_index/parent_prefix_path/examples_rclcpp_async_client
[9.006s] -- Up-to-date symlink: /home/dongxu/ros2_ws/src/install/examples_rclcpp_async_client/share/examples_rclcpp_async_client/environment/ament_prefix_path.sh
[9.007s] -- Up-to-date symlink: /home/dongxu/ros2_ws/src/install/examples_rclcpp_async_client/share/examples_rclcpp_async_client/environment/ament_prefix_path.dsv
[9.007s] -- Up-to-date symlink: /home/dongxu/ros2_ws/src/install/examples_rclcpp_async_client/share/examples_rclcpp_async_client/environment/path.sh
[9.007s] -- Up-to-date symlink: /home/dongxu/ros2_ws/src/install/examples_rclcpp_async_client/share/examples_rclcpp_async_client/environment/path.dsv
[9.007s] -- Up-to-date symlink: /home/dongxu/ros2_ws/src/install/examples_rclcpp_async_client/share/examples_rclcpp_async_client/local_setup.bash
[9.007s] -- Up-to-date symlink: /home/dongxu/ros2_ws/src/install/examples_rclcpp_async_client/share/examples_rclcpp_async_client/local_setup.sh
[9.008s] -- Up-to-date symlink: /home/dongxu/ros2_ws/src/install/examples_rclcpp_async_client/share/examples_rclcpp_async_client/local_setup.zsh
[9.008s] -- Up-to-date symlink: /home/dongxu/ros2_ws/src/install/examples_rclcpp_async_client/share/examples_rclcpp_async_client/local_setup.dsv
[9.008s] -- Symlinking: /home/dongxu/ros2_ws/src/install/examples_rclcpp_async_client/share/examples_rclcpp_async_client/package.dsv
[9.012s] -- Up-to-date symlink: /home/dongxu/ros2_ws/src/install/examples_rclcpp_async_client/share/ament_index/resource_index/packages/examples_rclcpp_async_client
[9.012s] -- Up-to-date symlink: /home/dongxu/ros2_ws/src/install/examples_rclcpp_async_client/share/examples_rclcpp_async_client/cmake/examples_rclcpp_async_clientConfig.cmake
[9.013s] -- Up-to-date symlink: /home/dongxu/ros2_ws/src/install/examples_rclcpp_async_client/share/examples_rclcpp_async_client/cmake/examples_rclcpp_async_clientConfig-version.cmake
[9.014s] -- Up-to-date symlink: /home/dongxu/ros2_ws/src/install/examples_rclcpp_async_client/share/examples_rclcpp_async_client/package.xml
[9.123s] Invoked command in '/home/dongxu/ros2_ws/src/build/examples_rclcpp_async_client' returned '0': CMAKE_PREFIX_PATH=/opt/ros/humble /usr/bin/cmake --install /home/dongxu/ros2_ws/src/build/examples_rclcpp_async_client
