[0.649s] Invoking command in '/home/dongxu/ros2_ws/src/sutd_ws': PYTHONPATH=/home/dongxu/ros2_ws/src/build/sutd_ws/prefix_override:/usr/lib/python3/dist-packages/colcon_core/task/python/colcon_distutils_commands:/home/dongxu/ros2_ws/src/install/sutd_ws/lib/python3.10/site-packages:${PYTHONPATH} /usr/bin/python3 -W ignore:setup.py install is deprecated -W ignore:easy_install command is deprecated setup.py egg_info --egg-base ../build/sutd_ws build --build-base /home/dongxu/ros2_ws/src/build/sutd_ws/build install --record /home/dongxu/ros2_ws/src/build/sutd_ws/install.log --single-version-externally-managed install_data
[0.890s] running egg_info
[0.904s] writing ../build/sutd_ws/sutd_ws.egg-info/PKG-INFO
[0.908s] writing dependency_links to ../build/sutd_ws/sutd_ws.egg-info/dependency_links.txt
[0.908s] writing entry points to ../build/sutd_ws/sutd_ws.egg-info/entry_points.txt
[0.909s] writing requirements to ../build/sutd_ws/sutd_ws.egg-info/requires.txt
[0.909s] writing top-level names to ../build/sutd_ws/sutd_ws.egg-info/top_level.txt
[0.926s] reading manifest file '../build/sutd_ws/sutd_ws.egg-info/SOURCES.txt'
[0.927s] writing manifest file '../build/sutd_ws/sutd_ws.egg-info/SOURCES.txt'
[0.927s] running build
[0.927s] running build_py
[0.927s] copying sutd_ws/keypressed_talker.py -> /home/dongxu/ros2_ws/src/build/sutd_ws/build/lib/sutd_ws
[0.927s] copying sutd_ws/keypressed_listener.py -> /home/dongxu/ros2_ws/src/build/sutd_ws/build/lib/sutd_ws
[0.928s] copying sutd_ws/__init__.py -> /home/dongxu/ros2_ws/src/build/sutd_ws/build/lib/sutd_ws
[0.928s] running install
[0.931s] running install_lib
[0.940s] copying /home/dongxu/ros2_ws/src/build/sutd_ws/build/lib/sutd_ws/keypressed_talker.py -> /home/dongxu/ros2_ws/src/install/sutd_ws/lib/python3.10/site-packages/sutd_ws
[0.940s] copying /home/dongxu/ros2_ws/src/build/sutd_ws/build/lib/sutd_ws/keypressed_listener.py -> /home/dongxu/ros2_ws/src/install/sutd_ws/lib/python3.10/site-packages/sutd_ws
[0.940s] copying /home/dongxu/ros2_ws/src/build/sutd_ws/build/lib/sutd_ws/__init__.py -> /home/dongxu/ros2_ws/src/install/sutd_ws/lib/python3.10/site-packages/sutd_ws
[0.941s] byte-compiling /home/dongxu/ros2_ws/src/install/sutd_ws/lib/python3.10/site-packages/sutd_ws/keypressed_talker.py to keypressed_talker.cpython-310.pyc
[0.942s] byte-compiling /home/dongxu/ros2_ws/src/install/sutd_ws/lib/python3.10/site-packages/sutd_ws/keypressed_listener.py to keypressed_listener.cpython-310.pyc
[0.942s] byte-compiling /home/dongxu/ros2_ws/src/install/sutd_ws/lib/python3.10/site-packages/sutd_ws/__init__.py to __init__.cpython-310.pyc
[0.942s] running install_data
[0.942s] copying resource/sutd_ws -> /home/dongxu/ros2_ws/src/install/sutd_ws/share/ament_index/resource_index/packages
[0.942s] copying package.xml -> /home/dongxu/ros2_ws/src/install/sutd_ws/share/sutd_ws
[0.943s] running install_egg_info
[0.952s] removing '/home/dongxu/ros2_ws/src/install/sutd_ws/lib/python3.10/site-packages/sutd_ws-0.0.0-py3.10.egg-info' (and everything under it)
[0.953s] Copying ../build/sutd_ws/sutd_ws.egg-info to /home/dongxu/ros2_ws/src/install/sutd_ws/lib/python3.10/site-packages/sutd_ws-0.0.0-py3.10.egg-info
[0.954s] running install_scripts
[0.989s] Installing keypressed_listener script to /home/dongxu/ros2_ws/src/install/sutd_ws/lib/sutd_ws
[0.991s] Installing keypressed_talker script to /home/dongxu/ros2_ws/src/install/sutd_ws/lib/sutd_ws
[0.992s] writing list of installed files to '/home/dongxu/ros2_ws/src/build/sutd_ws/install.log'
[1.013s] Invoked command in '/home/dongxu/ros2_ws/src/sutd_ws' returned '0': PYTHONPATH=/home/dongxu/ros2_ws/src/build/sutd_ws/prefix_override:/usr/lib/python3/dist-packages/colcon_core/task/python/colcon_distutils_commands:/home/dongxu/ros2_ws/src/install/sutd_ws/lib/python3.10/site-packages:${PYTHONPATH} /usr/bin/python3 -W ignore:setup.py install is deprecated -W ignore:easy_install command is deprecated setup.py egg_info --egg-base ../build/sutd_ws build --build-base /home/dongxu/ros2_ws/src/build/sutd_ws/build install --record /home/dongxu/ros2_ws/src/build/sutd_ws/install.log --single-version-externally-managed install_data
