[2.418s] Invoking command in '/home/dongxu/ros2_ws/src/build/examples_rclpy_minimal_service': PYTHONPATH=/home/dongxu/ros2_ws/src/build/examples_rclpy_minimal_service/prefix_override:/usr/lib/python3/dist-packages/colcon_core/task/python/colcon_distutils_commands:/home/dongxu/ros2_ws/src/install/examples_rclpy_minimal_service/lib/python3.10/site-packages:${PYTHONPATH} /usr/bin/python3 -W ignore:setup.py install is deprecated -W ignore:easy_install command is deprecated setup.py develop --editable --build-directory /home/dongxu/ros2_ws/src/build/examples_rclpy_minimal_service/build --no-deps symlink_data --force
[3.106s] running develop
[3.214s] running egg_info
[3.214s] writing examples_rclpy_minimal_service.egg-info/PKG-INFO
[3.214s] writing dependency_links to examples_rclpy_minimal_service.egg-info/dependency_links.txt
[3.214s] writing entry points to examples_rclpy_minimal_service.egg-info/entry_points.txt
[3.215s] writing requirements to examples_rclpy_minimal_service.egg-info/requires.txt
[3.215s] writing top-level names to examples_rclpy_minimal_service.egg-info/top_level.txt
[3.219s] reading manifest file 'examples_rclpy_minimal_service.egg-info/SOURCES.txt'
[3.220s] writing manifest file 'examples_rclpy_minimal_service.egg-info/SOURCES.txt'
[3.220s] running build_ext
[3.221s] Creating /home/dongxu/ros2_ws/src/install/examples_rclpy_minimal_service/lib/python3.10/site-packages/examples-rclpy-minimal-service.egg-link (link to .)
[3.223s] Installing service script to /home/dongxu/ros2_ws/src/install/examples_rclpy_minimal_service/lib/examples_rclpy_minimal_service
[3.223s] Installing service_member_function script to /home/dongxu/ros2_ws/src/install/examples_rclpy_minimal_service/lib/examples_rclpy_minimal_service
[3.223s] 
[3.223s] Installed /home/dongxu/ros2_ws/src/build/examples_rclpy_minimal_service
[3.224s] running symlink_data
[3.224s] symbolically linking /home/dongxu/ros2_ws/src/build/examples_rclpy_minimal_service/resource/examples_rclpy_minimal_service -> /home/dongxu/ros2_ws/src/install/examples_rclpy_minimal_service/share/ament_index/resource_index/packages
[3.224s] symbolically linking /home/dongxu/ros2_ws/src/build/examples_rclpy_minimal_service/package.xml -> /home/dongxu/ros2_ws/src/install/examples_rclpy_minimal_service/share/examples_rclpy_minimal_service
[3.339s] Invoked command in '/home/dongxu/ros2_ws/src/build/examples_rclpy_minimal_service' returned '0': PYTHONPATH=/home/dongxu/ros2_ws/src/build/examples_rclpy_minimal_service/prefix_override:/usr/lib/python3/dist-packages/colcon_core/task/python/colcon_distutils_commands:/home/dongxu/ros2_ws/src/install/examples_rclpy_minimal_service/lib/python3.10/site-packages:${PYTHONPATH} /usr/bin/python3 -W ignore:setup.py install is deprecated -W ignore:easy_install command is deprecated setup.py develop --editable --build-directory /home/dongxu/ros2_ws/src/build/examples_rclpy_minimal_service/build --no-deps symlink_data --force
