[0.064s] Invoking command in '/home/dongxu/ros2_ws/src/build/examples_rclcpp_wait_set': CMAKE_PREFIX_PATH=${CMAKE_PREFIX_PATH}:/home/dongxu/ros2_ws/src/install/sutd_ws:/home/dongxu/ros2_ws/src/install/py_pubsub:/home/dongxu/ros2_ws/src/install/launch_testing_examples:/home/dongxu/ros2_ws/src/install/examples_rclpy_pointcloud_publisher:/home/dongxu/ros2_ws/src/install/examples_rclpy_minimal_subscriber:/home/dongxu/ros2_ws/src/install/examples_rclpy_minimal_service:/home/dongxu/ros2_ws/src/install/examples_rclpy_minimal_publisher:/home/dongxu/ros2_ws/src/install/examples_rclpy_minimal_client:/home/dongxu/ros2_ws/src/install/examples_rclpy_minimal_action_server:/home/dongxu/ros2_ws/src/install/examples_rclpy_minimal_action_client:/home/dongxu/ros2_ws/src/install/examples_rclpy_guard_conditions:/home/dongxu/ros2_ws/src/install/examples_rclpy_executors:/home/dongxu/ros2_ws/install/sutd_ws:/home/dongxu/ros2_ws/install/py_pubsub:/home/dongxu/ros2_ws/install/launch_testing_examples:/home/dongxu/ros2_ws/install/examples_rclpy_pointcloud_publisher:/home/dongxu/ros2_ws/install/examples_rclpy_minimal_subscriber:/home/dongxu/ros2_ws/install/examples_rclpy_minimal_service:/home/dongxu/ros2_ws/install/examples_rclpy_minimal_publisher:/home/dongxu/ros2_ws/install/examples_rclpy_minimal_client:/home/dongxu/ros2_ws/install/examples_rclpy_minimal_action_server:/home/dongxu/ros2_ws/install/examples_rclpy_minimal_action_client:/home/dongxu/ros2_ws/install/examples_rclpy_guard_conditions:/home/dongxu/ros2_ws/install/examples_rclpy_executors:/home/dongxu/ros2_ws/src/sutd_ws/install/sutd_ws:/opt/ros/humble /usr/bin/cmake --build /home/dongxu/ros2_ws/src/build/examples_rclcpp_wait_set -- -j16 -l16
[1.098s] [  8%] Built target wait_set_talker
[1.098s] [ 16%] Built target talker
[1.098s] [ 25%] Built target wait_set
[1.098s] [ 33%] Built target wait_set_listener
[1.098s] [ 41%] Built target listener
[1.098s] [ 50%] Built target static_wait_set
[1.099s] [ 58%] Built target wait_set_random_order
[1.099s] [ 75%] Built target wait_set_topics_and_timer
[1.099s] [ 75%] Built target thread_safe_wait_set
[1.099s] [ 83%] Built target wait_set_topics_with_different_rates
[1.099s] [ 91%] Built target executor_random_order
[1.100s] [100%] Built target wait_set_composed
[1.130s] Invoked command in '/home/dongxu/ros2_ws/src/build/examples_rclcpp_wait_set' returned '0': CMAKE_PREFIX_PATH=${CMAKE_PREFIX_PATH}:/home/dongxu/ros2_ws/src/install/sutd_ws:/home/dongxu/ros2_ws/src/install/py_pubsub:/home/dongxu/ros2_ws/src/install/launch_testing_examples:/home/dongxu/ros2_ws/src/install/examples_rclpy_pointcloud_publisher:/home/dongxu/ros2_ws/src/install/examples_rclpy_minimal_subscriber:/home/dongxu/ros2_ws/src/install/examples_rclpy_minimal_service:/home/dongxu/ros2_ws/src/install/examples_rclpy_minimal_publisher:/home/dongxu/ros2_ws/src/install/examples_rclpy_minimal_client:/home/dongxu/ros2_ws/src/install/examples_rclpy_minimal_action_server:/home/dongxu/ros2_ws/src/install/examples_rclpy_minimal_action_client:/home/dongxu/ros2_ws/src/install/examples_rclpy_guard_conditions:/home/dongxu/ros2_ws/src/install/examples_rclpy_executors:/home/dongxu/ros2_ws/install/sutd_ws:/home/dongxu/ros2_ws/install/py_pubsub:/home/dongxu/ros2_ws/install/launch_testing_examples:/home/dongxu/ros2_ws/install/examples_rclpy_pointcloud_publisher:/home/dongxu/ros2_ws/install/examples_rclpy_minimal_subscriber:/home/dongxu/ros2_ws/install/examples_rclpy_minimal_service:/home/dongxu/ros2_ws/install/examples_rclpy_minimal_publisher:/home/dongxu/ros2_ws/install/examples_rclpy_minimal_client:/home/dongxu/ros2_ws/install/examples_rclpy_minimal_action_server:/home/dongxu/ros2_ws/install/examples_rclpy_minimal_action_client:/home/dongxu/ros2_ws/install/examples_rclpy_guard_conditions:/home/dongxu/ros2_ws/install/examples_rclpy_executors:/home/dongxu/ros2_ws/src/sutd_ws/install/sutd_ws:/opt/ros/humble /usr/bin/cmake --build /home/dongxu/ros2_ws/src/build/examples_rclcpp_wait_set -- -j16 -l16
[1.133s] Invoking command in '/home/dongxu/ros2_ws/src/build/examples_rclcpp_wait_set': CMAKE_PREFIX_PATH=${CMAKE_PREFIX_PATH}:/home/dongxu/ros2_ws/src/install/sutd_ws:/home/dongxu/ros2_ws/src/install/py_pubsub:/home/dongxu/ros2_ws/src/install/launch_testing_examples:/home/dongxu/ros2_ws/src/install/examples_rclpy_pointcloud_publisher:/home/dongxu/ros2_ws/src/install/examples_rclpy_minimal_subscriber:/home/dongxu/ros2_ws/src/install/examples_rclpy_minimal_service:/home/dongxu/ros2_ws/src/install/examples_rclpy_minimal_publisher:/home/dongxu/ros2_ws/src/install/examples_rclpy_minimal_client:/home/dongxu/ros2_ws/src/install/examples_rclpy_minimal_action_server:/home/dongxu/ros2_ws/src/install/examples_rclpy_minimal_action_client:/home/dongxu/ros2_ws/src/install/examples_rclpy_guard_conditions:/home/dongxu/ros2_ws/src/install/examples_rclpy_executors:/home/dongxu/ros2_ws/install/sutd_ws:/home/dongxu/ros2_ws/install/py_pubsub:/home/dongxu/ros2_ws/install/launch_testing_examples:/home/dongxu/ros2_ws/install/examples_rclpy_pointcloud_publisher:/home/dongxu/ros2_ws/install/examples_rclpy_minimal_subscriber:/home/dongxu/ros2_ws/install/examples_rclpy_minimal_service:/home/dongxu/ros2_ws/install/examples_rclpy_minimal_publisher:/home/dongxu/ros2_ws/install/examples_rclpy_minimal_client:/home/dongxu/ros2_ws/install/examples_rclpy_minimal_action_server:/home/dongxu/ros2_ws/install/examples_rclpy_minimal_action_client:/home/dongxu/ros2_ws/install/examples_rclpy_guard_conditions:/home/dongxu/ros2_ws/install/examples_rclpy_executors:/home/dongxu/ros2_ws/src/sutd_ws/install/sutd_ws:/opt/ros/humble /usr/bin/cmake --install /home/dongxu/ros2_ws/src/build/examples_rclcpp_wait_set
[1.167s] -- Install configuration: ""
[1.168s] -- Execute custom install script
[1.168s] -- Up-to-date symlink: /home/dongxu/ros2_ws/src/install/examples_rclcpp_wait_set/lib/examples_rclcpp_wait_set/wait_set_talker
[1.168s] -- Up-to-date symlink: /home/dongxu/ros2_ws/src/install/examples_rclcpp_wait_set/lib/examples_rclcpp_wait_set/wait_set_listener
[1.168s] -- Up-to-date symlink: /home/dongxu/ros2_ws/src/install/examples_rclcpp_wait_set/lib/libtalker.so
[1.169s] -- Up-to-date symlink: /home/dongxu/ros2_ws/src/install/examples_rclcpp_wait_set/lib/liblistener.so
[1.169s] -- Up-to-date symlink: /home/dongxu/ros2_ws/src/install/examples_rclcpp_wait_set/lib/examples_rclcpp_wait_set/wait_set
[1.169s] -- Up-to-date symlink: /home/dongxu/ros2_ws/src/install/examples_rclcpp_wait_set/lib/examples_rclcpp_wait_set/static_wait_set
[1.169s] -- Up-to-date symlink: /home/dongxu/ros2_ws/src/install/examples_rclcpp_wait_set/lib/examples_rclcpp_wait_set/thread_safe_wait_set
[1.169s] -- Up-to-date symlink: /home/dongxu/ros2_ws/src/install/examples_rclcpp_wait_set/lib/examples_rclcpp_wait_set/wait_set_topics_and_timer
[1.169s] -- Up-to-date symlink: /home/dongxu/ros2_ws/src/install/examples_rclcpp_wait_set/lib/examples_rclcpp_wait_set/wait_set_random_order
[1.169s] -- Up-to-date symlink: /home/dongxu/ros2_ws/src/install/examples_rclcpp_wait_set/lib/examples_rclcpp_wait_set/executor_random_order
[1.169s] -- Up-to-date symlink: /home/dongxu/ros2_ws/src/install/examples_rclcpp_wait_set/lib/examples_rclcpp_wait_set/wait_set_topics_with_different_rates
[1.169s] -- Up-to-date symlink: /home/dongxu/ros2_ws/src/install/examples_rclcpp_wait_set/lib/examples_rclcpp_wait_set/wait_set_composed
[1.169s] -- Up-to-date symlink: /home/dongxu/ros2_ws/src/install/examples_rclcpp_wait_set/share/ament_index/resource_index/package_run_dependencies/examples_rclcpp_wait_set
[1.169s] -- Up-to-date symlink: /home/dongxu/ros2_ws/src/install/examples_rclcpp_wait_set/share/ament_index/resource_index/parent_prefix_path/examples_rclcpp_wait_set
[1.170s] -- Up-to-date symlink: /home/dongxu/ros2_ws/src/install/examples_rclcpp_wait_set/share/examples_rclcpp_wait_set/environment/ament_prefix_path.sh
[1.170s] -- Up-to-date symlink: /home/dongxu/ros2_ws/src/install/examples_rclcpp_wait_set/share/examples_rclcpp_wait_set/environment/ament_prefix_path.dsv
[1.170s] -- Up-to-date symlink: /home/dongxu/ros2_ws/src/install/examples_rclcpp_wait_set/share/examples_rclcpp_wait_set/environment/path.sh
[1.170s] -- Up-to-date symlink: /home/dongxu/ros2_ws/src/install/examples_rclcpp_wait_set/share/examples_rclcpp_wait_set/environment/path.dsv
[1.170s] -- Up-to-date symlink: /home/dongxu/ros2_ws/src/install/examples_rclcpp_wait_set/share/examples_rclcpp_wait_set/local_setup.bash
[1.170s] -- Up-to-date symlink: /home/dongxu/ros2_ws/src/install/examples_rclcpp_wait_set/share/examples_rclcpp_wait_set/local_setup.sh
[1.170s] -- Up-to-date symlink: /home/dongxu/ros2_ws/src/install/examples_rclcpp_wait_set/share/examples_rclcpp_wait_set/local_setup.zsh
[1.170s] -- Up-to-date symlink: /home/dongxu/ros2_ws/src/install/examples_rclcpp_wait_set/share/examples_rclcpp_wait_set/local_setup.dsv
[1.170s] -- Symlinking: /home/dongxu/ros2_ws/src/install/examples_rclcpp_wait_set/share/examples_rclcpp_wait_set/package.dsv
[1.174s] -- Up-to-date symlink: /home/dongxu/ros2_ws/src/install/examples_rclcpp_wait_set/share/ament_index/resource_index/packages/examples_rclcpp_wait_set
[1.174s] -- Up-to-date symlink: /home/dongxu/ros2_ws/src/install/examples_rclcpp_wait_set/share/ament_index/resource_index/rclcpp_components/examples_rclcpp_wait_set
[1.174s] -- Up-to-date symlink: /home/dongxu/ros2_ws/src/install/examples_rclcpp_wait_set/share/examples_rclcpp_wait_set/cmake/examples_rclcpp_wait_setConfig.cmake
[1.174s] -- Up-to-date symlink: /home/dongxu/ros2_ws/src/install/examples_rclcpp_wait_set/share/examples_rclcpp_wait_set/cmake/examples_rclcpp_wait_setConfig-version.cmake
[1.175s] -- Up-to-date symlink: /home/dongxu/ros2_ws/src/install/examples_rclcpp_wait_set/share/examples_rclcpp_wait_set/package.xml
[1.336s] Invoked command in '/home/dongxu/ros2_ws/src/build/examples_rclcpp_wait_set' returned '0': CMAKE_PREFIX_PATH=${CMAKE_PREFIX_PATH}:/home/dongxu/ros2_ws/src/install/sutd_ws:/home/dongxu/ros2_ws/src/install/py_pubsub:/home/dongxu/ros2_ws/src/install/launch_testing_examples:/home/dongxu/ros2_ws/src/install/examples_rclpy_pointcloud_publisher:/home/dongxu/ros2_ws/src/install/examples_rclpy_minimal_subscriber:/home/dongxu/ros2_ws/src/install/examples_rclpy_minimal_service:/home/dongxu/ros2_ws/src/install/examples_rclpy_minimal_publisher:/home/dongxu/ros2_ws/src/install/examples_rclpy_minimal_client:/home/dongxu/ros2_ws/src/install/examples_rclpy_minimal_action_server:/home/dongxu/ros2_ws/src/install/examples_rclpy_minimal_action_client:/home/dongxu/ros2_ws/src/install/examples_rclpy_guard_conditions:/home/dongxu/ros2_ws/src/install/examples_rclpy_executors:/home/dongxu/ros2_ws/install/sutd_ws:/home/dongxu/ros2_ws/install/py_pubsub:/home/dongxu/ros2_ws/install/launch_testing_examples:/home/dongxu/ros2_ws/install/examples_rclpy_pointcloud_publisher:/home/dongxu/ros2_ws/install/examples_rclpy_minimal_subscriber:/home/dongxu/ros2_ws/install/examples_rclpy_minimal_service:/home/dongxu/ros2_ws/install/examples_rclpy_minimal_publisher:/home/dongxu/ros2_ws/install/examples_rclpy_minimal_client:/home/dongxu/ros2_ws/install/examples_rclpy_minimal_action_server:/home/dongxu/ros2_ws/install/examples_rclpy_minimal_action_client:/home/dongxu/ros2_ws/install/examples_rclpy_guard_conditions:/home/dongxu/ros2_ws/install/examples_rclpy_executors:/home/dongxu/ros2_ws/src/sutd_ws/install/sutd_ws:/opt/ros/humble /usr/bin/cmake --install /home/dongxu/ros2_ws/src/build/examples_rclcpp_wait_set
