running egg_info
creating build/sutd_ws/sutd_ws.egg-info
writing build/sutd_ws/sutd_ws.egg-info/PKG-INFO
writing dependency_links to build/sutd_ws/sutd_ws.egg-info/dependency_links.txt
writing entry points to build/sutd_ws/sutd_ws.egg-info/entry_points.txt
writing requirements to build/sutd_ws/sutd_ws.egg-info/requires.txt
writing top-level names to build/sutd_ws/sutd_ws.egg-info/top_level.txt
writing manifest file 'build/sutd_ws/sutd_ws.egg-info/SOURCES.txt'
reading manifest file 'build/sutd_ws/sutd_ws.egg-info/SOURCES.txt'
writing manifest file 'build/sutd_ws/sutd_ws.egg-info/SOURCES.txt'
running build
running build_py
creating /home/dongxu/ros2_ws/src/sutd_ws/build/sutd_ws/build
creating /home/dongxu/ros2_ws/src/sutd_ws/build/sutd_ws/build/lib
creating /home/dongxu/ros2_ws/src/sutd_ws/build/sutd_ws/build/lib/sutd_ws
copying sutd_ws/keypressed_talker.py -> /home/dongxu/ros2_ws/src/sutd_ws/build/sutd_ws/build/lib/sutd_ws
copying sutd_ws/__init__.py -> /home/dongxu/ros2_ws/src/sutd_ws/build/sutd_ws/build/lib/sutd_ws
running install
running install_lib
creating /home/dongxu/ros2_ws/src/sutd_ws/install/sutd_ws/lib/python3.10/site-packages/sutd_ws
copying /home/dongxu/ros2_ws/src/sutd_ws/build/sutd_ws/build/lib/sutd_ws/keypressed_talker.py -> /home/dongxu/ros2_ws/src/sutd_ws/install/sutd_ws/lib/python3.10/site-packages/sutd_ws
copying /home/dongxu/ros2_ws/src/sutd_ws/build/sutd_ws/build/lib/sutd_ws/__init__.py -> /home/dongxu/ros2_ws/src/sutd_ws/install/sutd_ws/lib/python3.10/site-packages/sutd_ws
byte-compiling /home/dongxu/ros2_ws/src/sutd_ws/install/sutd_ws/lib/python3.10/site-packages/sutd_ws/keypressed_talker.py to keypressed_talker.cpython-310.pyc
byte-compiling /home/dongxu/ros2_ws/src/sutd_ws/install/sutd_ws/lib/python3.10/site-packages/sutd_ws/__init__.py to __init__.cpython-310.pyc
running install_data
creating /home/dongxu/ros2_ws/src/sutd_ws/install/sutd_ws/share/ament_index
creating /home/dongxu/ros2_ws/src/sutd_ws/install/sutd_ws/share/ament_index/resource_index
creating /home/dongxu/ros2_ws/src/sutd_ws/install/sutd_ws/share/ament_index/resource_index/packages
copying resource/sutd_ws -> /home/dongxu/ros2_ws/src/sutd_ws/install/sutd_ws/share/ament_index/resource_index/packages
copying package.xml -> /home/dongxu/ros2_ws/src/sutd_ws/install/sutd_ws/share/sutd_ws
running install_egg_info
Copying build/sutd_ws/sutd_ws.egg-info to /home/dongxu/ros2_ws/src/sutd_ws/install/sutd_ws/lib/python3.10/site-packages/sutd_ws-0.0.0-py3.10.egg-info
running install_scripts
Installing keypressed_talker script to /home/dongxu/ros2_ws/src/sutd_ws/install/sutd_ws/lib/sutd_ws
writing list of installed files to '/home/dongxu/ros2_ws/src/sutd_ws/build/sutd_ws/install.log'
