[0.729s] Invoking command in '/home/dongxu/ros2_ws/src/sutd_ws': PYTHONPATH=/home/dongxu/ros2_ws/src/sutd_ws/build/sutd_ws/prefix_override:/usr/lib/python3/dist-packages/colcon_core/task/python/colcon_distutils_commands:/home/dongxu/ros2_ws/src/sutd_ws/install/sutd_ws/lib/python3.10/site-packages:${PYTHONPATH} /usr/bin/python3 -W ignore:setup.py install is deprecated -W ignore:easy_install command is deprecated setup.py egg_info --egg-base build/sutd_ws build --build-base /home/dongxu/ros2_ws/src/sutd_ws/build/sutd_ws/build install --record /home/dongxu/ros2_ws/src/sutd_ws/build/sutd_ws/install.log --single-version-externally-managed install_data
[0.949s] running egg_info
[0.950s] creating build/sutd_ws/sutd_ws.egg-info
[0.957s] writing build/sutd_ws/sutd_ws.egg-info/PKG-INFO
[0.958s] writing dependency_links to build/sutd_ws/sutd_ws.egg-info/dependency_links.txt
[0.958s] writing entry points to build/sutd_ws/sutd_ws.egg-info/entry_points.txt
[0.958s] writing requirements to build/sutd_ws/sutd_ws.egg-info/requires.txt
[0.958s] writing top-level names to build/sutd_ws/sutd_ws.egg-info/top_level.txt
[0.958s] writing manifest file 'build/sutd_ws/sutd_ws.egg-info/SOURCES.txt'
[0.979s] reading manifest file 'build/sutd_ws/sutd_ws.egg-info/SOURCES.txt'
[0.979s] writing manifest file 'build/sutd_ws/sutd_ws.egg-info/SOURCES.txt'
[0.980s] running build
[0.980s] running build_py
[0.981s] creating /home/dongxu/ros2_ws/src/sutd_ws/build/sutd_ws/build
[0.981s] creating /home/dongxu/ros2_ws/src/sutd_ws/build/sutd_ws/build/lib
[0.981s] creating /home/dongxu/ros2_ws/src/sutd_ws/build/sutd_ws/build/lib/sutd_ws
[0.981s] copying sutd_ws/keypressed_talker.py -> /home/dongxu/ros2_ws/src/sutd_ws/build/sutd_ws/build/lib/sutd_ws
[0.982s] copying sutd_ws/__init__.py -> /home/dongxu/ros2_ws/src/sutd_ws/build/sutd_ws/build/lib/sutd_ws
[0.982s] running install
[0.984s] running install_lib
[0.993s] creating /home/dongxu/ros2_ws/src/sutd_ws/install/sutd_ws/lib/python3.10/site-packages/sutd_ws
[0.993s] copying /home/dongxu/ros2_ws/src/sutd_ws/build/sutd_ws/build/lib/sutd_ws/keypressed_talker.py -> /home/dongxu/ros2_ws/src/sutd_ws/install/sutd_ws/lib/python3.10/site-packages/sutd_ws
[0.993s] copying /home/dongxu/ros2_ws/src/sutd_ws/build/sutd_ws/build/lib/sutd_ws/__init__.py -> /home/dongxu/ros2_ws/src/sutd_ws/install/sutd_ws/lib/python3.10/site-packages/sutd_ws
[0.993s] byte-compiling /home/dongxu/ros2_ws/src/sutd_ws/install/sutd_ws/lib/python3.10/site-packages/sutd_ws/keypressed_talker.py to keypressed_talker.cpython-310.pyc
[0.994s] byte-compiling /home/dongxu/ros2_ws/src/sutd_ws/install/sutd_ws/lib/python3.10/site-packages/sutd_ws/__init__.py to __init__.cpython-310.pyc
[0.994s] running install_data
[0.994s] creating /home/dongxu/ros2_ws/src/sutd_ws/install/sutd_ws/share/ament_index
[0.994s] creating /home/dongxu/ros2_ws/src/sutd_ws/install/sutd_ws/share/ament_index/resource_index
[0.994s] creating /home/dongxu/ros2_ws/src/sutd_ws/install/sutd_ws/share/ament_index/resource_index/packages
[0.994s] copying resource/sutd_ws -> /home/dongxu/ros2_ws/src/sutd_ws/install/sutd_ws/share/ament_index/resource_index/packages
[0.994s] copying package.xml -> /home/dongxu/ros2_ws/src/sutd_ws/install/sutd_ws/share/sutd_ws
[0.994s] running install_egg_info
[1.003s] Copying build/sutd_ws/sutd_ws.egg-info to /home/dongxu/ros2_ws/src/sutd_ws/install/sutd_ws/lib/python3.10/site-packages/sutd_ws-0.0.0-py3.10.egg-info
[1.003s] running install_scripts
[1.038s] Installing keypressed_talker script to /home/dongxu/ros2_ws/src/sutd_ws/install/sutd_ws/lib/sutd_ws
[1.038s] writing list of installed files to '/home/dongxu/ros2_ws/src/sutd_ws/build/sutd_ws/install.log'
[1.062s] Invoked command in '/home/dongxu/ros2_ws/src/sutd_ws' returned '0': PYTHONPATH=/home/dongxu/ros2_ws/src/sutd_ws/build/sutd_ws/prefix_override:/usr/lib/python3/dist-packages/colcon_core/task/python/colcon_distutils_commands:/home/dongxu/ros2_ws/src/sutd_ws/install/sutd_ws/lib/python3.10/site-packages:${PYTHONPATH} /usr/bin/python3 -W ignore:setup.py install is deprecated -W ignore:easy_install command is deprecated setup.py egg_info --egg-base build/sutd_ws build --build-base /home/dongxu/ros2_ws/src/sutd_ws/build/sutd_ws/build install --record /home/dongxu/ros2_ws/src/sutd_ws/build/sutd_ws/install.log --single-version-externally-managed install_data
