[10.603s] Invoking command in '/home/dongxu/ros2_ws/src/examples/rclpy/services/minimal_client': PYTHONPATH=/home/dongxu/ros2_ws/src/build/examples_rclpy_minimal_client/prefix_override:/usr/lib/python3/dist-packages/colcon_core/task/python/colcon_distutils_commands:/home/dongxu/ros2_ws/src/install/examples_rclpy_minimal_client/lib/python3.10/site-packages:${PYTHONPATH} /usr/bin/python3 -W ignore:setup.py install is deprecated -W ignore:easy_install command is deprecated setup.py egg_info --egg-base ../../../../build/examples_rclpy_minimal_client build --build-base /home/dongxu/ros2_ws/src/build/examples_rclpy_minimal_client/build install --record /home/dongxu/ros2_ws/src/build/examples_rclpy_minimal_client/install.log --single-version-externally-managed install_data
[43.930s] running egg_info
[43.980s] creating ../../../../build/examples_rclpy_minimal_client/examples_rclpy_minimal_client.egg-info
[43.980s] writing ../../../../build/examples_rclpy_minimal_client/examples_rclpy_minimal_client.egg-info/PKG-INFO
[43.980s] writing dependency_links to ../../../../build/examples_rclpy_minimal_client/examples_rclpy_minimal_client.egg-info/dependency_links.txt
[43.980s] writing entry points to ../../../../build/examples_rclpy_minimal_client/examples_rclpy_minimal_client.egg-info/entry_points.txt
[43.981s] writing requirements to ../../../../build/examples_rclpy_minimal_client/examples_rclpy_minimal_client.egg-info/requires.txt
[43.981s] writing top-level names to ../../../../build/examples_rclpy_minimal_client/examples_rclpy_minimal_client.egg-info/top_level.txt
[43.981s] writing manifest file '../../../../build/examples_rclpy_minimal_client/examples_rclpy_minimal_client.egg-info/SOURCES.txt'
[43.981s] reading manifest file '../../../../build/examples_rclpy_minimal_client/examples_rclpy_minimal_client.egg-info/SOURCES.txt'
[43.981s] writing manifest file '../../../../build/examples_rclpy_minimal_client/examples_rclpy_minimal_client.egg-info/SOURCES.txt'
[43.981s] running build
[44.042s] running build_py
[44.057s] creating /home/dongxu/ros2_ws/src/build/examples_rclpy_minimal_client/build
[44.086s] creating /home/dongxu/ros2_ws/src/build/examples_rclpy_minimal_client/build/lib
[44.122s] creating /home/dongxu/ros2_ws/src/build/examples_rclpy_minimal_client/build/lib/examples_rclpy_minimal_client
[44.180s] copying examples_rclpy_minimal_client/client_async_callback.py -> /home/dongxu/ros2_ws/src/build/examples_rclpy_minimal_client/build/lib/examples_rclpy_minimal_client
[44.181s] copying examples_rclpy_minimal_client/client_async.py -> /home/dongxu/ros2_ws/src/build/examples_rclpy_minimal_client/build/lib/examples_rclpy_minimal_client
[44.181s] copying examples_rclpy_minimal_client/client_async_member_function.py -> /home/dongxu/ros2_ws/src/build/examples_rclpy_minimal_client/build/lib/examples_rclpy_minimal_client
[44.181s] copying examples_rclpy_minimal_client/client.py -> /home/dongxu/ros2_ws/src/build/examples_rclpy_minimal_client/build/lib/examples_rclpy_minimal_client
[44.181s] copying examples_rclpy_minimal_client/__init__.py -> /home/dongxu/ros2_ws/src/build/examples_rclpy_minimal_client/build/lib/examples_rclpy_minimal_client
[44.181s] running install
[44.181s] running install_lib
[44.181s] creating /home/dongxu/ros2_ws/src/install/examples_rclpy_minimal_client/lib/python3.10/site-packages/examples_rclpy_minimal_client
[44.181s] copying /home/dongxu/ros2_ws/src/build/examples_rclpy_minimal_client/build/lib/examples_rclpy_minimal_client/client_async_callback.py -> /home/dongxu/ros2_ws/src/install/examples_rclpy_minimal_client/lib/python3.10/site-packages/examples_rclpy_minimal_client
[44.186s] copying /home/dongxu/ros2_ws/src/build/examples_rclpy_minimal_client/build/lib/examples_rclpy_minimal_client/client_async.py -> /home/dongxu/ros2_ws/src/install/examples_rclpy_minimal_client/lib/python3.10/site-packages/examples_rclpy_minimal_client
[44.187s] copying /home/dongxu/ros2_ws/src/build/examples_rclpy_minimal_client/build/lib/examples_rclpy_minimal_client/client_async_member_function.py -> /home/dongxu/ros2_ws/src/install/examples_rclpy_minimal_client/lib/python3.10/site-packages/examples_rclpy_minimal_client
[44.187s] copying /home/dongxu/ros2_ws/src/build/examples_rclpy_minimal_client/build/lib/examples_rclpy_minimal_client/client.py -> /home/dongxu/ros2_ws/src/install/examples_rclpy_minimal_client/lib/python3.10/site-packages/examples_rclpy_minimal_client
[44.187s] copying /home/dongxu/ros2_ws/src/build/examples_rclpy_minimal_client/build/lib/examples_rclpy_minimal_client/__init__.py -> /home/dongxu/ros2_ws/src/install/examples_rclpy_minimal_client/lib/python3.10/site-packages/examples_rclpy_minimal_client
[44.188s] byte-compiling /home/dongxu/ros2_ws/src/install/examples_rclpy_minimal_client/lib/python3.10/site-packages/examples_rclpy_minimal_client/client_async_callback.py to client_async_callback.cpython-310.pyc
[44.188s] byte-compiling /home/dongxu/ros2_ws/src/install/examples_rclpy_minimal_client/lib/python3.10/site-packages/examples_rclpy_minimal_client/client_async.py to client_async.cpython-310.pyc
[44.188s] byte-compiling /home/dongxu/ros2_ws/src/install/examples_rclpy_minimal_client/lib/python3.10/site-packages/examples_rclpy_minimal_client/client_async_member_function.py to client_async_member_function.cpython-310.pyc
[44.188s] byte-compiling /home/dongxu/ros2_ws/src/install/examples_rclpy_minimal_client/lib/python3.10/site-packages/examples_rclpy_minimal_client/client.py to client.cpython-310.pyc
[44.188s] byte-compiling /home/dongxu/ros2_ws/src/install/examples_rclpy_minimal_client/lib/python3.10/site-packages/examples_rclpy_minimal_client/__init__.py to __init__.cpython-310.pyc
[44.188s] running install_data
[44.188s] creating /home/dongxu/ros2_ws/src/install/examples_rclpy_minimal_client/share/ament_index
[44.188s] creating /home/dongxu/ros2_ws/src/install/examples_rclpy_minimal_client/share/ament_index/resource_index
[44.188s] creating /home/dongxu/ros2_ws/src/install/examples_rclpy_minimal_client/share/ament_index/resource_index/packages
[44.188s] copying resource/examples_rclpy_minimal_client -> /home/dongxu/ros2_ws/src/install/examples_rclpy_minimal_client/share/ament_index/resource_index/packages
[44.189s] copying package.xml -> /home/dongxu/ros2_ws/src/install/examples_rclpy_minimal_client/share/examples_rclpy_minimal_client
[44.189s] running install_egg_info
[44.189s] Copying ../../../../build/examples_rclpy_minimal_client/examples_rclpy_minimal_client.egg-info to /home/dongxu/ros2_ws/src/install/examples_rclpy_minimal_client/lib/python3.10/site-packages/examples_rclpy_minimal_client-0.15.4-py3.10.egg-info
[44.189s] running install_scripts
[44.189s] Installing client script to /home/dongxu/ros2_ws/src/install/examples_rclpy_minimal_client/lib/examples_rclpy_minimal_client
[44.189s] Installing client_async script to /home/dongxu/ros2_ws/src/install/examples_rclpy_minimal_client/lib/examples_rclpy_minimal_client
[44.189s] Installing client_async_callback script to /home/dongxu/ros2_ws/src/install/examples_rclpy_minimal_client/lib/examples_rclpy_minimal_client
[44.189s] Installing client_async_member_function script to /home/dongxu/ros2_ws/src/install/examples_rclpy_minimal_client/lib/examples_rclpy_minimal_client
[44.189s] writing list of installed files to '/home/dongxu/ros2_ws/src/build/examples_rclpy_minimal_client/install.log'
[44.863s] Invoked command in '/home/dongxu/ros2_ws/src/examples/rclpy/services/minimal_client' returned '0': PYTHONPATH=/home/dongxu/ros2_ws/src/build/examples_rclpy_minimal_client/prefix_override:/usr/lib/python3/dist-packages/colcon_core/task/python/colcon_distutils_commands:/home/dongxu/ros2_ws/src/install/examples_rclpy_minimal_client/lib/python3.10/site-packages:${PYTHONPATH} /usr/bin/python3 -W ignore:setup.py install is deprecated -W ignore:easy_install command is deprecated setup.py egg_info --egg-base ../../../../build/examples_rclpy_minimal_client build --build-base /home/dongxu/ros2_ws/src/build/examples_rclpy_minimal_client/build install --record /home/dongxu/ros2_ws/src/build/examples_rclpy_minimal_client/install.log --single-version-externally-managed install_data
