[0.095s] Invoking command in '/home/dongxu/ros2_ws/src/build/examples_rclcpp_minimal_action_client': CMAKE_PREFIX_PATH=${CMAKE_PREFIX_PATH}:/home/dongxu/ros2_ws/install/sutd_ws:/home/dongxu/ros2_ws/install/py_pubsub:/home/dongxu/ros2_ws/install/launch_testing_examples:/home/dongxu/ros2_ws/install/examples_rclpy_pointcloud_publisher:/home/dongxu/ros2_ws/install/examples_rclpy_minimal_subscriber:/home/dongxu/ros2_ws/install/examples_rclpy_minimal_service:/home/dongxu/ros2_ws/install/examples_rclpy_minimal_publisher:/home/dongxu/ros2_ws/install/examples_rclpy_minimal_client:/home/dongxu/ros2_ws/install/examples_rclpy_minimal_action_server:/home/dongxu/ros2_ws/install/examples_rclpy_minimal_action_client:/home/dongxu/ros2_ws/install/examples_rclpy_guard_conditions:/home/dongxu/ros2_ws/install/examples_rclpy_executors:/opt/ros/humble /usr/bin/cmake /home/dongxu/ros2_ws/src/examples/rclcpp/actions/minimal_action_client -DAMENT_CMAKE_SYMLINK_INSTALL=1 -DCMAKE_INSTALL_PREFIX=/home/dongxu/ros2_ws/src/install/examples_rclcpp_minimal_action_client
[1.215s] -- Found ament_cmake: 1.3.12 (/opt/ros/humble/share/ament_cmake/cmake)
[1.215s] -- Override CMake install command with custom implementation using symlinks instead of copying resources
[1.215s] -- Found example_interfaces: 0.9.3 (/opt/ros/humble/share/example_interfaces/cmake)
[1.215s] -- Found rosidl_generator_c: 3.1.7 (/opt/ros/humble/share/rosidl_generator_c/cmake)
[1.215s] -- Found rosidl_adapter: 3.1.7 (/opt/ros/humble/share/rosidl_adapter/cmake)
[1.215s] -- Found rosidl_generator_cpp: 3.1.7 (/opt/ros/humble/share/rosidl_generator_cpp/cmake)
[1.215s] -- Using all available rosidl_typesupport_c: rosidl_typesupport_fastrtps_c;rosidl_typesupport_introspection_c
[1.215s] -- Using all available rosidl_typesupport_cpp: rosidl_typesupport_fastrtps_cpp;rosidl_typesupport_introspection_cpp
[1.216s] -- Found rclcpp: 16.0.15 (/opt/ros/humble/share/rclcpp/cmake)
[1.216s] -- Found rmw_implementation_cmake: 6.1.2 (/opt/ros/humble/share/rmw_implementation_cmake/cmake)
[1.218s] -- Found rmw_fastrtps_cpp: 6.2.8 (/opt/ros/humble/share/rmw_fastrtps_cpp/cmake)
[14.845s] -- Using RMW implementation 'rmw_fastrtps_cpp' as default
[14.944s] -- Found rclcpp_action: 16.0.15 (/opt/ros/humble/share/rclcpp_action/cmake)
[14.983s] -- Found ament_lint_auto: 0.12.14 (/opt/ros/humble/share/ament_lint_auto/cmake)
[15.140s] -- Added test 'copyright' to check source files copyright and LICENSE
[15.141s] -- Added test 'cppcheck' to perform static code analysis on C / C++ code
[15.142s] -- Configured cppcheck include dirs: 
[15.142s] -- Configured cppcheck exclude dirs and/or files: 
[15.142s] -- Added test 'cpplint' to check C / C++ code against the Google style
[15.143s] -- Configured cpplint exclude dirs and/or files: 
[15.143s] -- Added test 'lint_cmake' to check CMake code style
[15.143s] -- Added test 'uncrustify' to check C / C++ code style
[15.143s] -- Configured uncrustify additional arguments: 
[15.144s] -- Added test 'xmllint' to check XML markup files
[15.145s] -- Configuring done
[15.188s] -- Generating done
[15.202s] -- Build files have been written to: /home/dongxu/ros2_ws/src/build/examples_rclcpp_minimal_action_client
[15.383s] Invoked command in '/home/dongxu/ros2_ws/src/build/examples_rclcpp_minimal_action_client' returned '0': CMAKE_PREFIX_PATH=${CMAKE_PREFIX_PATH}:/home/dongxu/ros2_ws/install/sutd_ws:/home/dongxu/ros2_ws/install/py_pubsub:/home/dongxu/ros2_ws/install/launch_testing_examples:/home/dongxu/ros2_ws/install/examples_rclpy_pointcloud_publisher:/home/dongxu/ros2_ws/install/examples_rclpy_minimal_subscriber:/home/dongxu/ros2_ws/install/examples_rclpy_minimal_service:/home/dongxu/ros2_ws/install/examples_rclpy_minimal_publisher:/home/dongxu/ros2_ws/install/examples_rclpy_minimal_client:/home/dongxu/ros2_ws/install/examples_rclpy_minimal_action_server:/home/dongxu/ros2_ws/install/examples_rclpy_minimal_action_client:/home/dongxu/ros2_ws/install/examples_rclpy_guard_conditions:/home/dongxu/ros2_ws/install/examples_rclpy_executors:/opt/ros/humble /usr/bin/cmake /home/dongxu/ros2_ws/src/examples/rclcpp/actions/minimal_action_client -DAMENT_CMAKE_SYMLINK_INSTALL=1 -DCMAKE_INSTALL_PREFIX=/home/dongxu/ros2_ws/src/install/examples_rclcpp_minimal_action_client
[15.385s] Invoking command in '/home/dongxu/ros2_ws/src/build/examples_rclcpp_minimal_action_client': CMAKE_PREFIX_PATH=${CMAKE_PREFIX_PATH}:/home/dongxu/ros2_ws/install/sutd_ws:/home/dongxu/ros2_ws/install/py_pubsub:/home/dongxu/ros2_ws/install/launch_testing_examples:/home/dongxu/ros2_ws/install/examples_rclpy_pointcloud_publisher:/home/dongxu/ros2_ws/install/examples_rclpy_minimal_subscriber:/home/dongxu/ros2_ws/install/examples_rclpy_minimal_service:/home/dongxu/ros2_ws/install/examples_rclpy_minimal_publisher:/home/dongxu/ros2_ws/install/examples_rclpy_minimal_client:/home/dongxu/ros2_ws/install/examples_rclpy_minimal_action_server:/home/dongxu/ros2_ws/install/examples_rclpy_minimal_action_client:/home/dongxu/ros2_ws/install/examples_rclpy_guard_conditions:/home/dongxu/ros2_ws/install/examples_rclpy_executors:/opt/ros/humble /usr/bin/cmake --build /home/dongxu/ros2_ws/src/build/examples_rclcpp_minimal_action_client -- -j16 -l16
[15.449s] [35m[1mConsolidate compiler generated dependencies of target action_client_member_functions[0m
[15.449s] [35m[1mConsolidate compiler generated dependencies of target action_client_not_composable_with_cancel[0m
[15.451s] [35m[1mConsolidate compiler generated dependencies of target action_client_not_composable_with_feedback[0m
[15.453s] [35m[1mConsolidate compiler generated dependencies of target action_client_not_composable[0m
[15.486s] [ 12%] [32m[1mLinking CXX executable action_client_not_composable_with_cancel[0m
[15.491s] [ 25%] [32m[1mLinking CXX executable action_client_not_composable[0m
[15.494s] [ 37%] [32m[1mLinking CXX executable action_client_member_functions[0m
[15.501s] [ 50%] [32m[1mLinking CXX executable action_client_not_composable_with_feedback[0m
[15.955s] [ 62%] Built target action_client_not_composable_with_cancel
[15.989s] [ 75%] Built target action_client_not_composable_with_feedback
[15.993s] [ 87%] Built target action_client_member_functions
[16.027s] [100%] Built target action_client_not_composable
[16.778s] Invoked command in '/home/dongxu/ros2_ws/src/build/examples_rclcpp_minimal_action_client' returned '0': CMAKE_PREFIX_PATH=${CMAKE_PREFIX_PATH}:/home/dongxu/ros2_ws/install/sutd_ws:/home/dongxu/ros2_ws/install/py_pubsub:/home/dongxu/ros2_ws/install/launch_testing_examples:/home/dongxu/ros2_ws/install/examples_rclpy_pointcloud_publisher:/home/dongxu/ros2_ws/install/examples_rclpy_minimal_subscriber:/home/dongxu/ros2_ws/install/examples_rclpy_minimal_service:/home/dongxu/ros2_ws/install/examples_rclpy_minimal_publisher:/home/dongxu/ros2_ws/install/examples_rclpy_minimal_client:/home/dongxu/ros2_ws/install/examples_rclpy_minimal_action_server:/home/dongxu/ros2_ws/install/examples_rclpy_minimal_action_client:/home/dongxu/ros2_ws/install/examples_rclpy_guard_conditions:/home/dongxu/ros2_ws/install/examples_rclpy_executors:/opt/ros/humble /usr/bin/cmake --build /home/dongxu/ros2_ws/src/build/examples_rclcpp_minimal_action_client -- -j16 -l16
[16.780s] Invoking command in '/home/dongxu/ros2_ws/src/build/examples_rclcpp_minimal_action_client': CMAKE_PREFIX_PATH=${CMAKE_PREFIX_PATH}:/home/dongxu/ros2_ws/install/sutd_ws:/home/dongxu/ros2_ws/install/py_pubsub:/home/dongxu/ros2_ws/install/launch_testing_examples:/home/dongxu/ros2_ws/install/examples_rclpy_pointcloud_publisher:/home/dongxu/ros2_ws/install/examples_rclpy_minimal_subscriber:/home/dongxu/ros2_ws/install/examples_rclpy_minimal_service:/home/dongxu/ros2_ws/install/examples_rclpy_minimal_publisher:/home/dongxu/ros2_ws/install/examples_rclpy_minimal_client:/home/dongxu/ros2_ws/install/examples_rclpy_minimal_action_server:/home/dongxu/ros2_ws/install/examples_rclpy_minimal_action_client:/home/dongxu/ros2_ws/install/examples_rclpy_guard_conditions:/home/dongxu/ros2_ws/install/examples_rclpy_executors:/opt/ros/humble /usr/bin/cmake --install /home/dongxu/ros2_ws/src/build/examples_rclcpp_minimal_action_client
[16.809s] -- Install configuration: ""
[16.809s] -- Execute custom install script
[16.809s] -- Symlinking: /home/dongxu/ros2_ws/src/install/examples_rclcpp_minimal_action_client/lib/examples_rclcpp_minimal_action_client/action_client_member_functions
[16.810s] -- Symlinking: /home/dongxu/ros2_ws/src/install/examples_rclcpp_minimal_action_client/lib/examples_rclcpp_minimal_action_client/action_client_not_composable
[16.813s] -- Symlinking: /home/dongxu/ros2_ws/src/install/examples_rclcpp_minimal_action_client/lib/examples_rclcpp_minimal_action_client/action_client_not_composable_with_cancel
[16.824s] -- Symlinking: /home/dongxu/ros2_ws/src/install/examples_rclcpp_minimal_action_client/lib/examples_rclcpp_minimal_action_client/action_client_not_composable_with_feedback
[16.834s] -- Symlinking: /home/dongxu/ros2_ws/src/install/examples_rclcpp_minimal_action_client/share/ament_index/resource_index/package_run_dependencies/examples_rclcpp_minimal_action_client
[16.845s] -- Symlinking: /home/dongxu/ros2_ws/src/install/examples_rclcpp_minimal_action_client/share/ament_index/resource_index/parent_prefix_path/examples_rclcpp_minimal_action_client
[16.853s] -- Symlinking: /home/dongxu/ros2_ws/src/install/examples_rclcpp_minimal_action_client/share/examples_rclcpp_minimal_action_client/environment/ament_prefix_path.sh
[16.863s] -- Symlinking: /home/dongxu/ros2_ws/src/install/examples_rclcpp_minimal_action_client/share/examples_rclcpp_minimal_action_client/environment/ament_prefix_path.dsv
[16.870s] -- Symlinking: /home/dongxu/ros2_ws/src/install/examples_rclcpp_minimal_action_client/share/examples_rclcpp_minimal_action_client/environment/path.sh
[16.878s] -- Symlinking: /home/dongxu/ros2_ws/src/install/examples_rclcpp_minimal_action_client/share/examples_rclcpp_minimal_action_client/environment/path.dsv
[16.888s] -- Symlinking: /home/dongxu/ros2_ws/src/install/examples_rclcpp_minimal_action_client/share/examples_rclcpp_minimal_action_client/local_setup.bash
[16.896s] -- Symlinking: /home/dongxu/ros2_ws/src/install/examples_rclcpp_minimal_action_client/share/examples_rclcpp_minimal_action_client/local_setup.sh
[16.903s] -- Symlinking: /home/dongxu/ros2_ws/src/install/examples_rclcpp_minimal_action_client/share/examples_rclcpp_minimal_action_client/local_setup.zsh
[16.912s] -- Symlinking: /home/dongxu/ros2_ws/src/install/examples_rclcpp_minimal_action_client/share/examples_rclcpp_minimal_action_client/local_setup.dsv
[16.922s] -- Symlinking: /home/dongxu/ros2_ws/src/install/examples_rclcpp_minimal_action_client/share/examples_rclcpp_minimal_action_client/package.dsv
[16.931s] -- Symlinking: /home/dongxu/ros2_ws/src/install/examples_rclcpp_minimal_action_client/share/ament_index/resource_index/packages/examples_rclcpp_minimal_action_client
[16.939s] -- Symlinking: /home/dongxu/ros2_ws/src/install/examples_rclcpp_minimal_action_client/share/examples_rclcpp_minimal_action_client/cmake/examples_rclcpp_minimal_action_clientConfig.cmake
[16.947s] -- Symlinking: /home/dongxu/ros2_ws/src/install/examples_rclcpp_minimal_action_client/share/examples_rclcpp_minimal_action_client/cmake/examples_rclcpp_minimal_action_clientConfig-version.cmake
[16.958s] -- Symlinking: /home/dongxu/ros2_ws/src/install/examples_rclcpp_minimal_action_client/share/examples_rclcpp_minimal_action_client/package.xml
[16.971s] Invoked command in '/home/dongxu/ros2_ws/src/build/examples_rclcpp_minimal_action_client' returned '0': CMAKE_PREFIX_PATH=${CMAKE_PREFIX_PATH}:/home/dongxu/ros2_ws/install/sutd_ws:/home/dongxu/ros2_ws/install/py_pubsub:/home/dongxu/ros2_ws/install/launch_testing_examples:/home/dongxu/ros2_ws/install/examples_rclpy_pointcloud_publisher:/home/dongxu/ros2_ws/install/examples_rclpy_minimal_subscriber:/home/dongxu/ros2_ws/install/examples_rclpy_minimal_service:/home/dongxu/ros2_ws/install/examples_rclpy_minimal_publisher:/home/dongxu/ros2_ws/install/examples_rclpy_minimal_client:/home/dongxu/ros2_ws/install/examples_rclpy_minimal_action_server:/home/dongxu/ros2_ws/install/examples_rclpy_minimal_action_client:/home/dongxu/ros2_ws/install/examples_rclpy_guard_conditions:/home/dongxu/ros2_ws/install/examples_rclpy_executors:/opt/ros/humble /usr/bin/cmake --install /home/dongxu/ros2_ws/src/build/examples_rclcpp_minimal_action_client
