[0.106s] Invoking command in '/home/dongxu/ros2_ws/src/build/examples_rclcpp_cbg_executor': CMAKE_PREFIX_PATH=${CMAKE_PREFIX_PATH}:/home/dongxu/ros2_ws/install/sutd_ws:/home/dongxu/ros2_ws/install/py_pubsub:/home/dongxu/ros2_ws/install/launch_testing_examples:/home/dongxu/ros2_ws/install/examples_rclpy_pointcloud_publisher:/home/dongxu/ros2_ws/install/examples_rclpy_minimal_subscriber:/home/dongxu/ros2_ws/install/examples_rclpy_minimal_service:/home/dongxu/ros2_ws/install/examples_rclpy_minimal_publisher:/home/dongxu/ros2_ws/install/examples_rclpy_minimal_client:/home/dongxu/ros2_ws/install/examples_rclpy_minimal_action_server:/home/dongxu/ros2_ws/install/examples_rclpy_minimal_action_client:/home/dongxu/ros2_ws/install/examples_rclpy_guard_conditions:/home/dongxu/ros2_ws/install/examples_rclpy_executors:/opt/ros/humble /usr/bin/cmake /home/dongxu/ros2_ws/src/examples/rclcpp/executors/cbg_executor -DCMAKE_INSTALL_PREFIX=/home/dongxu/ros2_ws/src/install/examples_rclcpp_cbg_executor
[1.443s] -- The C compiler identification is GNU 11.4.0
[1.443s] -- The CXX compiler identification is GNU 11.4.0
[1.443s] -- Detecting C compiler ABI info
[1.444s] -- Detecting C compiler ABI info - done
[1.445s] -- Check for working C compiler: /usr/bin/cc - skipped
[1.446s] -- Detecting C compile features
[1.449s] -- Detecting C compile features - done
[1.449s] -- Detecting CXX compiler ABI info
[1.816s] -- Detecting CXX compiler ABI info - done
[1.830s] -- Check for working CXX compiler: /usr/bin/c++ - skipped
[1.831s] -- Detecting CXX compile features
[1.832s] -- Detecting CXX compile features - done
[1.839s] -- Found ament_cmake: 1.3.12 (/opt/ros/humble/share/ament_cmake/cmake)
[2.305s] -- Found Python3: /usr/bin/python3 (found version "3.10.12") found components: Interpreter 
[2.516s] -- Found rclcpp: 16.0.15 (/opt/ros/humble/share/rclcpp/cmake)
[3.077s] -- Found rosidl_generator_c: 3.1.7 (/opt/ros/humble/share/rosidl_generator_c/cmake)
[3.093s] -- Found rosidl_adapter: 3.1.7 (/opt/ros/humble/share/rosidl_adapter/cmake)
[3.112s] -- Found rosidl_generator_cpp: 3.1.7 (/opt/ros/humble/share/rosidl_generator_cpp/cmake)
[3.141s] -- Using all available rosidl_typesupport_c: rosidl_typesupport_fastrtps_c;rosidl_typesupport_introspection_c
[3.180s] -- Using all available rosidl_typesupport_cpp: rosidl_typesupport_fastrtps_cpp;rosidl_typesupport_introspection_cpp
[3.287s] -- Found rmw_implementation_cmake: 6.1.2 (/opt/ros/humble/share/rmw_implementation_cmake/cmake)
[3.294s] -- Found rmw_fastrtps_cpp: 6.2.8 (/opt/ros/humble/share/rmw_fastrtps_cpp/cmake)
[7.012s] -- Found OpenSSL: /usr/lib/x86_64-linux-gnu/libcrypto.so (found version "3.0.2")  
[9.393s] -- Found FastRTPS: /opt/ros/humble/include  
[17.543s] -- Using RMW implementation 'rmw_fastrtps_cpp' as default
[17.688s] -- Looking for pthread.h
[18.902s] -- Looking for pthread.h - found
[18.902s] -- Performing Test CMAKE_HAVE_LIBC_PTHREAD
[19.624s] -- Performing Test CMAKE_HAVE_LIBC_PTHREAD - Success
[19.624s] -- Found Threads: TRUE  
[20.149s] -- Found ament_lint_auto: 0.12.14 (/opt/ros/humble/share/ament_lint_auto/cmake)
[20.964s] -- Added test 'copyright' to check source files copyright and LICENSE
[20.996s] -- Added test 'cppcheck' to perform static code analysis on C / C++ code
[21.001s] -- Configured cppcheck include dirs: /home/dongxu/ros2_ws/src/examples/rclcpp/executors/cbg_executor/include
[21.001s] -- Configured cppcheck exclude dirs and/or files: 
[21.013s] -- Added test 'cpplint' to check C / C++ code against the Google style
[21.013s] -- Configured cpplint exclude dirs and/or files: 
[21.029s] -- Added test 'lint_cmake' to check CMake code style
[21.044s] -- Added test 'uncrustify' to check C / C++ code style
[21.045s] -- Configured uncrustify additional arguments: 
[21.045s] -- Added test 'xmllint' to check XML markup files
[21.090s] -- Configuring done
[21.247s] -- Generating done
[21.295s] -- Build files have been written to: /home/dongxu/ros2_ws/src/build/examples_rclcpp_cbg_executor
[21.372s] Invoked command in '/home/dongxu/ros2_ws/src/build/examples_rclcpp_cbg_executor' returned '0': CMAKE_PREFIX_PATH=${CMAKE_PREFIX_PATH}:/home/dongxu/ros2_ws/install/sutd_ws:/home/dongxu/ros2_ws/install/py_pubsub:/home/dongxu/ros2_ws/install/launch_testing_examples:/home/dongxu/ros2_ws/install/examples_rclpy_pointcloud_publisher:/home/dongxu/ros2_ws/install/examples_rclpy_minimal_subscriber:/home/dongxu/ros2_ws/install/examples_rclpy_minimal_service:/home/dongxu/ros2_ws/install/examples_rclpy_minimal_publisher:/home/dongxu/ros2_ws/install/examples_rclpy_minimal_client:/home/dongxu/ros2_ws/install/examples_rclpy_minimal_action_server:/home/dongxu/ros2_ws/install/examples_rclpy_minimal_action_client:/home/dongxu/ros2_ws/install/examples_rclpy_guard_conditions:/home/dongxu/ros2_ws/install/examples_rclpy_executors:/opt/ros/humble /usr/bin/cmake /home/dongxu/ros2_ws/src/examples/rclcpp/executors/cbg_executor -DCMAKE_INSTALL_PREFIX=/home/dongxu/ros2_ws/src/install/examples_rclcpp_cbg_executor
[21.373s] Invoking command in '/home/dongxu/ros2_ws/src/build/examples_rclcpp_cbg_executor': CMAKE_PREFIX_PATH=${CMAKE_PREFIX_PATH}:/home/dongxu/ros2_ws/install/sutd_ws:/home/dongxu/ros2_ws/install/py_pubsub:/home/dongxu/ros2_ws/install/launch_testing_examples:/home/dongxu/ros2_ws/install/examples_rclpy_pointcloud_publisher:/home/dongxu/ros2_ws/install/examples_rclpy_minimal_subscriber:/home/dongxu/ros2_ws/install/examples_rclpy_minimal_service:/home/dongxu/ros2_ws/install/examples_rclpy_minimal_publisher:/home/dongxu/ros2_ws/install/examples_rclpy_minimal_client:/home/dongxu/ros2_ws/install/examples_rclpy_minimal_action_server:/home/dongxu/ros2_ws/install/examples_rclpy_minimal_action_client:/home/dongxu/ros2_ws/install/examples_rclpy_guard_conditions:/home/dongxu/ros2_ws/install/examples_rclpy_executors:/opt/ros/humble /usr/bin/cmake --build /home/dongxu/ros2_ws/src/build/examples_rclcpp_cbg_executor -- -j16 -l16
[35.009s] [ 10%] [32mBuilding CXX object CMakeFiles/ping.dir/src/ping.cpp.o[0m
[35.010s] [ 20%] [32mBuilding CXX object CMakeFiles/ping.dir/src/examples_rclcpp_cbg_executor/ping_node.cpp.o[0m
[35.010s] [ 30%] [32mBuilding CXX object CMakeFiles/ping_pong.dir/src/ping_pong.cpp.o[0m
[35.010s] [ 40%] [32mBuilding CXX object CMakeFiles/ping_pong.dir/src/examples_rclcpp_cbg_executor/pong_node.cpp.o[0m
[35.010s] [ 50%] [32mBuilding CXX object CMakeFiles/ping_pong.dir/src/examples_rclcpp_cbg_executor/ping_node.cpp.o[0m
[35.010s] [ 60%] [32mBuilding CXX object CMakeFiles/pong.dir/src/examples_rclcpp_cbg_executor/pong_node.cpp.o[0m
[35.010s] [ 70%] [32mBuilding CXX object CMakeFiles/pong.dir/src/pong.cpp.o[0m
[74.133s] [ 80%] [32m[1mLinking CXX executable pong[0m
[75.918s] [ 80%] Built target pong
[75.974s] [ 90%] [32m[1mLinking CXX executable ping_pong[0m
[77.450s] [ 90%] Built target ping_pong
[77.857s] [100%] [32m[1mLinking CXX executable ping[0m
[78.712s] [100%] Built target ping
[78.761s] Invoked command in '/home/dongxu/ros2_ws/src/build/examples_rclcpp_cbg_executor' returned '0': CMAKE_PREFIX_PATH=${CMAKE_PREFIX_PATH}:/home/dongxu/ros2_ws/install/sutd_ws:/home/dongxu/ros2_ws/install/py_pubsub:/home/dongxu/ros2_ws/install/launch_testing_examples:/home/dongxu/ros2_ws/install/examples_rclpy_pointcloud_publisher:/home/dongxu/ros2_ws/install/examples_rclpy_minimal_subscriber:/home/dongxu/ros2_ws/install/examples_rclpy_minimal_service:/home/dongxu/ros2_ws/install/examples_rclpy_minimal_publisher:/home/dongxu/ros2_ws/install/examples_rclpy_minimal_client:/home/dongxu/ros2_ws/install/examples_rclpy_minimal_action_server:/home/dongxu/ros2_ws/install/examples_rclpy_minimal_action_client:/home/dongxu/ros2_ws/install/examples_rclpy_guard_conditions:/home/dongxu/ros2_ws/install/examples_rclpy_executors:/opt/ros/humble /usr/bin/cmake --build /home/dongxu/ros2_ws/src/build/examples_rclcpp_cbg_executor -- -j16 -l16
[78.766s] Invoking command in '/home/dongxu/ros2_ws/src/build/examples_rclcpp_cbg_executor': CMAKE_PREFIX_PATH=${CMAKE_PREFIX_PATH}:/home/dongxu/ros2_ws/install/sutd_ws:/home/dongxu/ros2_ws/install/py_pubsub:/home/dongxu/ros2_ws/install/launch_testing_examples:/home/dongxu/ros2_ws/install/examples_rclpy_pointcloud_publisher:/home/dongxu/ros2_ws/install/examples_rclpy_minimal_subscriber:/home/dongxu/ros2_ws/install/examples_rclpy_minimal_service:/home/dongxu/ros2_ws/install/examples_rclpy_minimal_publisher:/home/dongxu/ros2_ws/install/examples_rclpy_minimal_client:/home/dongxu/ros2_ws/install/examples_rclpy_minimal_action_server:/home/dongxu/ros2_ws/install/examples_rclpy_minimal_action_client:/home/dongxu/ros2_ws/install/examples_rclpy_guard_conditions:/home/dongxu/ros2_ws/install/examples_rclpy_executors:/opt/ros/humble /usr/bin/cmake --install /home/dongxu/ros2_ws/src/build/examples_rclcpp_cbg_executor
[78.779s] -- Install configuration: ""
[78.780s] -- Installing: /home/dongxu/ros2_ws/src/install/examples_rclcpp_cbg_executor/lib/examples_rclcpp_cbg_executor/ping
[78.786s] -- Set runtime path of "/home/dongxu/ros2_ws/src/install/examples_rclcpp_cbg_executor/lib/examples_rclcpp_cbg_executor/ping" to ""
[78.786s] -- Installing: /home/dongxu/ros2_ws/src/install/examples_rclcpp_cbg_executor/lib/examples_rclcpp_cbg_executor/pong
[78.791s] -- Set runtime path of "/home/dongxu/ros2_ws/src/install/examples_rclcpp_cbg_executor/lib/examples_rclcpp_cbg_executor/pong" to ""
[78.791s] -- Installing: /home/dongxu/ros2_ws/src/install/examples_rclcpp_cbg_executor/lib/examples_rclcpp_cbg_executor/ping_pong
[78.797s] -- Set runtime path of "/home/dongxu/ros2_ws/src/install/examples_rclcpp_cbg_executor/lib/examples_rclcpp_cbg_executor/ping_pong" to ""
[78.798s] -- Installing: /home/dongxu/ros2_ws/src/install/examples_rclcpp_cbg_executor/include
[78.798s] -- Installing: /home/dongxu/ros2_ws/src/install/examples_rclcpp_cbg_executor/include/examples_rclcpp_cbg_executor
[78.799s] -- Installing: /home/dongxu/ros2_ws/src/install/examples_rclcpp_cbg_executor/include/examples_rclcpp_cbg_executor/pong_node.hpp
[78.800s] -- Installing: /home/dongxu/ros2_ws/src/install/examples_rclcpp_cbg_executor/include/examples_rclcpp_cbg_executor/ping_node.hpp
[78.802s] -- Installing: /home/dongxu/ros2_ws/src/install/examples_rclcpp_cbg_executor/share/ament_index/resource_index/package_run_dependencies/examples_rclcpp_cbg_executor
[78.803s] -- Installing: /home/dongxu/ros2_ws/src/install/examples_rclcpp_cbg_executor/share/ament_index/resource_index/parent_prefix_path/examples_rclcpp_cbg_executor
[78.804s] -- Installing: /home/dongxu/ros2_ws/src/install/examples_rclcpp_cbg_executor/share/examples_rclcpp_cbg_executor/environment/ament_prefix_path.sh
[78.804s] -- Installing: /home/dongxu/ros2_ws/src/install/examples_rclcpp_cbg_executor/share/examples_rclcpp_cbg_executor/environment/ament_prefix_path.dsv
[78.804s] -- Installing: /home/dongxu/ros2_ws/src/install/examples_rclcpp_cbg_executor/share/examples_rclcpp_cbg_executor/environment/path.sh
[78.805s] -- Installing: /home/dongxu/ros2_ws/src/install/examples_rclcpp_cbg_executor/share/examples_rclcpp_cbg_executor/environment/path.dsv
[78.805s] -- Installing: /home/dongxu/ros2_ws/src/install/examples_rclcpp_cbg_executor/share/examples_rclcpp_cbg_executor/local_setup.bash
[78.806s] -- Installing: /home/dongxu/ros2_ws/src/install/examples_rclcpp_cbg_executor/share/examples_rclcpp_cbg_executor/local_setup.sh
[78.806s] -- Installing: /home/dongxu/ros2_ws/src/install/examples_rclcpp_cbg_executor/share/examples_rclcpp_cbg_executor/local_setup.zsh
[78.807s] -- Installing: /home/dongxu/ros2_ws/src/install/examples_rclcpp_cbg_executor/share/examples_rclcpp_cbg_executor/local_setup.dsv
[78.807s] -- Installing: /home/dongxu/ros2_ws/src/install/examples_rclcpp_cbg_executor/share/examples_rclcpp_cbg_executor/package.dsv
[78.808s] -- Installing: /home/dongxu/ros2_ws/src/install/examples_rclcpp_cbg_executor/share/ament_index/resource_index/packages/examples_rclcpp_cbg_executor
[78.809s] -- Installing: /home/dongxu/ros2_ws/src/install/examples_rclcpp_cbg_executor/share/examples_rclcpp_cbg_executor/cmake/ament_cmake_export_dependencies-extras.cmake
[78.809s] -- Installing: /home/dongxu/ros2_ws/src/install/examples_rclcpp_cbg_executor/share/examples_rclcpp_cbg_executor/cmake/examples_rclcpp_cbg_executorConfig.cmake
[78.810s] -- Installing: /home/dongxu/ros2_ws/src/install/examples_rclcpp_cbg_executor/share/examples_rclcpp_cbg_executor/cmake/examples_rclcpp_cbg_executorConfig-version.cmake
[78.811s] -- Installing: /home/dongxu/ros2_ws/src/install/examples_rclcpp_cbg_executor/share/examples_rclcpp_cbg_executor/package.xml
[78.814s] Invoked command in '/home/dongxu/ros2_ws/src/build/examples_rclcpp_cbg_executor' returned '0': CMAKE_PREFIX_PATH=${CMAKE_PREFIX_PATH}:/home/dongxu/ros2_ws/install/sutd_ws:/home/dongxu/ros2_ws/install/py_pubsub:/home/dongxu/ros2_ws/install/launch_testing_examples:/home/dongxu/ros2_ws/install/examples_rclpy_pointcloud_publisher:/home/dongxu/ros2_ws/install/examples_rclpy_minimal_subscriber:/home/dongxu/ros2_ws/install/examples_rclpy_minimal_service:/home/dongxu/ros2_ws/install/examples_rclpy_minimal_publisher:/home/dongxu/ros2_ws/install/examples_rclpy_minimal_client:/home/dongxu/ros2_ws/install/examples_rclpy_minimal_action_server:/home/dongxu/ros2_ws/install/examples_rclpy_minimal_action_client:/home/dongxu/ros2_ws/install/examples_rclpy_guard_conditions:/home/dongxu/ros2_ws/install/examples_rclpy_executors:/opt/ros/humble /usr/bin/cmake --install /home/dongxu/ros2_ws/src/build/examples_rclcpp_cbg_executor
