[2.651s] Invoking command in '/home/dongxu/ros2_ws/src/examples/rclpy/executors': PYTHONPATH=/home/dongxu/ros2_ws/src/build/examples_rclpy_executors/prefix_override:/usr/lib/python3/dist-packages/colcon_core/task/python/colcon_distutils_commands:/home/dongxu/ros2_ws/src/install/examples_rclpy_executors/lib/python3.10/site-packages:${PYTHONPATH} /usr/bin/python3 -W ignore:setup.py install is deprecated -W ignore:easy_install command is deprecated setup.py egg_info --egg-base ../../../build/examples_rclpy_executors build --build-base /home/dongxu/ros2_ws/src/build/examples_rclpy_executors/build install --record /home/dongxu/ros2_ws/src/build/examples_rclpy_executors/install.log --single-version-externally-managed install_data
[12.044s] running egg_info
[12.046s] creating ../../../build/examples_rclpy_executors/examples_rclpy_executors.egg-info
[12.046s] writing ../../../build/examples_rclpy_executors/examples_rclpy_executors.egg-info/PKG-INFO
[12.047s] writing dependency_links to ../../../build/examples_rclpy_executors/examples_rclpy_executors.egg-info/dependency_links.txt
[12.047s] writing entry points to ../../../build/examples_rclpy_executors/examples_rclpy_executors.egg-info/entry_points.txt
[12.047s] writing requirements to ../../../build/examples_rclpy_executors/examples_rclpy_executors.egg-info/requires.txt
[12.047s] writing top-level names to ../../../build/examples_rclpy_executors/examples_rclpy_executors.egg-info/top_level.txt
[12.047s] writing manifest file '../../../build/examples_rclpy_executors/examples_rclpy_executors.egg-info/SOURCES.txt'
[12.047s] reading manifest file '../../../build/examples_rclpy_executors/examples_rclpy_executors.egg-info/SOURCES.txt'
[12.047s] writing manifest file '../../../build/examples_rclpy_executors/examples_rclpy_executors.egg-info/SOURCES.txt'
[12.048s] running build
[12.048s] running build_py
[12.048s] creating /home/dongxu/ros2_ws/src/build/examples_rclpy_executors/build
[12.048s] creating /home/dongxu/ros2_ws/src/build/examples_rclpy_executors/build/lib
[12.049s] creating /home/dongxu/ros2_ws/src/build/examples_rclpy_executors/build/lib/examples_rclpy_executors
[12.051s] copying examples_rclpy_executors/custom_executor.py -> /home/dongxu/ros2_ws/src/build/examples_rclpy_executors/build/lib/examples_rclpy_executors
[12.058s] copying examples_rclpy_executors/composed.py -> /home/dongxu/ros2_ws/src/build/examples_rclpy_executors/build/lib/examples_rclpy_executors
[12.060s] copying examples_rclpy_executors/callback_group.py -> /home/dongxu/ros2_ws/src/build/examples_rclpy_executors/build/lib/examples_rclpy_executors
[12.061s] copying examples_rclpy_executors/talker.py -> /home/dongxu/ros2_ws/src/build/examples_rclpy_executors/build/lib/examples_rclpy_executors
[12.062s] copying examples_rclpy_executors/custom_callback_group.py -> /home/dongxu/ros2_ws/src/build/examples_rclpy_executors/build/lib/examples_rclpy_executors
[12.062s] copying examples_rclpy_executors/__init__.py -> /home/dongxu/ros2_ws/src/build/examples_rclpy_executors/build/lib/examples_rclpy_executors
[12.062s] copying examples_rclpy_executors/listener.py -> /home/dongxu/ros2_ws/src/build/examples_rclpy_executors/build/lib/examples_rclpy_executors
[12.062s] running install
[12.062s] running install_lib
[12.062s] creating /home/dongxu/ros2_ws/src/install/examples_rclpy_executors/lib/python3.10/site-packages/examples_rclpy_executors
[12.062s] copying /home/dongxu/ros2_ws/src/build/examples_rclpy_executors/build/lib/examples_rclpy_executors/custom_executor.py -> /home/dongxu/ros2_ws/src/install/examples_rclpy_executors/lib/python3.10/site-packages/examples_rclpy_executors
[12.062s] copying /home/dongxu/ros2_ws/src/build/examples_rclpy_executors/build/lib/examples_rclpy_executors/composed.py -> /home/dongxu/ros2_ws/src/install/examples_rclpy_executors/lib/python3.10/site-packages/examples_rclpy_executors
[12.062s] copying /home/dongxu/ros2_ws/src/build/examples_rclpy_executors/build/lib/examples_rclpy_executors/callback_group.py -> /home/dongxu/ros2_ws/src/install/examples_rclpy_executors/lib/python3.10/site-packages/examples_rclpy_executors
[12.063s] copying /home/dongxu/ros2_ws/src/build/examples_rclpy_executors/build/lib/examples_rclpy_executors/talker.py -> /home/dongxu/ros2_ws/src/install/examples_rclpy_executors/lib/python3.10/site-packages/examples_rclpy_executors
[12.063s] copying /home/dongxu/ros2_ws/src/build/examples_rclpy_executors/build/lib/examples_rclpy_executors/custom_callback_group.py -> /home/dongxu/ros2_ws/src/install/examples_rclpy_executors/lib/python3.10/site-packages/examples_rclpy_executors
[12.063s] copying /home/dongxu/ros2_ws/src/build/examples_rclpy_executors/build/lib/examples_rclpy_executors/__init__.py -> /home/dongxu/ros2_ws/src/install/examples_rclpy_executors/lib/python3.10/site-packages/examples_rclpy_executors
[12.063s] copying /home/dongxu/ros2_ws/src/build/examples_rclpy_executors/build/lib/examples_rclpy_executors/listener.py -> /home/dongxu/ros2_ws/src/install/examples_rclpy_executors/lib/python3.10/site-packages/examples_rclpy_executors
[12.063s] byte-compiling /home/dongxu/ros2_ws/src/install/examples_rclpy_executors/lib/python3.10/site-packages/examples_rclpy_executors/custom_executor.py to custom_executor.cpython-310.pyc
[12.063s] byte-compiling /home/dongxu/ros2_ws/src/install/examples_rclpy_executors/lib/python3.10/site-packages/examples_rclpy_executors/composed.py to composed.cpython-310.pyc
[12.063s] byte-compiling /home/dongxu/ros2_ws/src/install/examples_rclpy_executors/lib/python3.10/site-packages/examples_rclpy_executors/callback_group.py to callback_group.cpython-310.pyc
[12.063s] byte-compiling /home/dongxu/ros2_ws/src/install/examples_rclpy_executors/lib/python3.10/site-packages/examples_rclpy_executors/talker.py to talker.cpython-310.pyc
[12.063s] byte-compiling /home/dongxu/ros2_ws/src/install/examples_rclpy_executors/lib/python3.10/site-packages/examples_rclpy_executors/custom_callback_group.py to custom_callback_group.cpython-310.pyc
[12.064s] byte-compiling /home/dongxu/ros2_ws/src/install/examples_rclpy_executors/lib/python3.10/site-packages/examples_rclpy_executors/__init__.py to __init__.cpython-310.pyc
[12.064s] byte-compiling /home/dongxu/ros2_ws/src/install/examples_rclpy_executors/lib/python3.10/site-packages/examples_rclpy_executors/listener.py to listener.cpython-310.pyc
[12.064s] running install_data
[12.064s] creating /home/dongxu/ros2_ws/src/install/examples_rclpy_executors/share/ament_index
[12.064s] creating /home/dongxu/ros2_ws/src/install/examples_rclpy_executors/share/ament_index/resource_index
[12.064s] creating /home/dongxu/ros2_ws/src/install/examples_rclpy_executors/share/ament_index/resource_index/packages
[12.064s] copying resource/examples_rclpy_executors -> /home/dongxu/ros2_ws/src/install/examples_rclpy_executors/share/ament_index/resource_index/packages
[12.064s] copying package.xml -> /home/dongxu/ros2_ws/src/install/examples_rclpy_executors/share/examples_rclpy_executors
[12.064s] running install_egg_info
[12.064s] Copying ../../../build/examples_rclpy_executors/examples_rclpy_executors.egg-info to /home/dongxu/ros2_ws/src/install/examples_rclpy_executors/lib/python3.10/site-packages/examples_rclpy_executors-0.15.4-py3.10.egg-info
[12.065s] running install_scripts
[12.065s] Installing callback_group script to /home/dongxu/ros2_ws/src/install/examples_rclpy_executors/lib/examples_rclpy_executors
[12.065s] Installing composed script to /home/dongxu/ros2_ws/src/install/examples_rclpy_executors/lib/examples_rclpy_executors
[12.065s] Installing custom_callback_group script to /home/dongxu/ros2_ws/src/install/examples_rclpy_executors/lib/examples_rclpy_executors
[12.065s] Installing custom_executor script to /home/dongxu/ros2_ws/src/install/examples_rclpy_executors/lib/examples_rclpy_executors
[12.066s] Installing listener script to /home/dongxu/ros2_ws/src/install/examples_rclpy_executors/lib/examples_rclpy_executors
[12.066s] Installing talker script to /home/dongxu/ros2_ws/src/install/examples_rclpy_executors/lib/examples_rclpy_executors
[12.066s] writing list of installed files to '/home/dongxu/ros2_ws/src/build/examples_rclpy_executors/install.log'
[12.067s] Invoked command in '/home/dongxu/ros2_ws/src/examples/rclpy/executors' returned '0': PYTHONPATH=/home/dongxu/ros2_ws/src/build/examples_rclpy_executors/prefix_override:/usr/lib/python3/dist-packages/colcon_core/task/python/colcon_distutils_commands:/home/dongxu/ros2_ws/src/install/examples_rclpy_executors/lib/python3.10/site-packages:${PYTHONPATH} /usr/bin/python3 -W ignore:setup.py install is deprecated -W ignore:easy_install command is deprecated setup.py egg_info --egg-base ../../../build/examples_rclpy_executors build --build-base /home/dongxu/ros2_ws/src/build/examples_rclpy_executors/build install --record /home/dongxu/ros2_ws/src/build/examples_rclpy_executors/install.log --single-version-externally-managed install_data
