[1.892s] Invoking command in '/home/dongxu/ros2_ws/src/build/examples_rclpy_executors': PYTHONPATH=/home/dongxu/ros2_ws/src/build/examples_rclpy_executors/prefix_override:/usr/lib/python3/dist-packages/colcon_core/task/python/colcon_distutils_commands:/home/dongxu/ros2_ws/src/install/examples_rclpy_executors/lib/python3.10/site-packages:${PYTHONPATH} /usr/bin/python3 -W ignore:setup.py install is deprecated -W ignore:easy_install command is deprecated setup.py develop --editable --build-directory /home/dongxu/ros2_ws/src/build/examples_rclpy_executors/build --no-deps symlink_data --force
[11.967s] running develop
[11.968s] running egg_info
[11.968s] writing examples_rclpy_executors.egg-info/PKG-INFO
[11.968s] writing dependency_links to examples_rclpy_executors.egg-info/dependency_links.txt
[11.968s] writing entry points to examples_rclpy_executors.egg-info/entry_points.txt
[11.968s] writing requirements to examples_rclpy_executors.egg-info/requires.txt
[11.968s] writing top-level names to examples_rclpy_executors.egg-info/top_level.txt
[11.968s] reading manifest file 'examples_rclpy_executors.egg-info/SOURCES.txt'
[11.969s] writing manifest file 'examples_rclpy_executors.egg-info/SOURCES.txt'
[11.969s] running build_ext
[11.969s] Creating /home/dongxu/ros2_ws/src/install/examples_rclpy_executors/lib/python3.10/site-packages/examples-rclpy-executors.egg-link (link to .)
[11.969s] Installing callback_group script to /home/dongxu/ros2_ws/src/install/examples_rclpy_executors/lib/examples_rclpy_executors
[11.969s] Installing composed script to /home/dongxu/ros2_ws/src/install/examples_rclpy_executors/lib/examples_rclpy_executors
[11.969s] Installing custom_callback_group script to /home/dongxu/ros2_ws/src/install/examples_rclpy_executors/lib/examples_rclpy_executors
[11.969s] Installing custom_executor script to /home/dongxu/ros2_ws/src/install/examples_rclpy_executors/lib/examples_rclpy_executors
[11.970s] Installing listener script to /home/dongxu/ros2_ws/src/install/examples_rclpy_executors/lib/examples_rclpy_executors
[11.970s] Installing talker script to /home/dongxu/ros2_ws/src/install/examples_rclpy_executors/lib/examples_rclpy_executors
[11.970s] 
[11.970s] Installed /home/dongxu/ros2_ws/src/build/examples_rclpy_executors
[11.970s] running symlink_data
[11.970s] symbolically linking /home/dongxu/ros2_ws/src/build/examples_rclpy_executors/resource/examples_rclpy_executors -> /home/dongxu/ros2_ws/src/install/examples_rclpy_executors/share/ament_index/resource_index/packages
[11.970s] symbolically linking /home/dongxu/ros2_ws/src/build/examples_rclpy_executors/package.xml -> /home/dongxu/ros2_ws/src/install/examples_rclpy_executors/share/examples_rclpy_executors
[12.014s] Invoked command in '/home/dongxu/ros2_ws/src/build/examples_rclpy_executors' returned '0': PYTHONPATH=/home/dongxu/ros2_ws/src/build/examples_rclpy_executors/prefix_override:/usr/lib/python3/dist-packages/colcon_core/task/python/colcon_distutils_commands:/home/dongxu/ros2_ws/src/install/examples_rclpy_executors/lib/python3.10/site-packages:${PYTHONPATH} /usr/bin/python3 -W ignore:setup.py install is deprecated -W ignore:easy_install command is deprecated setup.py develop --editable --build-directory /home/dongxu/ros2_ws/src/build/examples_rclpy_executors/build --no-deps symlink_data --force
