[0.066s] Invoking command in '/home/dongxu/ros2_ws/src/build/examples_rclcpp_minimal_publisher': CMAKE_PREFIX_PATH=/opt/ros/humble /usr/bin/cmake /home/dongxu/ros2_ws/src/examples/rclcpp/topics/minimal_publisher -DCMAKE_INSTALL_PREFIX=/home/dongxu/ros2_ws/src/install/examples_rclcpp_minimal_publisher
[0.957s] -- Found ament_cmake: 1.3.12 (/opt/ros/humble/share/ament_cmake/cmake)
[0.957s] -- Override CMake install command with custom implementation using symlinks instead of copying resources
[0.957s] -- Found rclcpp: 16.0.15 (/opt/ros/humble/share/rclcpp/cmake)
[0.957s] -- Found rosidl_generator_c: 3.1.7 (/opt/ros/humble/share/rosidl_generator_c/cmake)
[0.958s] -- Found rosidl_adapter: 3.1.7 (/opt/ros/humble/share/rosidl_adapter/cmake)
[0.958s] -- Found rosidl_generator_cpp: 3.1.7 (/opt/ros/humble/share/rosidl_generator_cpp/cmake)
[0.958s] -- Using all available rosidl_typesupport_c: rosidl_typesupport_fastrtps_c;rosidl_typesupport_introspection_c
[0.958s] -- Using all available rosidl_typesupport_cpp: rosidl_typesupport_fastrtps_cpp;rosidl_typesupport_introspection_cpp
[0.958s] -- Found rmw_implementation_cmake: 6.1.2 (/opt/ros/humble/share/rmw_implementation_cmake/cmake)
[0.958s] -- Found rmw_fastrtps_cpp: 6.2.8 (/opt/ros/humble/share/rmw_fastrtps_cpp/cmake)
[6.774s] -- Using RMW implementation 'rmw_fastrtps_cpp' as default
[6.837s] -- Found ament_lint_auto: 0.12.14 (/opt/ros/humble/share/ament_lint_auto/cmake)
[6.916s] -- Added test 'copyright' to check source files copyright and LICENSE
[6.918s] -- Added test 'cppcheck' to perform static code analysis on C / C++ code
[6.919s] -- Configured cppcheck include dirs: 
[6.919s] -- Configured cppcheck exclude dirs and/or files: 
[6.919s] -- Added test 'cpplint' to check C / C++ code against the Google style
[6.919s] -- Configured cpplint exclude dirs and/or files: 
[6.919s] -- Added test 'lint_cmake' to check CMake code style
[6.921s] -- Added test 'uncrustify' to check C / C++ code style
[6.921s] -- Configured uncrustify additional arguments: 
[6.922s] -- Added test 'xmllint' to check XML markup files
[6.923s] -- Configuring done
[6.969s] -- Generating done
[6.974s] -- Build files have been written to: /home/dongxu/ros2_ws/src/build/examples_rclcpp_minimal_publisher
[6.991s] Invoked command in '/home/dongxu/ros2_ws/src/build/examples_rclcpp_minimal_publisher' returned '0': CMAKE_PREFIX_PATH=/opt/ros/humble /usr/bin/cmake /home/dongxu/ros2_ws/src/examples/rclcpp/topics/minimal_publisher -DCMAKE_INSTALL_PREFIX=/home/dongxu/ros2_ws/src/install/examples_rclcpp_minimal_publisher
[6.993s] Invoking command in '/home/dongxu/ros2_ws/src/build/examples_rclcpp_minimal_publisher': CMAKE_PREFIX_PATH=/opt/ros/humble /usr/bin/cmake --build /home/dongxu/ros2_ws/src/build/examples_rclcpp_minimal_publisher -- -j16 -l16
[7.349s] [35m[1mConsolidate compiler generated dependencies of target publisher_lambda[0m
[7.349s] [35m[1mConsolidate compiler generated dependencies of target publisher_wait_for_all_acked[0m
[7.349s] [35m[1mConsolidate compiler generated dependencies of target publisher_member_function_with_type_adapter[0m
[7.349s] [35m[1mConsolidate compiler generated dependencies of target publisher_member_function_with_unique_network_flow_endpoints[0m
[7.350s] [35m[1mConsolidate compiler generated dependencies of target publisher_member_function[0m
[7.350s] [35m[1mConsolidate compiler generated dependencies of target publisher_not_composable[0m
[7.350s] [ 16%] Built target publisher_member_function_with_type_adapter
[7.350s] [ 33%] Built target publisher_wait_for_all_acked
[7.350s] [ 50%] Built target publisher_lambda
[7.350s] [ 66%] Built target publisher_member_function
[7.350s] [ 83%] Built target publisher_not_composable
[7.350s] [100%] Built target publisher_member_function_with_unique_network_flow_endpoints
[7.371s] Invoked command in '/home/dongxu/ros2_ws/src/build/examples_rclcpp_minimal_publisher' returned '0': CMAKE_PREFIX_PATH=/opt/ros/humble /usr/bin/cmake --build /home/dongxu/ros2_ws/src/build/examples_rclcpp_minimal_publisher -- -j16 -l16
[7.372s] Invoking command in '/home/dongxu/ros2_ws/src/build/examples_rclcpp_minimal_publisher': CMAKE_PREFIX_PATH=/opt/ros/humble /usr/bin/cmake --install /home/dongxu/ros2_ws/src/build/examples_rclcpp_minimal_publisher
[7.445s] -- Install configuration: ""
[7.445s] -- Execute custom install script
[7.445s] -- Up-to-date symlink: /home/dongxu/ros2_ws/src/install/examples_rclcpp_minimal_publisher/lib/examples_rclcpp_minimal_publisher/publisher_lambda
[7.445s] -- Up-to-date symlink: /home/dongxu/ros2_ws/src/install/examples_rclcpp_minimal_publisher/lib/examples_rclcpp_minimal_publisher/publisher_member_function
[7.445s] -- Up-to-date symlink: /home/dongxu/ros2_ws/src/install/examples_rclcpp_minimal_publisher/lib/examples_rclcpp_minimal_publisher/publisher_member_function_with_type_adapter
[7.445s] -- Up-to-date symlink: /home/dongxu/ros2_ws/src/install/examples_rclcpp_minimal_publisher/lib/examples_rclcpp_minimal_publisher/publisher_member_function_with_unique_network_flow_endpoints
[7.446s] -- Up-to-date symlink: /home/dongxu/ros2_ws/src/install/examples_rclcpp_minimal_publisher/lib/examples_rclcpp_minimal_publisher/publisher_wait_for_all_acked
[7.446s] -- Up-to-date symlink: /home/dongxu/ros2_ws/src/install/examples_rclcpp_minimal_publisher/lib/examples_rclcpp_minimal_publisher/publisher_not_composable
[7.446s] -- Up-to-date symlink: /home/dongxu/ros2_ws/src/install/examples_rclcpp_minimal_publisher/share/ament_index/resource_index/package_run_dependencies/examples_rclcpp_minimal_publisher
[7.446s] -- Up-to-date symlink: /home/dongxu/ros2_ws/src/install/examples_rclcpp_minimal_publisher/share/ament_index/resource_index/parent_prefix_path/examples_rclcpp_minimal_publisher
[7.447s] -- Up-to-date symlink: /home/dongxu/ros2_ws/src/install/examples_rclcpp_minimal_publisher/share/examples_rclcpp_minimal_publisher/environment/ament_prefix_path.sh
[7.447s] -- Up-to-date symlink: /home/dongxu/ros2_ws/src/install/examples_rclcpp_minimal_publisher/share/examples_rclcpp_minimal_publisher/environment/ament_prefix_path.dsv
[7.447s] -- Up-to-date symlink: /home/dongxu/ros2_ws/src/install/examples_rclcpp_minimal_publisher/share/examples_rclcpp_minimal_publisher/environment/path.sh
[7.448s] -- Up-to-date symlink: /home/dongxu/ros2_ws/src/install/examples_rclcpp_minimal_publisher/share/examples_rclcpp_minimal_publisher/environment/path.dsv
[7.448s] -- Up-to-date symlink: /home/dongxu/ros2_ws/src/install/examples_rclcpp_minimal_publisher/share/examples_rclcpp_minimal_publisher/local_setup.bash
[7.448s] -- Up-to-date symlink: /home/dongxu/ros2_ws/src/install/examples_rclcpp_minimal_publisher/share/examples_rclcpp_minimal_publisher/local_setup.sh
[7.448s] -- Up-to-date symlink: /home/dongxu/ros2_ws/src/install/examples_rclcpp_minimal_publisher/share/examples_rclcpp_minimal_publisher/local_setup.zsh
[7.448s] -- Up-to-date symlink: /home/dongxu/ros2_ws/src/install/examples_rclcpp_minimal_publisher/share/examples_rclcpp_minimal_publisher/local_setup.dsv
[7.449s] -- Symlinking: /home/dongxu/ros2_ws/src/install/examples_rclcpp_minimal_publisher/share/examples_rclcpp_minimal_publisher/package.dsv
[7.449s] -- Up-to-date symlink: /home/dongxu/ros2_ws/src/install/examples_rclcpp_minimal_publisher/share/ament_index/resource_index/packages/examples_rclcpp_minimal_publisher
[7.449s] -- Up-to-date symlink: /home/dongxu/ros2_ws/src/install/examples_rclcpp_minimal_publisher/share/examples_rclcpp_minimal_publisher/cmake/examples_rclcpp_minimal_publisherConfig.cmake
[7.449s] -- Up-to-date symlink: /home/dongxu/ros2_ws/src/install/examples_rclcpp_minimal_publisher/share/examples_rclcpp_minimal_publisher/cmake/examples_rclcpp_minimal_publisherConfig-version.cmake
[7.450s] -- Up-to-date symlink: /home/dongxu/ros2_ws/src/install/examples_rclcpp_minimal_publisher/share/examples_rclcpp_minimal_publisher/package.xml
[7.683s] Invoked command in '/home/dongxu/ros2_ws/src/build/examples_rclcpp_minimal_publisher' returned '0': CMAKE_PREFIX_PATH=/opt/ros/humble /usr/bin/cmake --install /home/dongxu/ros2_ws/src/build/examples_rclcpp_minimal_publisher
