[0.048s] Invoking command in '/home/dongxu/ros2_ws/src/build/examples_rclcpp_minimal_publisher': CMAKE_PREFIX_PATH=/home/dongxu/ros2_ws/src/sutd_ws/install/sutd_ws:/opt/ros/humble /usr/bin/cmake --build /home/dongxu/ros2_ws/src/build/examples_rclcpp_minimal_publisher -- -j16 -l16
[1.036s] [ 16%] Built target publisher_lambda
[1.036s] [ 33%] Built target publisher_wait_for_all_acked
[1.036s] [ 58%] Built target publisher_member_function
[1.036s] [ 66%] Built target publisher_member_function_with_type_adapter
[1.036s] [ 83%] Built target publisher_member_function_with_unique_network_flow_endpoints
[1.036s] [100%] Built target publisher_not_composable
[1.066s] Invoked command in '/home/dongxu/ros2_ws/src/build/examples_rclcpp_minimal_publisher' returned '0': CMAKE_PREFIX_PATH=/home/dongxu/ros2_ws/src/sutd_ws/install/sutd_ws:/opt/ros/humble /usr/bin/cmake --build /home/dongxu/ros2_ws/src/build/examples_rclcpp_minimal_publisher -- -j16 -l16
[1.069s] Invoking command in '/home/dongxu/ros2_ws/src/build/examples_rclcpp_minimal_publisher': CMAKE_PREFIX_PATH=/home/dongxu/ros2_ws/src/sutd_ws/install/sutd_ws:/opt/ros/humble /usr/bin/cmake --install /home/dongxu/ros2_ws/src/build/examples_rclcpp_minimal_publisher
[1.105s] -- Install configuration: ""
[1.105s] -- Execute custom install script
[1.105s] -- Up-to-date symlink: /home/dongxu/ros2_ws/src/install/examples_rclcpp_minimal_publisher/lib/examples_rclcpp_minimal_publisher/publisher_lambda
[1.105s] -- Up-to-date symlink: /home/dongxu/ros2_ws/src/install/examples_rclcpp_minimal_publisher/lib/examples_rclcpp_minimal_publisher/publisher_member_function
[1.105s] -- Up-to-date symlink: /home/dongxu/ros2_ws/src/install/examples_rclcpp_minimal_publisher/lib/examples_rclcpp_minimal_publisher/publisher_member_function_with_type_adapter
[1.105s] -- Up-to-date symlink: /home/dongxu/ros2_ws/src/install/examples_rclcpp_minimal_publisher/lib/examples_rclcpp_minimal_publisher/publisher_member_function_with_unique_network_flow_endpoints
[1.106s] -- Up-to-date symlink: /home/dongxu/ros2_ws/src/install/examples_rclcpp_minimal_publisher/lib/examples_rclcpp_minimal_publisher/publisher_wait_for_all_acked
[1.106s] -- Up-to-date symlink: /home/dongxu/ros2_ws/src/install/examples_rclcpp_minimal_publisher/lib/examples_rclcpp_minimal_publisher/publisher_not_composable
[1.106s] -- Up-to-date symlink: /home/dongxu/ros2_ws/src/install/examples_rclcpp_minimal_publisher/share/ament_index/resource_index/package_run_dependencies/examples_rclcpp_minimal_publisher
[1.106s] -- Up-to-date symlink: /home/dongxu/ros2_ws/src/install/examples_rclcpp_minimal_publisher/share/ament_index/resource_index/parent_prefix_path/examples_rclcpp_minimal_publisher
[1.106s] -- Up-to-date symlink: /home/dongxu/ros2_ws/src/install/examples_rclcpp_minimal_publisher/share/examples_rclcpp_minimal_publisher/environment/ament_prefix_path.sh
[1.106s] -- Up-to-date symlink: /home/dongxu/ros2_ws/src/install/examples_rclcpp_minimal_publisher/share/examples_rclcpp_minimal_publisher/environment/ament_prefix_path.dsv
[1.106s] -- Up-to-date symlink: /home/dongxu/ros2_ws/src/install/examples_rclcpp_minimal_publisher/share/examples_rclcpp_minimal_publisher/environment/path.sh
[1.106s] -- Up-to-date symlink: /home/dongxu/ros2_ws/src/install/examples_rclcpp_minimal_publisher/share/examples_rclcpp_minimal_publisher/environment/path.dsv
[1.106s] -- Up-to-date symlink: /home/dongxu/ros2_ws/src/install/examples_rclcpp_minimal_publisher/share/examples_rclcpp_minimal_publisher/local_setup.bash
[1.106s] -- Up-to-date symlink: /home/dongxu/ros2_ws/src/install/examples_rclcpp_minimal_publisher/share/examples_rclcpp_minimal_publisher/local_setup.sh
[1.106s] -- Up-to-date symlink: /home/dongxu/ros2_ws/src/install/examples_rclcpp_minimal_publisher/share/examples_rclcpp_minimal_publisher/local_setup.zsh
[1.106s] -- Up-to-date symlink: /home/dongxu/ros2_ws/src/install/examples_rclcpp_minimal_publisher/share/examples_rclcpp_minimal_publisher/local_setup.dsv
[1.107s] -- Symlinking: /home/dongxu/ros2_ws/src/install/examples_rclcpp_minimal_publisher/share/examples_rclcpp_minimal_publisher/package.dsv
[1.107s] -- Up-to-date symlink: /home/dongxu/ros2_ws/src/install/examples_rclcpp_minimal_publisher/share/ament_index/resource_index/packages/examples_rclcpp_minimal_publisher
[1.107s] -- Up-to-date symlink: /home/dongxu/ros2_ws/src/install/examples_rclcpp_minimal_publisher/share/examples_rclcpp_minimal_publisher/cmake/examples_rclcpp_minimal_publisherConfig.cmake
[1.107s] -- Up-to-date symlink: /home/dongxu/ros2_ws/src/install/examples_rclcpp_minimal_publisher/share/examples_rclcpp_minimal_publisher/cmake/examples_rclcpp_minimal_publisherConfig-version.cmake
[1.107s] -- Up-to-date symlink: /home/dongxu/ros2_ws/src/install/examples_rclcpp_minimal_publisher/share/examples_rclcpp_minimal_publisher/package.xml
[1.206s] Invoked command in '/home/dongxu/ros2_ws/src/build/examples_rclcpp_minimal_publisher' returned '0': CMAKE_PREFIX_PATH=/home/dongxu/ros2_ws/src/sutd_ws/install/sutd_ws:/opt/ros/humble /usr/bin/cmake --install /home/dongxu/ros2_ws/src/build/examples_rclcpp_minimal_publisher
