[3.289s] Invoking command in '/home/dongxu/ros2_ws/src/examples/rclpy/actions/minimal_action_server': PYTHONPATH=/home/dongxu/ros2_ws/src/build/examples_rclpy_minimal_action_server/prefix_override:/usr/lib/python3/dist-packages/colcon_core/task/python/colcon_distutils_commands:/home/dongxu/ros2_ws/src/install/examples_rclpy_minimal_action_server/lib/python3.10/site-packages:${PYTHONPATH} /usr/bin/python3 -W ignore:setup.py install is deprecated -W ignore:easy_install command is deprecated setup.py egg_info --egg-base ../../../../build/examples_rclpy_minimal_action_server build --build-base /home/dongxu/ros2_ws/src/build/examples_rclpy_minimal_action_server/build install --record /home/dongxu/ros2_ws/src/build/examples_rclpy_minimal_action_server/install.log --single-version-externally-managed install_data
[3.826s] running egg_info
[3.848s] writing ../../../../build/examples_rclpy_minimal_action_server/examples_rclpy_minimal_action_server.egg-info/PKG-INFO
[3.848s] writing dependency_links to ../../../../build/examples_rclpy_minimal_action_server/examples_rclpy_minimal_action_server.egg-info/dependency_links.txt
[3.849s] writing entry points to ../../../../build/examples_rclpy_minimal_action_server/examples_rclpy_minimal_action_server.egg-info/entry_points.txt
[3.849s] writing requirements to ../../../../build/examples_rclpy_minimal_action_server/examples_rclpy_minimal_action_server.egg-info/requires.txt
[3.849s] writing top-level names to ../../../../build/examples_rclpy_minimal_action_server/examples_rclpy_minimal_action_server.egg-info/top_level.txt
[3.911s] reading manifest file '../../../../build/examples_rclpy_minimal_action_server/examples_rclpy_minimal_action_server.egg-info/SOURCES.txt'
[3.914s] writing manifest file '../../../../build/examples_rclpy_minimal_action_server/examples_rclpy_minimal_action_server.egg-info/SOURCES.txt'
[3.915s] running build
[3.915s] running build_py
[3.916s] running install
[3.925s] running install_lib
[3.951s] running install_data
[3.952s] running install_egg_info
[3.976s] removing '/home/dongxu/ros2_ws/src/install/examples_rclpy_minimal_action_server/lib/python3.10/site-packages/examples_rclpy_minimal_action_server-0.15.4-py3.10.egg-info' (and everything under it)
[3.976s] Copying ../../../../build/examples_rclpy_minimal_action_server/examples_rclpy_minimal_action_server.egg-info to /home/dongxu/ros2_ws/src/install/examples_rclpy_minimal_action_server/lib/python3.10/site-packages/examples_rclpy_minimal_action_server-0.15.4-py3.10.egg-info
[3.978s] running install_scripts
[4.076s] Installing server script to /home/dongxu/ros2_ws/src/install/examples_rclpy_minimal_action_server/lib/examples_rclpy_minimal_action_server
[4.076s] Installing server_defer script to /home/dongxu/ros2_ws/src/install/examples_rclpy_minimal_action_server/lib/examples_rclpy_minimal_action_server
[4.076s] Installing server_not_composable script to /home/dongxu/ros2_ws/src/install/examples_rclpy_minimal_action_server/lib/examples_rclpy_minimal_action_server
[4.077s] Installing server_queue_goals script to /home/dongxu/ros2_ws/src/install/examples_rclpy_minimal_action_server/lib/examples_rclpy_minimal_action_server
[4.077s] Installing server_single_goal script to /home/dongxu/ros2_ws/src/install/examples_rclpy_minimal_action_server/lib/examples_rclpy_minimal_action_server
[4.077s] writing list of installed files to '/home/dongxu/ros2_ws/src/build/examples_rclpy_minimal_action_server/install.log'
