[4.088s] Invoking command in '/home/dongxu/ros2_ws/src/examples/rclpy/actions/minimal_action_client': PYTHONPATH=/home/dongxu/ros2_ws/src/build/examples_rclpy_minimal_action_client/prefix_override:/usr/lib/python3/dist-packages/colcon_core/task/python/colcon_distutils_commands:/home/dongxu/ros2_ws/src/install/examples_rclpy_minimal_action_client/lib/python3.10/site-packages:${PYTHONPATH} /usr/bin/python3 -W ignore:setup.py install is deprecated -W ignore:easy_install command is deprecated setup.py egg_info --egg-base ../../../../build/examples_rclpy_minimal_action_client build --build-base /home/dongxu/ros2_ws/src/build/examples_rclpy_minimal_action_client/build install --record /home/dongxu/ros2_ws/src/build/examples_rclpy_minimal_action_client/install.log --single-version-externally-managed install_data
[4.783s] running egg_info
[4.820s] writing ../../../../build/examples_rclpy_minimal_action_client/examples_rclpy_minimal_action_client.egg-info/PKG-INFO
[4.822s] writing dependency_links to ../../../../build/examples_rclpy_minimal_action_client/examples_rclpy_minimal_action_client.egg-info/dependency_links.txt
[4.822s] writing entry points to ../../../../build/examples_rclpy_minimal_action_client/examples_rclpy_minimal_action_client.egg-info/entry_points.txt
[4.823s] writing requirements to ../../../../build/examples_rclpy_minimal_action_client/examples_rclpy_minimal_action_client.egg-info/requires.txt
[4.824s] writing top-level names to ../../../../build/examples_rclpy_minimal_action_client/examples_rclpy_minimal_action_client.egg-info/top_level.txt
[4.889s] reading manifest file '../../../../build/examples_rclpy_minimal_action_client/examples_rclpy_minimal_action_client.egg-info/SOURCES.txt'
[4.891s] writing manifest file '../../../../build/examples_rclpy_minimal_action_client/examples_rclpy_minimal_action_client.egg-info/SOURCES.txt'
[4.891s] running build
[4.891s] running build_py
[4.893s] running install
[4.902s] running install_lib
[4.928s] running install_data
[4.928s] running install_egg_info
[4.953s] removing '/home/dongxu/ros2_ws/src/install/examples_rclpy_minimal_action_client/lib/python3.10/site-packages/examples_rclpy_minimal_action_client-0.15.4-py3.10.egg-info' (and everything under it)
[4.954s] Copying ../../../../build/examples_rclpy_minimal_action_client/examples_rclpy_minimal_action_client.egg-info to /home/dongxu/ros2_ws/src/install/examples_rclpy_minimal_action_client/lib/python3.10/site-packages/examples_rclpy_minimal_action_client-0.15.4-py3.10.egg-info
[4.956s] running install_scripts
[5.065s] Installing client script to /home/dongxu/ros2_ws/src/install/examples_rclpy_minimal_action_client/lib/examples_rclpy_minimal_action_client
[5.065s] Installing client_asyncio script to /home/dongxu/ros2_ws/src/install/examples_rclpy_minimal_action_client/lib/examples_rclpy_minimal_action_client
[5.066s] Installing client_cancel script to /home/dongxu/ros2_ws/src/install/examples_rclpy_minimal_action_client/lib/examples_rclpy_minimal_action_client
[5.066s] Installing client_not_composable script to /home/dongxu/ros2_ws/src/install/examples_rclpy_minimal_action_client/lib/examples_rclpy_minimal_action_client
[5.067s] writing list of installed files to '/home/dongxu/ros2_ws/src/build/examples_rclpy_minimal_action_client/install.log'
