[3.293s] Invoking command in '/home/dongxu/ros2_ws/src/examples/rclpy/guard_conditions': PYTHONPATH=/home/dongxu/ros2_ws/src/build/examples_rclpy_guard_conditions/prefix_override:/usr/lib/python3/dist-packages/colcon_core/task/python/colcon_distutils_commands:/home/dongxu/ros2_ws/src/install/examples_rclpy_guard_conditions/lib/python3.10/site-packages:${PYTHONPATH} /usr/bin/python3 -W ignore:setup.py install is deprecated -W ignore:easy_install command is deprecated setup.py egg_info --egg-base ../../../build/examples_rclpy_guard_conditions build --build-base /home/dongxu/ros2_ws/src/build/examples_rclpy_guard_conditions/build install --record /home/dongxu/ros2_ws/src/build/examples_rclpy_guard_conditions/install.log --single-version-externally-managed install_data
[3.807s] running egg_info
[3.836s] writing ../../../build/examples_rclpy_guard_conditions/examples_rclpy_guard_conditions.egg-info/PKG-INFO
[3.837s] writing dependency_links to ../../../build/examples_rclpy_guard_conditions/examples_rclpy_guard_conditions.egg-info/dependency_links.txt
[3.837s] writing entry points to ../../../build/examples_rclpy_guard_conditions/examples_rclpy_guard_conditions.egg-info/entry_points.txt
[3.837s] writing requirements to ../../../build/examples_rclpy_guard_conditions/examples_rclpy_guard_conditions.egg-info/requires.txt
[3.838s] writing top-level names to ../../../build/examples_rclpy_guard_conditions/examples_rclpy_guard_conditions.egg-info/top_level.txt
[3.902s] reading manifest file '../../../build/examples_rclpy_guard_conditions/examples_rclpy_guard_conditions.egg-info/SOURCES.txt'
[3.905s] writing manifest file '../../../build/examples_rclpy_guard_conditions/examples_rclpy_guard_conditions.egg-info/SOURCES.txt'
[3.905s] running build
[3.906s] running build_py
[3.906s] running install
[3.915s] running install_lib
[3.941s] running install_data
[3.941s] running install_egg_info
[3.958s] removing '/home/dongxu/ros2_ws/src/install/examples_rclpy_guard_conditions/lib/python3.10/site-packages/examples_rclpy_guard_conditions-0.15.4-py3.10.egg-info' (and everything under it)
[3.958s] Copying ../../../build/examples_rclpy_guard_conditions/examples_rclpy_guard_conditions.egg-info to /home/dongxu/ros2_ws/src/install/examples_rclpy_guard_conditions/lib/python3.10/site-packages/examples_rclpy_guard_conditions-0.15.4-py3.10.egg-info
[3.959s] running install_scripts
[4.049s] Installing trigger_guard_condition script to /home/dongxu/ros2_ws/src/install/examples_rclpy_guard_conditions/lib/examples_rclpy_guard_conditions
[4.049s] writing list of installed files to '/home/dongxu/ros2_ws/src/build/examples_rclpy_guard_conditions/install.log'
